This is pdfTeX, Version 3.1415926-2.3-1.40.12 (MiKTeX 2.9) (preloaded format=pdflatex 2021.10.21)  7 APR 2026 16:25
entering extended mode
**Shlenev*2025*–њ—А–∞–≤–Ї–Є.tex

("C:\Users\–Я–Њ–ї—М–Ј–Њ–≤–∞—В–µ–ї—М\Documents\GitHub\Review\JETP 2025\Shlenev 2
025 –њ—А–∞–≤–Ї–Є.tex"
LaTeX2e <2011/06/27>
Babel <v3.8m> and hyphenation patterns for english, afrikaans, ancientgreek, ar
abic, armenian, assamese, basque, bengali, bokmal, bulgarian, catalan, coptic, 
croatian, czech, danish, dutch, esperanto, estonian, farsi, finnish, french, ga
lician, german, german-x-2009-06-19, greek, gujarati, hindi, hungarian, iceland
ic, indonesian, interlingua, irish, italian, kannada, kurmanji, lao, latin, lat
vian, lithuanian, malayalam, marathi, mongolian, mongolianlmc, monogreek, ngerm
an, ngerman-x-2009-06-19, nynorsk, oriya, panjabi, pinyin, polish, portuguese, 
romanian, russian, sanskrit, serbian, slovak, slovenian, spanish, swedish, swis
sgerman, tamil, telugu, turkish, turkmen, ukenglish, ukrainian, uppersorbian, u
senglishmax, welsh, loaded.
("C:\Users\–Я–Њ–ї—М–Ј–Њ–≤–∞—В–µ–ї—М\Documents\GitHub\Review\JETP 2025\jetp.cls"
Document Class: jetp 2015/12/20 v5.2 JETP document class
\JETPCP=\count79
("C:\Program Files (x86)\MiKTeX 2.9\tex\latex\ams\math\amsmath.sty"
Package: amsmath 2000/07/18 v2.13 AMS math features
\@mathmargin=\skip41

For additional information on amsmath, use the `?' option.
("C:\Program Files (x86)\MiKTeX 2.9\tex\latex\ams\math\amstext.sty"
Package: amstext 2000/06/29 v2.01

("C:\Program Files (x86)\MiKTeX 2.9\tex\latex\ams\math\amsgen.sty"
File: amsgen.sty 1999/11/30 v2.0
\@emptytoks=\toks14
\ex@=\dimen102
))
("C:\Program Files (x86)\MiKTeX 2.9\tex\latex\ams\math\amsbsy.sty"
Package: amsbsy 1999/11/29 v1.2d
\pmbraise@=\dimen103
)
("C:\Program Files (x86)\MiKTeX 2.9\tex\latex\ams\math\amsopn.sty"
Package: amsopn 1999/12/14 v2.01 operator names
)
\inf@bad=\count80
LaTeX Info: Redefining \frac on input line 211.
\uproot@=\count81
\leftroot@=\count82
LaTeX Info: Redefining \overline on input line 307.
\classnum@=\count83
\DOTSCASE@=\count84
LaTeX Info: Redefining \ldots on input line 379.
LaTeX Info: Redefining \dots on input line 382.
LaTeX Info: Redefining \cdots on input line 467.
\Mathstrutbox@=\box26
\strutbox@=\box27
\big@size=\dimen104
LaTeX Font Info:    Redeclaring font encoding OML on input line 567.
LaTeX Font Info:    Redeclaring font encoding OMS on input line 568.
\macc@depth=\count85
\c@MaxMatrixCols=\count86
\dotsspace@=\muskip10
\c@parentequation=\count87
\dspbrk@lvl=\count88
\tag@help=\toks15
\row@=\count89
\column@=\count90
\maxfields@=\count91
\andhelp@=\toks16
\eqnshift@=\dimen105
\alignsep@=\dimen106
\tagshift@=\dimen107
\tagwidth@=\dimen108
\totwidth@=\dimen109
\lineht@=\dimen110
\@envbody=\toks17
\multlinegap=\skip42
\multlinetaggap=\skip43
\mathdisplay@stack=\toks18
LaTeX Info: Redefining \[ on input line 2666.
LaTeX Info: Redefining \] on input line 2667.
)
("C:\Program Files (x86)\MiKTeX 2.9\tex\latex\amsfonts\amssymb.sty"
Package: amssymb 2009/06/22 v3.00

("C:\Program Files (x86)\MiKTeX 2.9\tex\latex\amsfonts\amsfonts.sty"
Package: amsfonts 2009/06/22 v3.00 Basic AMSFonts support
\symAMSa=\mathgroup4
\symAMSb=\mathgroup5
LaTeX Font Info:    Overwriting math alphabet `\mathfrak' in version `bold'
(Font)                  U/euf/m/n --> U/euf/b/n on input line 96.
))
("C:\Program Files (x86)\MiKTeX 2.9\tex\latex\textcase\textcase.sty"
Package: textcase 2004/10/07 v0.07 Text only upper/lower case changing (DPC)
)
("C:\Program Files (x86)\MiKTeX 2.9\tex\latex\tools\bm.sty"
Package: bm 2004/02/26 v1.1c Bold Symbol Support (DPC/FMi)
\symboldoperators=\mathgroup6
\symboldletters=\mathgroup7
\symboldsymbols=\mathgroup8
LaTeX Font Info:    Redeclaring math alphabet \mathbf on input line 138.
LaTeX Info: Redefining \bm on input line 204.
)
("C:\Program Files (x86)\MiKTeX 2.9\tex\latex\tools\multicol.sty"
Package: multicol 2011/06/27 v1.7a multicolumn formatting (FMi)
\c@tracingmulticols=\count92
\mult@box=\box28
\multicol@leftmargin=\dimen111
\c@unbalance=\count93
\c@collectmore=\count94
\doublecol@number=\count95
\multicoltolerance=\count96
\multicolpretolerance=\count97
\full@width=\dimen112
\page@free=\dimen113
\premulticols=\dimen114
\postmulticols=\dimen115
\multicolsep=\skip44
\multicolbaselineskip=\skip45
\partial@page=\box29
\last@line=\box30
\mult@rightbox=\box31
\mult@grightbox=\box32
\mult@gfirstbox=\box33
\mult@firstbox=\box34
\@tempa=\box35
\@tempa=\box36
\@tempa=\box37
\@tempa=\box38
\@tempa=\box39
\@tempa=\box40
\@tempa=\box41
\@tempa=\box42
\@tempa=\box43
\@tempa=\box44
\@tempa=\box45
\@tempa=\box46
\@tempa=\box47
\@tempa=\box48
\@tempa=\box49
\@tempa=\box50
\@tempa=\box51
\c@columnbadness=\count98
\c@finalcolumnbadness=\count99
\last@try=\dimen116
\multicolovershoot=\dimen117
\multicolundershoot=\dimen118
\mult@nat@firstbox=\box52
\colbreak@box=\box53
\multicol@sort@counter=\count100
)
("C:\Program Files (x86)\MiKTeX 2.9\tex\latex\tools\tabularx.sty"
Package: tabularx 1999/01/07 v2.07 `tabularx' package (DPC)

("C:\Program Files (x86)\MiKTeX 2.9\tex\latex\tools\array.sty"
Package: array 2008/09/09 v2.4c Tabular extension package (FMi)
\col@sep=\dimen119
\extrarowheight=\dimen120
\NC@list=\toks19
\extratabsurround=\skip46
\backup@length=\skip47
)
\TX@col@width=\dimen121
\TX@old@table=\dimen122
\TX@old@col=\dimen123
\TX@target=\dimen124
\TX@delta=\dimen125
\TX@cols=\count101
\TX@ftn=\toks20
)
("C:\Program Files (x86)\MiKTeX 2.9\tex\latex\amsfonts\euscript.sty"
Package: euscript 2009/06/22 v3.00 Euler Script fonts
LaTeX Font Info:    Overwriting math alphabet `\EuScript' in version `bold'
(Font)                  U/eus/m/n --> U/eus/b/n on input line 33.
)
("C:\Program Files (x86)\MiKTeX 2.9\tex\latex\tools\calc.sty"
Package: calc 2007/08/22 v4.3 Infix arithmetic (KKT,FJ)
\calc@Acount=\count102
\calc@Bcount=\count103
\calc@Adimen=\dimen126
\calc@Bdimen=\dimen127
\calc@Askip=\skip48
\calc@Bskip=\skip49
LaTeX Info: Redefining \setlength on input line 76.
LaTeX Info: Redefining \addtolength on input line 77.
\calc@Ccount=\count104
\calc@Cskip=\skip50
)
("C:\Program Files (x86)\MiKTeX 2.9\tex\latex\cite\cite.sty"
LaTeX Info: Redefining \cite on input line 302.
LaTeX Info: Redefining \nocite on input line 373.
Package: cite 2010/09/10  v 5.3
)
("C:\Program Files (x86)\MiKTeX 2.9\tex\latex\tools\indentfirst.sty"
Package: indentfirst 1995/11/23 v1.03 Indent first paragraph (DPC)
)
("C:\Program Files (x86)\MiKTeX 2.9\tex\latex\base\fontenc.sty"
Package: fontenc 2005/09/27 v1.99g Standard LaTeX package

("C:\Program Files (x86)\MiKTeX 2.9\tex\latex\base\t1enc.def"
File: t1enc.def 2005/09/27 v1.99g Standard LaTeX file
LaTeX Font Info:    Redeclaring font encoding T1 on input line 43.
)
("C:\Program Files (x86)\MiKTeX 2.9\tex\latex\cyrillic\t2aenc.def"
File: t2aenc.def 2005/09/27 v1.0i Cyrillic encoding definition file
)
LaTeX Font Info:    Try loading font information for T2A+cmr on input line 100.


("C:\Program Files (x86)\MiKTeX 2.9\tex\latex\cyrillic\t2acmr.fd"
File: t2acmr.fd 2001/08/11 v1.0a Computer Modern Cyrillic font definitions
))
("C:\Program Files (x86)\MiKTeX 2.9\tex\latex\base\inputenc.sty"
Package: inputenc 2008/03/30 v1.1d Input encoding file
\inpenc@prehook=\toks21
\inpenc@posthook=\toks22

("C:\Program Files (x86)\MiKTeX 2.9\tex\latex\cyrillic\cp1251.def"
File: cp1251.def 1999/11/16 v1.0d Input encoding file
))
("C:\Program Files (x86)\MiKTeX 2.9\tex\generic\babel\babel.sty"
Package: babel 2008/07/08 v3.8m The Babel package

*************************************
* Local config file bblopts.cfg used
*
("C:\Program Files (x86)\MiKTeX 2.9\tex\latex\00miktex\bblopts.cfg"
File: bblopts.cfg 2006/07/31 v1.0 MiKTeX 'babel' configuration
)
("C:\Program Files (x86)\MiKTeX 2.9\tex\generic\babel\english.ldf"
Language: english 2005/03/30 v3.3o English support from the babel system

("C:\Program Files (x86)\MiKTeX 2.9\tex\generic\babel\babel.def"
File: babel.def 2008/07/08 v3.8m Babel common definitions
\babel@savecnt=\count105
\U@D=\dimen128
)
\l@canadian = a dialect from \language\l@american 
\l@australian = a dialect from \language\l@british 
\l@newzealand = a dialect from \language\l@british 
)
("C:\Program Files (x86)\MiKTeX 2.9\tex\generic\babel\russianb.ldf"
Language: russianb 2008/03/21 v1.1r Russian support from the babel system
Package babel Info: Making " an active character on input line 199.
))
("C:\Program Files (x86)\MiKTeX 2.9\tex\latex\base\size10.clo"
File: size10.clo 2007/10/19 v1.4h Standard LaTeX file (size option)
)
\authorno=\count106
\authorsno=\count107
\affilno=\count108
\affilsno=\count109
\affilfound=\count110
\c@c@JETPvol=\count111
\c@c@JETPissue=\count112
\VolToYear=\count113
\FirstIssue=\count114
\FirstIssueD=\count115
\JNcount=\count116
\c@jetparticle=\count117
\@JETP@DOI@cnt=\count118
\c@FirstPageOfTheIssue=\count119
\c@c@RelativePageOfTheIssue=\count120
\lSignature=\box54
\rSignature=\box55
\c@c@PageInList=\count121
\c@c@List=\count122
\rjournal=\box56
\c@figure=\count123

("C:\Program Files (x86)\MiKTeX 2.9\tex\latex\graphics\graphicx.sty"
Package: graphicx 1999/02/16 v1.0f Enhanced LaTeX Graphics (DPC,SPQR)

("C:\Program Files (x86)\MiKTeX 2.9\tex\latex\graphics\keyval.sty"
Package: keyval 1999/03/16 v1.13 key=value parser (DPC)
\KV@toks@=\toks23
)
("C:\Program Files (x86)\MiKTeX 2.9\tex\latex\graphics\graphics.sty"
Package: graphics 2009/02/05 v1.0o Standard LaTeX Graphics (DPC,SPQR)

("C:\Program Files (x86)\MiKTeX 2.9\tex\latex\graphics\trig.sty"
Package: trig 1999/03/16 v1.09 sin cos tan (DPC)
)
("C:\Program Files (x86)\MiKTeX 2.9\tex\latex\00miktex\graphics.cfg"
File: graphics.cfg 2007/01/18 v1.5 graphics configuration of teTeX/TeXLive
)
Package graphics Info: Driver file: pdftex.def on input line 91.

("C:\Program Files (x86)\MiKTeX 2.9\tex\latex\pdftex-def\pdftex.def"
File: pdftex.def 2011/05/27 v0.06d Graphics/color for pdfTeX

("C:\Program Files (x86)\MiKTeX 2.9\tex\generic\oberdiek\infwarerr.sty"
Package: infwarerr 2010/04/08 v1.3 Providing info/warning/message (HO)
)
("C:\Program Files (x86)\MiKTeX 2.9\tex\generic\oberdiek\ltxcmds.sty"
Package: ltxcmds 2011/04/18 v1.20 LaTeX kernel commands for general use (HO)
)
\Gread@gobject=\count124
))
\Gin@req@height=\dimen129
\Gin@req@width=\dimen130
)
("C:\Program Files (x86)\MiKTeX 2.9\tex\latex\graphics\color.sty"
Package: color 2005/11/14 v1.0j Standard LaTeX Color (DPC)

("C:\Program Files (x86)\MiKTeX 2.9\tex\latex\00miktex\color.cfg"
File: color.cfg 2007/01/18 v1.5 color configuration of teTeX/TeXLive
)
Package color Info: Driver file: pdftex.def on input line 130.
)
\jetp@figbox=\box57
\c@table=\count125

("C:\Program Files (x86)\MiKTeX 2.9\tex\latex\tools\dcolumn.sty"
Package: dcolumn 2001/05/28 v1.06 decimal alignment package (DPC)
)
("C:\Program Files (x86)\MiKTeX 2.9\tex\latex\sttools\cuted.sty"
Package: cuted 1997/10/01
\At@ViperColsBreak=\toks24
\v@aaa=\box58
\v@ccc=\box59
\stripsep=\skip51
\@viper=\box60
\viper@penalty=\count126
\hold@viper=\box61
\ht@viper=\dimen131
)
\cvboxd=\dimen132
\abovecaptionskip=\skip52
\belowcaptionskip=\skip53
\@indentflag=\count127
\c@part=\count128
\c@section=\count129
\c@subsection=\count130
\c@subsubsection=\count131
\c@paragraph=\count132
\c@subparagraph=\count133
\maxsect=\count134
\@parttoc=\write3
\sectno=\count135
\maxsectno=\count136
\LocalTOCdepth=\count137
\bibindent=\dimen133
\CaptionBox=\box62
\mathskip=\dimen134
\JETPspc=\count138
\Parindent=\dimen135
\JETPCCC=\count139
)
("C:\Program Files (x86)\MiKTeX 2.9\tex\latex\base\fontenc.sty"
Package: fontenc 2005/09/27 v1.99g Standard LaTeX package

("C:\Program Files (x86)\MiKTeX 2.9\tex\latex\cyrillic\t2aenc.def"
File: t2aenc.def 2005/09/27 v1.0i Cyrillic encoding definition file
LaTeX Font Info:    Redeclaring font encoding T2A on input line 38.
))
("C:\Program Files (x86)\MiKTeX 2.9\tex\latex\oberdiek\epstopdf.sty"
Package: epstopdf 2010/02/09 v2.5 Conversion with epstopdf on the fly (HO)

("C:\Program Files (x86)\MiKTeX 2.9\tex\latex\oberdiek\epstopdf-base.sty"
Package: epstopdf-base 2010/02/09 v2.5 Base part for package epstopdf

("C:\Program Files (x86)\MiKTeX 2.9\tex\latex\oberdiek\grfext.sty"
Package: grfext 2010/08/19 v1.1 Managing graphics extensions (HO)

("C:\Program Files (x86)\MiKTeX 2.9\tex\generic\oberdiek\kvdefinekeys.sty"
Package: kvdefinekeys 2011/04/07 v1.3 Defining keys (HO)
))
("C:\Program Files (x86)\MiKTeX 2.9\tex\latex\oberdiek\kvoptions.sty"
Package: kvoptions 2010/12/23 v3.10 Keyval support for LaTeX options (HO)

("C:\Program Files (x86)\MiKTeX 2.9\tex\generic\oberdiek\kvsetkeys.sty"
Package: kvsetkeys 2011/04/07 v1.13 Key value parser (HO)

("C:\Program Files (x86)\MiKTeX 2.9\tex\generic\oberdiek\etexcmds.sty"
Package: etexcmds 2011/02/16 v1.5 Prefix for e-TeX command names (HO)

("C:\Program Files (x86)\MiKTeX 2.9\tex\generic\oberdiek\ifluatex.sty"
Package: ifluatex 2010/03/01 v1.3 Provides the ifluatex switch (HO)
Package ifluatex Info: LuaTeX not detected.
)
Package etexcmds Info: Could not find \expanded.
(etexcmds)             That can mean that you are not using pdfTeX 1.50 or
(etexcmds)             that some package has redefined \expanded.
(etexcmds)             In the latter case, load this package earlier.
)))
("C:\Program Files (x86)\MiKTeX 2.9\tex\generic\oberdiek\pdftexcmds.sty"
Package: pdftexcmds 2011/04/22 v0.16 Utilities of pdfTeX for LuaTeX (HO)

("C:\Program Files (x86)\MiKTeX 2.9\tex\generic\oberdiek\ifpdf.sty"
Package: ifpdf 2011/01/30 v2.3 Provides the ifpdf switch (HO)
Package ifpdf Info: pdfTeX in PDF mode is detected.
)
Package pdftexcmds Info: LuaTeX not detected.
Package pdftexcmds Info: \pdf@primitive is available.
Package pdftexcmds Info: \pdf@ifprimitive is available.
Package pdftexcmds Info: \pdfdraftmode found.
)
Package grfext Info: Graphics extension search list:
(grfext)             [.png,.pdf,.jpg,.mps,.jpeg,.jbig2,.jb2,.PNG,.PDF,.JPG,.JPE
G,.JBIG2,.JB2,.eps]
(grfext)             \AppendGraphicsExtensions on input line 452.
))
("C:\Program Files (x86)\MiKTeX 2.9\tex\latex\csquotes\csquotes.sty"
Package: csquotes 2011/03/25 v5.1c context-sensitive quotations

("C:\Program Files (x86)\MiKTeX 2.9\tex\latex\etoolbox\etoolbox.sty"
Package: etoolbox 2011/01/03 v2.1 e-TeX tools for LaTeX

("C:\Program Files (x86)\MiKTeX 2.9\tex\latex\misc\etex.sty"
Package: etex 1998/03/26 v2.0 eTeX basic definition package (PEB)
\et@xins=\count140
)
\etb@tempcnta=\count141
)
\csq@reset=\count142
\csq@gtype=\count143
\csq@glevel=\count144
\csq@qlevel=\count145
\csq@maxlvl=\count146
\csq@tshold=\count147
\csq@ltx@everypar=\toks25

("C:\Program Files (x86)\MiKTeX 2.9\tex\latex\csquotes\csquotes.def"
File: csquotes.def 2011/03/25 v5.1c csquotes generic definitions
)
Package csquotes Info: Trying to load configuration file 'csquotes.cfg'...
Package csquotes Info: ... configuration file loaded successfully.

("C:\Program Files (x86)\MiKTeX 2.9\tex\latex\csquotes\csquotes.cfg"
File: csquotes.cfg 
)
Package csquotes Info: Enabling multilingual quotes.
)
("C:\Program Files (x86)\MiKTeX 2.9\tex\latex\lipsum\lipsum.sty"
Package: lipsum 2011/04/14 v1.2 150 paragraphs of Lorem Ipsum dummy text
\c@lips@count=\count148
)
("C:\Program Files (x86)\MiKTeX 2.9\tex\latex\nomencl\nomencl.sty"
Package: nomencl 2005/09/22 v4.2 Nomenclature package (LN)
\nomlabelwidth=\dimen136
\nom@tempdim=\dimen137
\nomitemsep=\skip54
)
\@nomenclaturefile=\write4

Writing nomenclature file Shlenev*2025*–њ—А–∞–≤–Ї–Є.nlo
("C:\Program Files (x86)\MiKTeX 2.9\tex\latex\wrapfig\wrapfig.sty"
\wrapoverhang=\dimen138
\WF@size=\dimen139
\c@WF@wrappedlines=\count149
\WF@box=\box63
\WF@everypar=\toks26
Package: wrapfig 2003/01/31  v 3.6
)
Package csquotes Info: Checking for multilingual support...
Package csquotes Info: ... found 'babel' package.

("C:\Users\–Я–Њ–ї—М–Ј–Њ–≤–∞—В–µ–ї—М\Documents\GitHub\Review\JETP 2025\Shlenev 2
025 –њ—А–∞–≤–Ї–Є.aux")
LaTeX Font Info:    Checking defaults for OML/cmm/m/it on input line 61.
LaTeX Font Info:    ... okay on input line 61.
LaTeX Font Info:    Checking defaults for T1/cmr/m/n on input line 61.
LaTeX Font Info:    ... okay on input line 61.
LaTeX Font Info:    Checking defaults for OT1/cmr/m/n on input line 61.
LaTeX Font Info:    ... okay on input line 61.
LaTeX Font Info:    Checking defaults for OMS/cmsy/m/n on input line 61.
LaTeX Font Info:    ... okay on input line 61.
LaTeX Font Info:    Checking defaults for OMX/cmex/m/n on input line 61.
LaTeX Font Info:    ... okay on input line 61.
LaTeX Font Info:    Checking defaults for U/cmr/m/n on input line 61.
LaTeX Font Info:    ... okay on input line 61.
LaTeX Font Info:    Checking defaults for T2A/cmr/m/n on input line 61.
LaTeX Font Info:    ... okay on input line 61.
LaTeX Font Info:    Try loading font information for T2A+cmss on input line 61.


("C:\Program Files (x86)\MiKTeX 2.9\tex\latex\cyrillic\t2acmss.fd"
File: t2acmss.fd 2001/08/11 v1.0a Computer Modern Cyrillic font definitions
)
("C:\Program Files (x86)\MiKTeX 2.9\tex\context\base\supp-pdf.mkii"
[Loading MPS to PDF converter (version 2006.09.02).]
\scratchcounter=\count150
\scratchdimen=\dimen140
\scratchbox=\box64
\nofMPsegments=\count151
\nofMParguments=\count152
\everyMPshowfont=\toks27
\MPscratchCnt=\count153
\MPscratchDim=\dimen141
\MPnumerator=\count154
\makeMPintoPDFobject=\count155
\everyMPtoPDFconversion=\toks28
)
LaTeX Font Info:    Try loading font information for U+msa on input line 115.
 ("C:\Program Files (x86)\MiKTeX 2.9\tex\latex\amsfonts\umsa.fd"
File: umsa.fd 2009/06/22 v3.00 AMS symbols A
)
LaTeX Font Info:    Try loading font information for U+msb on input line 115.

("C:\Program Files (x86)\MiKTeX 2.9\tex\latex\amsfonts\umsb.fd"
File: umsb.fd 2009/06/22 v3.00 AMS symbols B
)
Underfull \hbox (badness 10000) in paragraph at lines 122--134
[]\T2A/cmr/m/n/10 »нтерес к изу-че-нию комп-то-нов-ско-го рас-
 []


Underfull \hbox (badness 2617) in paragraph at lines 122--134
\T2A/cmr/m/n/10 се-€-ни€ $\OML/cmm/m/it/10 e \OMS/cmsy/m/n/10 ! \OML/cmm/m/it/
10 e$ \T2A/cmr/m/n/10 в силь-ном маг-нит-ном по-ле
 []


Underfull \hbox (badness 3098) in paragraph at lines 122--134
\T2A/cmr/m/n/10 пуль-са-ров [1[]3], ко-то-рые из-на-чаль-но ин-тер-пре-
 []


Underfull \hbox (badness 1515) in paragraph at lines 122--134
\T2A/cmr/m/n/10 ти-ро-ва-лись ли-бо как цик-ло-трон-ное по-гло-ще-ние,
 []


Underfull \hbox (badness 4120) in paragraph at lines 122--134
\T2A/cmr/m/n/10 по-вы-ше-ние раз-ре-ше-ни€ де-тек-то-ров по энер-гии
 []


Underfull \vbox (badness 5260) has occurred while \output is active []


Underfull \hbox (badness 10000) has occurred while \output is active
[][][][]\T2A/cmr/m/n/10 ∆Ё“‘[][][][]
 []

[1{C:/ProgramData/MiKTeX/2.9/pdftex/config/pdftex.map}



] [2] [3]
Overfull \hbox (1.98514pt too wide) in alignment at lines 377--387
 [] [] [] [] 
 []


Underfull \hbox (badness 3229) in paragraph at lines 387--390
\T2A/cmr/m/n/10 функ-ци€ рас-пре-де-ле-ни€ элек-тро-нов с тем-пе-ра-
 []


Underfull \hbox (badness 3009) in paragraph at lines 387--390
\T2A/cmr/m/n/10 ту-рой $\OML/cmm/m/it/10 T$ \T2A/cmr/m/n/10 и ну-ле-вым хи-ми-ч
е-ским по-тен-ци-а-лом,
 []


Underfull \hbox (badness 1490) in paragraph at lines 391--400
[]\T2A/cmr/m/n/10 ≈сли усло-вие $\OML/cmm/m/it/10 E[]\OT1/cmr/m/n/10  [] \OMS/c
msy/m/n/10  []$\T2A/cmr/m/n/10 , где
 []


Underfull \hbox (badness 10000) in paragraph at lines 409--415
[]\T2A/cmr/m/n/10 — уче-том это-го раз-ло-же-ни€ квад-рат
 []


Underfull \hbox (badness 10000) in paragraph at lines 409--415
$\OML/cmm/m/it/10 S$\T2A/cmr/m/n/10 -матричного эле-мен-та, опре-де-л€-ю-щий ве
-ро-
 []


Underfull \hbox (badness 2269) in paragraph at lines 409--415
\T2A/cmr/m/n/10 €т-ность про-цес-са и необ-хо-ди-мый при рас-че-тах
 []


Underfull \hbox (badness 2073) in paragraph at lines 409--415
\T2A/cmr/m/n/10 вы-чис-л€-е-мых ве-ли-чин, та-ких как ко-эф-фи-ци-ент
 []


Underfull \hbox (badness 1496) in paragraph at lines 409--415
\T2A/cmr/m/n/10 по-гло-ще-ни€ фо-то-на или се-че-ние рас-се-€-ни€ фо-
 []


Underfull \hbox (badness 1859) in paragraph at lines 409--415
\T2A/cmr/m/n/10 то-на на элек-троне, мо-жет быть пред-став-лен в
 []


Underfull \hbox (badness 1005) in paragraph at lines 429--432
$\OML/cmm/m/it/10 S[]$ \T2A/cmr/m/n/10 дл€ по-гло-ще-ни€ фо-то-на, $\OML/cmm/m/
it/10 e \OMS/cmsy/m/n/10 ! \OML/cmm/m/it/10 e$\T2A/cmr/m/n/10 , и
 []


Overfull \hbox (9.29718pt too wide) in alignment at lines 432--440
 [] [] [] [] 
 []

[4]
Underfull \hbox (badness 3396) in paragraph at lines 572--578
[]\T2A/cmr/m/n/10 ¬ ра-бо-тах [31, 32, 42] ис-сле-до-вал-с€ про-цесс
 []


Underfull \hbox (badness 2990) in paragraph at lines 572--578
$\OT1/cmr/m/n/10 10[] \OMS/cmsy/m/n/10   \OT1/cmr/m/n/10 10[]$ \T2A/cmr/m/n/10 
√с, ха-рак-тер-ных дл€ маг-ни-то-сфер
 []


Underfull \hbox (badness 2922) in paragraph at lines 572--578
\T2A/cmr/m/n/10 ра-дио-пуль-са-ров и маг-ни-та-ров. ѕри этом се-че-
 []

[5]
Package epstopdf Info: Source file: <fig1_1.eps>
(epstopdf)                    date: 2026-03-10 14:35:02
(epstopdf)                    size: 59831 bytes
(epstopdf)             Output file: <fig1_1-eps-converted-to.pdf>
(epstopdf)                    date: 2026-03-10 14:35:02
(epstopdf)                    size: 21322 bytes
(epstopdf)             Command: <epstopdf --outfile=fig1_1-eps-converted-to.pdf
 fig1_1.eps>
(epstopdf)             \includegraphics on input line 625.
Package epstopdf Info: Output file is already uptodate.
 <fig1_1-eps-converted-to.pdf, id=48, 259.97125pt x 184.69pt>
File: fig1_1-eps-converted-to.pdf Graphic file (type pdf)

<use fig1_1-eps-converted-to.pdf>
Package pdftex.def Info: fig1_1-eps-converted-to.pdf used on input line 625.
(pdftex.def)             Requested size: 237.84842pt x 168.97276pt.
Package epstopdf Info: Source file: <fig1_2.eps>
(epstopdf)                    date: 2026-03-10 14:35:02
(epstopdf)                    size: 58795 bytes
(epstopdf)             Output file: <fig1_2-eps-converted-to.pdf>
(epstopdf)                    date: 2026-03-10 14:35:02
(epstopdf)                    size: 20863 bytes
(epstopdf)             Command: <epstopdf --outfile=fig1_2-eps-converted-to.pdf
 fig1_2.eps>
(epstopdf)             \includegraphics on input line 626.
Package epstopdf Info: Output file is already uptodate.

<fig1_2-eps-converted-to.pdf, id=50, 259.97125pt x 184.69pt>
File: fig1_2-eps-converted-to.pdf Graphic file (type pdf)

<use fig1_2-eps-converted-to.pdf>
Package pdftex.def Info: fig1_2-eps-converted-to.pdf used on input line 626.
(pdftex.def)             Requested size: 237.84842pt x 168.97276pt.
Package epstopdf Info: Source file: <fig1_3.eps>
(epstopdf)                    date: 2026-03-10 14:35:02
(epstopdf)                    size: 55356 bytes
(epstopdf)             Output file: <fig1_3-eps-converted-to.pdf>
(epstopdf)                    date: 2026-03-10 14:35:02
(epstopdf)                    size: 19437 bytes
(epstopdf)             Command: <epstopdf --outfile=fig1_3-eps-converted-to.pdf
 fig1_3.eps>
(epstopdf)             \includegraphics on input line 627.
Package epstopdf Info: Output file is already uptodate.

<fig1_3-eps-converted-to.pdf, id=52, 259.97125pt x 184.69pt>
File: fig1_3-eps-converted-to.pdf Graphic file (type pdf)

<use fig1_3-eps-converted-to.pdf>
Package pdftex.def Info: fig1_3-eps-converted-to.pdf used on input line 627.
(pdftex.def)             Requested size: 237.84842pt x 168.97276pt.
Package epstopdf Info: Source file: <fig2_1.eps>
(epstopdf)                    date: 2026-03-10 14:35:02
(epstopdf)                    size: 50056 bytes
(epstopdf)             Output file: <fig2_1-eps-converted-to.pdf>
(epstopdf)                    date: 2026-03-10 14:35:02
(epstopdf)                    size: 18414 bytes
(epstopdf)             Command: <epstopdf --outfile=fig2_1-eps-converted-to.pdf
 fig2_1.eps>
(epstopdf)             \includegraphics on input line 632.
Package epstopdf Info: Output file is already uptodate.

<fig2_1-eps-converted-to.pdf, id=54, 258.9675pt x 183.68625pt>
File: fig2_1-eps-converted-to.pdf Graphic file (type pdf)

<use fig2_1-eps-converted-to.pdf>
Package pdftex.def Info: fig2_1-eps-converted-to.pdf used on input line 632.
(pdftex.def)             Requested size: 237.84842pt x 168.71309pt.
Package epstopdf Info: Source file: <fig2_2.eps>
(epstopdf)                    date: 2026-03-10 14:35:02
(epstopdf)                    size: 59940 bytes
(epstopdf)             Output file: <fig2_2-eps-converted-to.pdf>
(epstopdf)                    date: 2026-03-10 14:35:02
(epstopdf)                    size: 21405 bytes
(epstopdf)             Command: <epstopdf --outfile=fig2_2-eps-converted-to.pdf
 fig2_2.eps>
(epstopdf)             \includegraphics on input line 633.
Package epstopdf Info: Output file is already uptodate.

<fig2_2-eps-converted-to.pdf, id=56, 259.97125pt x 184.69pt>
File: fig2_2-eps-converted-to.pdf Graphic file (type pdf)

<use fig2_2-eps-converted-to.pdf>
Package pdftex.def Info: fig2_2-eps-converted-to.pdf used on input line 633.
(pdftex.def)             Requested size: 237.84842pt x 168.97276pt.
Package epstopdf Info: Source file: <fig2_3.eps>
(epstopdf)                    date: 2026-03-10 14:35:02
(epstopdf)                    size: 59985 bytes
(epstopdf)             Output file: <fig2_3-eps-converted-to.pdf>
(epstopdf)                    date: 2026-03-10 14:35:02
(epstopdf)                    size: 22200 bytes
(epstopdf)             Command: <epstopdf --outfile=fig2_3-eps-converted-to.pdf
 fig2_3.eps>
(epstopdf)             \includegraphics on input line 634.
Package epstopdf Info: Output file is already uptodate.

<fig2_3-eps-converted-to.pdf, id=58, 259.97125pt x 181.67876pt>
File: fig2_3-eps-converted-to.pdf Graphic file (type pdf)

<use fig2_3-eps-converted-to.pdf>
Package pdftex.def Info: fig2_3-eps-converted-to.pdf used on input line 634.
(pdftex.def)             Requested size: 237.84842pt x 166.21779pt.
Package epstopdf Info: Source file: <fig3_1.eps>
(epstopdf)                    date: 2026-03-10 14:35:02
(epstopdf)                    size: 48576 bytes
(epstopdf)             Output file: <fig3_1-eps-converted-to.pdf>
(epstopdf)                    date: 2026-03-10 14:35:02
(epstopdf)                    size: 18096 bytes
(epstopdf)             Command: <epstopdf --outfile=fig3_1-eps-converted-to.pdf
 fig3_1.eps>
(epstopdf)             \includegraphics on input line 641.
Package epstopdf Info: Output file is already uptodate.

<fig3_1-eps-converted-to.pdf, id=60, 258.9675pt x 183.68625pt>
File: fig3_1-eps-converted-to.pdf Graphic file (type pdf)

<use fig3_1-eps-converted-to.pdf>
Package pdftex.def Info: fig3_1-eps-converted-to.pdf used on input line 641.
(pdftex.def)             Requested size: 235.47124pt x 167.0286pt.
Package epstopdf Info: Source file: <fig3_2.eps>
(epstopdf)                    date: 2026-03-10 14:35:02
(epstopdf)                    size: 48517 bytes
(epstopdf)             Output file: <fig3_2-eps-converted-to.pdf>
(epstopdf)                    date: 2026-03-10 14:35:02
(epstopdf)                    size: 17780 bytes
(epstopdf)             Command: <epstopdf --outfile=fig3_2-eps-converted-to.pdf
 fig3_2.eps>
(epstopdf)             \includegraphics on input line 642.
Package epstopdf Info: Output file is already uptodate.

<fig3_2-eps-converted-to.pdf, id=62, 258.9675pt x 183.68625pt>
File: fig3_2-eps-converted-to.pdf Graphic file (type pdf)

<use fig3_2-eps-converted-to.pdf>
Package pdftex.def Info: fig3_2-eps-converted-to.pdf used on input line 642.
(pdftex.def)             Requested size: 235.47124pt x 167.0286pt.
Package epstopdf Info: Source file: <fig3_3.eps>
(epstopdf)                    date: 2026-03-10 14:35:02
(epstopdf)                    size: 47674 bytes
(epstopdf)             Output file: <fig3_3-eps-converted-to.pdf>
(epstopdf)                    date: 2026-03-10 14:35:02
(epstopdf)                    size: 17188 bytes
(epstopdf)             Command: <epstopdf --outfile=fig3_3-eps-converted-to.pdf
 fig3_3.eps>
(epstopdf)             \includegraphics on input line 643.
Package epstopdf Info: Output file is already uptodate.

<fig3_3-eps-converted-to.pdf, id=64, 258.9675pt x 183.68625pt>
File: fig3_3-eps-converted-to.pdf Graphic file (type pdf)

<use fig3_3-eps-converted-to.pdf>
Package pdftex.def Info: fig3_3-eps-converted-to.pdf used on input line 643.
(pdftex.def)             Requested size: 235.47124pt x 167.0286pt.
Package epstopdf Info: Source file: <fig4_1.eps>
(epstopdf)                    date: 2026-03-10 14:35:02
(epstopdf)                    size: 45599 bytes
(epstopdf)             Output file: <fig4_1-eps-converted-to.pdf>
(epstopdf)                    date: 2026-03-10 14:35:02
(epstopdf)                    size: 16618 bytes
(epstopdf)             Command: <epstopdf --outfile=fig4_1-eps-converted-to.pdf
 fig4_1.eps>
(epstopdf)             \includegraphics on input line 649.
Package epstopdf Info: Output file is already uptodate.

<fig4_1-eps-converted-to.pdf, id=66, 258.9675pt x 183.68625pt>
File: fig4_1-eps-converted-to.pdf Graphic file (type pdf)

<use fig4_1-eps-converted-to.pdf>
Package pdftex.def Info: fig4_1-eps-converted-to.pdf used on input line 649.
(pdftex.def)             Requested size: 235.47124pt x 167.0286pt.
Package epstopdf Info: Source file: <fig4_2.eps>
(epstopdf)                    date: 2026-03-10 14:35:02
(epstopdf)                    size: 45914 bytes
(epstopdf)             Output file: <fig4_2-eps-converted-to.pdf>
(epstopdf)                    date: 2026-03-10 14:35:02
(epstopdf)                    size: 16784 bytes
(epstopdf)             Command: <epstopdf --outfile=fig4_2-eps-converted-to.pdf
 fig4_2.eps>
(epstopdf)             \includegraphics on input line 650.
Package epstopdf Info: Output file is already uptodate.

<fig4_2-eps-converted-to.pdf, id=68, 258.9675pt x 183.68625pt>
File: fig4_2-eps-converted-to.pdf Graphic file (type pdf)

<use fig4_2-eps-converted-to.pdf>
Package pdftex.def Info: fig4_2-eps-converted-to.pdf used on input line 650.
(pdftex.def)             Requested size: 235.47124pt x 167.0286pt.
Package epstopdf Info: Source file: <fig4_3.eps>
(epstopdf)                    date: 2026-03-10 14:35:02
(epstopdf)                    size: 48134 bytes
(epstopdf)             Output file: <fig4_3-eps-converted-to.pdf>
(epstopdf)                    date: 2026-03-10 14:35:02
(epstopdf)                    size: 17684 bytes
(epstopdf)             Command: <epstopdf --outfile=fig4_3-eps-converted-to.pdf
 fig4_3.eps>
(epstopdf)             \includegraphics on input line 651.
Package epstopdf Info: Output file is already uptodate.

<fig4_3-eps-converted-to.pdf, id=70, 258.9675pt x 183.68625pt>
File: fig4_3-eps-converted-to.pdf Graphic file (type pdf)

<use fig4_3-eps-converted-to.pdf>
Package pdftex.def Info: fig4_3-eps-converted-to.pdf used on input line 651.
(pdftex.def)             Requested size: 235.47124pt x 167.0286pt.

Underfull \hbox (badness 1715) in paragraph at lines 656--662
\T2A/cmr/m/n/10 се-€-ни€. ”з-кие пи-ки, со-от-вет-ству-ю-щие энер-ги-€м
 []


LaTeX Warning: Text page 6 contains only floats.


Underfull \vbox (badness 1377) has occurred while \output is active []

 [6 <C:/Users/–Я–Њ–ї—М–Ј–Њ–≤–∞—В–µ–ї—М/Documents/GitHub/Review/JETP 2025/fig1_1
-eps-converted-to.pdf> <C:/Users/–Я–Њ–ї—М–Ј–Њ–≤–∞—В–µ–ї—М/Documents/GitHub/Revi
ew/JETP 2025/fig1_2-eps-converted-to.pdf> <C:/Users/–Я–Њ–ї—М–Ј–Њ–≤–∞—В–µ–ї—М/Do
cuments/GitHub/Review/JETP 2025/fig1_3-eps-converted-to.pdf>]
Underfull \vbox (badness 10000) has occurred while \output is active []

 [7 <C:/Users/–Я–Њ–ї—М–Ј–Њ–≤–∞—В–µ–ї—М/Documents/GitHub/Review/JETP 2025/fig2_1
-eps-converted-to.pdf> <C:/Users/–Я–Њ–ї—М–Ј–Њ–≤–∞—В–µ–ї—М/Documents/GitHub/Revi
ew/JETP 2025/fig2_2-eps-converted-to.pdf> <C:/Users/–Я–Њ–ї—М–Ј–Њ–≤–∞—В–µ–ї—М/Do
cuments/GitHub/Review/JETP 2025/fig2_3-eps-converted-to.pdf> <C:/Users/–Я–Њ–ї—М
–Ј–Њ–≤–∞—В–µ–ї—М/Documents/GitHub/Review/JETP 2025/fig3_1-eps-converted-to.pdf>
 <C:/Users/–Я–Њ–ї—М–Ј–Њ–≤–∞—В–µ–ї—М/Documents/GitHub/Review/JETP 2025/fig3_2-ep
s-converted-to.pdf> <C:/Users/–Я–Њ–ї—М–Ј–Њ–≤–∞—В–µ–ї—М/Documents/GitHub/Review/
JETP 2025/fig3_3-eps-converted-to.pdf>]
Underfull \vbox (badness 1038) has occurred while \output is active []


Underfull \hbox (badness 4205) in paragraph at lines 693--698
[]\T2A/cmr/m/n/10  ак по-ка-зы-ва-ет чис-лен-ный ана-лиз, в слу-
 []


Underfull \hbox (badness 5161) in paragraph at lines 693--698
\T2A/cmr/m/n/10 чае силь-но за-маг-ни-чен-ной, го-р€-чей, зар€дово-
 []


Underfull \hbox (badness 2393) in paragraph at lines 693--698
\T2A/cmr/m/n/10 элек-тро-на дл€ пер-во-го уров-н€ Ћан-дау $\OT1/cmr/m/n/10  []$
 \T2A/cmr/m/n/10 ма-
 []


Underfull \hbox (badness 3746) in paragraph at lines 704--709
[]\T2A/cmr/m/n/10 ¬ пре-де-ле силь-но-го по-л€ пар-ци-аль-ные ко-
 []


Underfull \hbox (badness 5345) in paragraph at lines 704--709
\T2A/cmr/m/n/10 эф-фи-ци-ен-ты по-гло-ще-ни€ фо-то-на дл€ ка-на-лов
 []


Underfull \hbox (badness 1436) in paragraph at lines 704--709
\T2A/cmr/m/n/10 ши-ри-ны по-гло-ще-ни€ элек-тро-на в слу-чае, ко-гда
 []


Underfull \hbox (badness 5260) in paragraph at lines 704--709
\T2A/cmr/m/n/10 нит-но-го по-л€, мож-но пред-ста-вить сле-ду-ю-щим
 []

[8 <C:/Users/–Я–Њ–ї—М–Ј–Њ–≤–∞—В–µ–ї—М/Documents/GitHub/Review/JETP 2025/fig4_1-
eps-converted-to.pdf> <C:/Users/–Я–Њ–ї—М–Ј–Њ–≤–∞—В–µ–ї—М/Documents/GitHub/Revie
w/JETP 2025/fig4_2-eps-converted-to.pdf> <C:/Users/–Я–Њ–ї—М–Ј–Њ–≤–∞—В–µ–ї—М/Doc
uments/GitHub/Review/JETP 2025/fig4_3-eps-converted-to.pdf>]
Extra height:0.0pt when 0.0pt
(2)Left:0.0pt Right:0.0pt Output:0.0pt
- LAST -
Left:0.0pt
Right:0.0pt
Output:0.0pt

Underfull \hbox (badness 2460) in paragraph at lines 749--753
\T2A/cmr/m/n/10 где $\OML/cmm/m/it/10 J[]\OT1/cmr/m/n/10 (\OML/cmm/m/it/10 x\OT
1/cmr/m/n/10 )$ \T2A/cmr/m/n/10 -- функ-ци€ Ѕес-се-л€ це-ло-го ин-дек-са,
 []


Underfull \hbox (badness 1796) in paragraph at lines 749--753
[]\T2A/cmr/m/n/10 , $\OML/cmm/m/it/10 p[]$ \T2A/cmr/m/n/10 -- кор-ни
 []


Underfull \vbox (badness 10000) has occurred while \output is active []

 [9

]
Package epstopdf Info: Source file: <fig5.eps>
(epstopdf)                    date: 2026-03-10 14:35:02
(epstopdf)                    size: 52770 bytes
(epstopdf)             Output file: <fig5-eps-converted-to.pdf>
(epstopdf)                    date: 2026-03-10 14:35:02
(epstopdf)                    size: 19192 bytes
(epstopdf)             Command: <epstopdf --outfile=fig5-eps-converted-to.pdf f
ig5.eps>
(epstopdf)             \includegraphics on input line 771.
Package epstopdf Info: Output file is already uptodate.

<fig5-eps-converted-to.pdf, id=125, 258.9675pt x 154.5775pt>
File: fig5-eps-converted-to.pdf Graphic file (type pdf)

<use fig5-eps-converted-to.pdf>
Package pdftex.def Info: fig5-eps-converted-to.pdf used on input line 771.
(pdftex.def)             Requested size: 209.30777pt x 124.94054pt.
Package epstopdf Info: Source file: <fig6.eps>
(epstopdf)                    date: 2026-03-10 14:35:02
(epstopdf)                    size: 37652 bytes
(epstopdf)             Output file: <fig6-eps-converted-to.pdf>
(epstopdf)                    date: 2026-03-10 14:35:02
(epstopdf)                    size: 14549 bytes
(epstopdf)             Command: <epstopdf --outfile=fig6-eps-converted-to.pdf f
ig6.eps>
(epstopdf)             \includegraphics on input line 776.
Package epstopdf Info: Output file is already uptodate.

<fig6-eps-converted-to.pdf, id=126, 258.9675pt x 156.585pt>
File: fig6-eps-converted-to.pdf Graphic file (type pdf)

<use fig6-eps-converted-to.pdf>
Package pdftex.def Info: fig6-eps-converted-to.pdf used on input line 776.
(pdftex.def)             Requested size: 209.30777pt x 126.56316pt.
Package epstopdf Info: Source file: <fig7.eps>
(epstopdf)                    date: 2026-03-10 14:35:02
(epstopdf)                    size: 58141 bytes
(epstopdf)             Output file: <fig7-eps-converted-to.pdf>
(epstopdf)                    date: 2026-03-10 14:35:02
(epstopdf)                    size: 21086 bytes
(epstopdf)             Command: <epstopdf --outfile=fig7-eps-converted-to.pdf f
ig7.eps>
(epstopdf)             \includegraphics on input line 781.
Package epstopdf Info: Output file is already uptodate.

<fig7-eps-converted-to.pdf, id=127, 258.9675pt x 154.5775pt>
File: fig7-eps-converted-to.pdf Graphic file (type pdf)

<use fig7-eps-converted-to.pdf>
Package pdftex.def Info: fig7-eps-converted-to.pdf used on input line 781.
(pdftex.def)             Requested size: 209.30777pt x 124.94054pt.


LaTeX Warning: `h' float specifier changed to `ht'.

Package epstopdf Info: Source file: <fig8.eps>
(epstopdf)                    date: 2026-03-10 14:35:02
(epstopdf)                    size: 35404 bytes
(epstopdf)             Output file: <fig8-eps-converted-to.pdf>
(epstopdf)                    date: 2026-03-10 14:35:02
(epstopdf)                    size: 13799 bytes
(epstopdf)             Command: <epstopdf --outfile=fig8-eps-converted-to.pdf f
ig8.eps>
(epstopdf)             \includegraphics on input line 786.
Package epstopdf Info: Output file is already uptodate.
<fig8-eps-converted-to.pdf, id=128, 258.9675pt x 156.585pt>
File: fig8-eps-converted-to.pdf Graphic file (type pdf)

<use fig8-eps-converted-to.pdf>
Package pdftex.def Info: fig8-eps-converted-to.pdf used on input line 786.
(pdftex.def)             Requested size: 209.30777pt x 126.56316pt.


LaTeX Warning: `h' float specifier changed to `ht'.


Underfull \vbox (badness 10000) has occurred while \output is active []

 [10 <C:/Users/–Я–Њ–ї—М–Ј–Њ–≤–∞—В–µ–ї—М/Documents/GitHub/Review/JETP 2025/fig5-
eps-converted-to.pdf> <C:/Users/–Я–Њ–ї—М–Ј–Њ–≤–∞—В–µ–ї—М/Documents/GitHub/Revie
w/JETP 2025/fig6-eps-converted-to.pdf> <C:/Users/–Я–Њ–ї—М–Ј–Њ–≤–∞—В–µ–ї—М/Docum
ents/GitHub/Review/JETP 2025/fig7-eps-converted-to.pdf> <C:/Users/–Я–Њ–ї—М–Ј–Њ–
≤–∞—В–µ–ї—М/Documents/GitHub/Review/JETP 2025/fig8-eps-converted-to.pdf>]
Underfull \hbox (badness 5985) in paragraph at lines 846--848
\T2A/cmr/m/n/10 получим асимп-то-ти-че-ское раз-ло-же-ние ин-те-гра-
 []


Underfull \hbox (badness 1033) in paragraph at lines 869--871
[]\T2A/cmr/m/n/10 Ќетрудно ви-деть, что пер-вый член раз-ло-же-
 []


Underfull \hbox (badness 1859) in paragraph at lines 929--931
[]\T2A/cmr/m/n/10 ¬ыражени€ дл€ $\OMS/cmsy/m/n/10 T[]$ \T2A/cmr/m/n/10 мо-гут б
ыть по-лу-че-ны
 []

[11]
Underfull \hbox (badness 1028) in paragraph at lines 1027--1028
[]\T2A/cmr/m/n/9 Trumper J., Pietsch W., Reppin C., Voges W.,
 []


Underfull \hbox (badness 4454) in paragraph at lines 1031--1033
[]\T2A/cmr/m/n/9 Makishima K., Mihara T., Ishida M. et al.,
 []


Underfull \hbox (badness 10000) in paragraph at lines 1089--1092
[]\T2A/cmr/m/n/9 Schonherr G., Wilms J., Kretschmar P.,
 []


Underfull \hbox (badness 1796) in paragraph at lines 1105--1107
[]\T2A/cmr/m/n/9 Wadiasingh Z., Baring M. G., Gonthier P. L.,
 []


Underfull \hbox (badness 1210) in paragraph at lines 1114--1116
[]\T2A/cmr/m/n/9 Gonthier P. L., Harding A. K., Baring M. G.,
 []

[12]
Underfull \hbox (badness 10000) in paragraph at lines 1142--1145
[]\T2A/cmr/m/n/9 Chistyakov M. V., Rumyantsev D. A.,
 []


Underfull \hbox (badness 1337) in paragraph at lines 1149--1151
[]\T2A/cmr/m/n/9 ∆уковский ¬. „., ћи-до-да-шви-ли ѕ. √., Ёми-
 []


Underfull \hbox (badness 2582) in paragraph at lines 1158--1160
[]\T2A/cmr/m/n/9 Ѕерестецкий ¬. Ѕ., Ћиф-шиц ≈. ћ., ѕи-та-ев-
 []


Underfull \hbox (badness 10000) in paragraph at lines 1161--1163
[]\T2A/cmr/m/n/9 Schwarm F.-W., Schonherr G., Falkner S.,
 []


Underfull \hbox (badness 4429) in paragraph at lines 1161--1163
\T2A/cmr/m/n/9 Pottschmidt K., Wolff M. T., Becker P. A.,
 []


Underfull \hbox (badness 7631) in paragraph at lines 1161--1163
\T2A/cmr/m/n/9 Sokolova-Lapa E., Klochkov D., Ferrigno C.,
 []


Underfull \hbox (badness 2790) in paragraph at lines 1182--1186
[]\T2A/cmr/m/n/9 Kuznetsov A. V., Mikheev N. V., \T2A/cmr/m/it/9 Electroweak
 []


Underfull \hbox (badness 1616) in paragraph at lines 1193--1204
[]\T2A/cmr/m/n/9 Blanchet L., Faye G., Journal of Mathematical
 []

[13]
("C:\Users\–Я–Њ–ї—М–Ј–Њ–≤–∞—В–µ–ї—М\Documents\GitHub\Review\JETP 2025\Shlenev 2
025 –њ—А–∞–≤–Ї–Є.aux") ) 
Here is how much of TeX's memory you used:
 6058 strings out of 494045
 78561 string characters out of 3146016
 255171 words of memory out of 3000000
 9126 multiletter control sequences out of 15000+200000
 34094 words of font info for 84 fonts, out of 3000000 for 9000
 745 hyphenation exceptions out of 8191
 42i,14n,26p,4641b,551s stack positions out of 5000i,500n,10000p,200000b,50000s
{C:/Program Files (x86)/MiKTeX 2.9/fonts/enc/dvips/cm-s
uper/cm-super-t2a.enc}<C:/Program Files (x86)/MiKTeX 2.9/fonts/type1/public/ams
fonts/cm/cmbx10.pfb><C:/Program Files (x86)/MiKTeX 2.9/fonts/type1/public/amsfo
nts/cm/cmex10.pfb><C:/Program Files (x86)/MiKTeX 2.9/fonts/type1/public/amsfont
s/cm/cmmi10.pfb><C:/Program Files (x86)/MiKTeX 2.9/fonts/type1/public/amsfonts/
cm/cmmi5.pfb><C:/Program Files (x86)/MiKTeX 2.9/fonts/type1/public/amsfonts/cm/
cmmi6.pfb><C:/Program Files (x86)/MiKTeX 2.9/fonts/type1/public/amsfonts/cm/cmm
i7.pfb><C:/Program Files (x86)/MiKTeX 2.9/fonts/type1/public/amsfonts/cm/cmmi8.
pfb><C:/Program Files (x86)/MiKTeX 2.9/fonts/type1/public/amsfonts/cm/cmmi9.pfb
><C:/Program Files (x86)/MiKTeX 2.9/fonts/type1/public/amsfonts/cm/cmmib10.pfb>
<C:/Program Files (x86)/MiKTeX 2.9/fonts/type1/public/amsfonts/cmextra/cmmib7.p
fb><C:/Program Files (x86)/MiKTeX 2.9/fonts/type1/public/amsfonts/cm/cmr10.pfb>
<C:/Program Files (x86)/MiKTeX 2.9/fonts/type1/public/amsfonts/cm/cmr5.pfb><C:/
Program Files (x86)/MiKTeX 2.9/fonts/type1/public/amsfonts/cm/cmr6.pfb><C:/Prog
ram Files (x86)/MiKTeX 2.9/fonts/type1/public/amsfonts/cm/cmr7.pfb><C:/Program 
Files (x86)/MiKTeX 2.9/fonts/type1/public/amsfonts/cm/cmr8.pfb><C:/Program File
s (x86)/MiKTeX 2.9/fonts/type1/public/amsfonts/cm/cmr9.pfb><C:/Program Files (x
86)/MiKTeX 2.9/fonts/type1/public/amsfonts/cm/cmsy10.pfb><C:/Program Files (x86
)/MiKTeX 2.9/fonts/type1/public/amsfonts/cm/cmsy5.pfb><C:/Program Files (x86)/M
iKTeX 2.9/fonts/type1/public/amsfonts/cm/cmsy6.pfb><C:/Program Files (x86)/MiKT
eX 2.9/fonts/type1/public/amsfonts/cm/cmsy7.pfb><C:/Program Files (x86)/MiKTeX 
2.9/fonts/type1/public/amsfonts/cm/cmsy9.pfb><C:/Program Files (x86)/MiKTeX 2.9
/fonts/type1/public/amsfonts/cm/cmti10.pfb><C:/Program Files (x86)/MiKTeX 2.9/f
onts/type1/public/amsfonts/symbols/msam10.pfb><C:/Program Files (x86)/MiKTeX 2.
9/fonts/type1/public/amsfonts/symbols/msam7.pfb><C:/Program Files (x86)/MiKTeX 
2.9/fonts/type1/public/amsfonts/symbols/msbm10.pfb><C:/Program Files (x86)/MiKT
eX 2.9/fonts/type1/public/cm-super/sfbi1000.pfb><C:/Program Files (x86)/MiKTeX 
2.9/fonts/type1/public/cm-super/sfbx0900.pfb><C:/Program Files (x86)/MiKTeX 2.9
/fonts/type1/public/cm-super/sfbx1000.pfb><C:/Program Files (x86)/MiKTeX 2.9/fo
nts/type1/public/cm-super/sfrm0600.pfb><C:/Program Files (x86)/MiKTeX 2.9/fonts
/type1/public/cm-super/sfrm0700.pfb><C:/Program Files (x86)/MiKTeX 2.9/fonts/ty
pe1/public/cm-super/sfrm0800.pfb><C:/Program Files (x86)/MiKTeX 2.9/fonts/type1
/public/cm-super/sfrm0900.pfb><C:/Program Files (x86)/MiKTeX 2.9/fonts/type1/pu
blic/cm-super/sfrm1000.pfb><C:/Program Files (x86)/MiKTeX 2.9/fonts/type1/publi
c/cm-super/sfrm1200.pfb><C:/Program Files (x86)/MiKTeX 2.9/fonts/type1/public/c
m-super/sfsi1000.pfb><C:/Program Files (x86)/MiKTeX 2.9/fonts/type1/public/cm-s
uper/sfss0900.pfb><C:/Program Files (x86)/MiKTeX 2.9/fonts/type1/public/cm-supe
r/sfss1000.pfb><C:/Program Files (x86)/MiKTeX 2.9/fonts/type1/public/cm-super/s
fsx0900.pfb><C:/Program Files (x86)/MiKTeX 2.9/fonts/type1/public/cm-super/sfsx
1440.pfb><C:/Program Files (x86)/MiKTeX 2.9/fonts/type1/public/cm-super/sfti080
0.pfb><C:/Program Files (x86)/MiKTeX 2.9/fonts/type1/public/cm-super/sfti0900.p
fb>
Output written on "Shlenev 2025 –њ—А–∞–≤–Ї–Є.pdf" (13 pages, 910801 bytes).
PDF statistics:
 282 PDF objects out of 1000 (max. 8388607)
 0 named destinations out of 1000 (max. 500000)
 153 words of extra memory for PDF output out of 10000 (max. 10000000)

