This is pdfTeX, Version 3.141592653-2.6-1.40.25 (MiKTeX 23.12) (preloaded format=pdflatex 2024.1.13)  24 FEB 2025 19:59
entering extended mode
 restricted \write18 enabled.
 %&-line parsing enabled.
**"D:/РўРµРѕСЂ. С„РёР·РёРєР°/Review/ResonanceRew2024.TEX"
(D:/РўРµРѕСЂ. С„РёР·РёРєР°/Review/ResonanceRew2024.TEX
LaTeX2e <2023-11-01>
L3 programming layer <2024-01-04>
(C:\Users\allen\AppData\Local\Programs\MiKTeX\tex/latex/base\article.cls
Document Class: article 2023/05/17 v1.4n Standard LaTeX document class
(C:\Users\allen\AppData\Local\Programs\MiKTeX\tex/latex/base\size12.clo
File: size12.clo 2023/05/17 v1.4n Standard LaTeX file (size option)
)
\c@part=\count187
\c@section=\count188
\c@subsection=\count189
\c@subsubsection=\count190
\c@paragraph=\count191
\c@subparagraph=\count192
\c@figure=\count193
\c@table=\count194
\abovecaptionskip=\skip48
\belowcaptionskip=\skip49
\bibindent=\dimen140
)
(C:\Users\allen\AppData\Local\Programs\MiKTeX\tex/generic/iftex\ifpdf.sty
Package: ifpdf 2019/10/25 v3.4 ifpdf legacy package. Use iftex instead.

(C:\Users\allen\AppData\Local\Programs\MiKTeX\tex/generic/iftex\iftex.sty
Package: iftex 2022/02/03 v1.0f TeX engine tests
))
(C:\Users\allen\AppData\Local\Programs\MiKTeX\tex/latex/cmap\cmap.sty
Package: cmap 2021/02/06 v1.0j CMap support: searchable PDF
)
(C:\Users\allen\AppData\Local\Programs\MiKTeX\tex/latex/graphics\graphicx.sty
Package: graphicx 2021/09/16 v1.2d Enhanced LaTeX Graphics (DPC,SPQR)

(C:\Users\allen\AppData\Local\Programs\MiKTeX\tex/latex/graphics\keyval.sty
Package: keyval 2022/05/29 v1.15 key=value parser (DPC)
\KV@toks@=\toks17
)
(C:\Users\allen\AppData\Local\Programs\MiKTeX\tex/latex/graphics\graphics.sty
Package: graphics 2022/03/10 v1.4e Standard LaTeX Graphics (DPC,SPQR)

(C:\Users\allen\AppData\Local\Programs\MiKTeX\tex/latex/graphics\trig.sty
Package: trig 2021/08/11 v1.11 sin cos tan (DPC)
)
(C:\Users\allen\AppData\Local\Programs\MiKTeX\tex/latex/graphics-cfg\graphics.c
fg
File: graphics.cfg 2016/06/04 v1.11 sample graphics configuration
)
Package graphics Info: Driver file: pdftex.def on input line 107.

(C:\Users\allen\AppData\Local\Programs\MiKTeX\tex/latex/graphics-def\pdftex.def
File: pdftex.def 2022/09/22 v1.2b Graphics/color driver for pdftex
))
\Gin@req@height=\dimen141
\Gin@req@width=\dimen142
)
(C:\Users\allen\AppData\Local\Programs\MiKTeX\tex/latex/epstopdf-pkg\epstopdf.s
ty
Package: epstopdf 2020-01-24 v2.11 Conversion with epstopdf on the fly (HO)

(C:\Users\allen\AppData\Local\Programs\MiKTeX\tex/generic/infwarerr\infwarerr.s
ty
Package: infwarerr 2019/12/03 v1.5 Providing info/warning/error messages (HO)
) (C:\Users\allen\AppData\Local\Programs\MiKTeX\tex/latex/grfext\grfext.sty
Package: grfext 2019/12/03 v1.3 Manage graphics extensions (HO)

(C:\Users\allen\AppData\Local\Programs\MiKTeX\tex/generic/kvdefinekeys\kvdefine
keys.sty
Package: kvdefinekeys 2019-12-19 v1.6 Define keys (HO)
))
(C:\Users\allen\AppData\Local\Programs\MiKTeX\tex/latex/kvoptions\kvoptions.sty
Package: kvoptions 2022-06-15 v3.15 Key value format for package options (HO)
(C:\Users\allen\AppData\Local\Programs\MiKTeX\tex/generic/ltxcmds\ltxcmds.sty
Package: ltxcmds 2023-12-04 v1.26 LaTeX kernel commands for general use (HO)
)
(C:\Users\allen\AppData\Local\Programs\MiKTeX\tex/latex/kvsetkeys\kvsetkeys.sty
Package: kvsetkeys 2022-10-05 v1.19 Key value parser (HO)
))
(C:\Users\allen\AppData\Local\Programs\MiKTeX\tex/generic/pdftexcmds\pdftexcmds
.sty
Package: pdftexcmds 2020-06-27 v0.33 Utility functions of pdfTeX for LuaTeX (HO
)
Package pdftexcmds Info: \pdf@primitive is available.
Package pdftexcmds Info: \pdf@ifprimitive is available.
Package pdftexcmds Info: \pdfdraftmode found.
)
(C:\Users\allen\AppData\Local\Programs\MiKTeX\tex/latex/epstopdf-pkg\epstopdf-b
ase.sty
Package: epstopdf-base 2020-01-24 v2.11 Base part for package epstopdf
Package epstopdf-base Info: Redefining graphics rule for `.eps' on input line 4
85.
Package grfext Info: Graphics extension search list:
(grfext)             [.pdf,.png,.jpg,.mps,.jpeg,.jbig2,.jb2,.PDF,.PNG,.JPG,.JPE
G,.JBIG2,.JB2,.eps]
(grfext)             \AppendGraphicsExtensions on input line 504.

(C:\Users\allen\AppData\Local\Programs\MiKTeX\tex/latex/00miktex\epstopdf-sys.c
fg
File: epstopdf-sys.cfg 2021/03/18 v2.0 Configuration of epstopdf for MiKTeX
)))
(C:\Users\allen\AppData\Local\Programs\MiKTeX\tex/latex/hyperref\hyperref.sty
Package: hyperref 2023-11-26 v7.01g Hypertext links for LaTeX

(C:\Users\allen\AppData\Local\Programs\MiKTeX\tex/generic/pdfescape\pdfescape.s
ty
Package: pdfescape 2019/12/09 v1.15 Implements pdfTeX's escape features (HO)
) (C:\Users\allen\AppData\Local\Programs\MiKTeX\tex/latex/hycolor\hycolor.sty
Package: hycolor 2020-01-27 v1.10 Color options for hyperref/bookmark (HO)
)
(C:\Users\allen\AppData\Local\Programs\MiKTeX\tex/latex/letltxmacro\letltxmacro
.sty
Package: letltxmacro 2019/12/03 v1.6 Let assignment for LaTeX macros (HO)
)
(C:\Users\allen\AppData\Local\Programs\MiKTeX\tex/latex/auxhook\auxhook.sty
Package: auxhook 2019-12-17 v1.6 Hooks for auxiliary files (HO)
)
(C:\Users\allen\AppData\Local\Programs\MiKTeX\tex/latex/hyperref\nameref.sty
Package: nameref 2023-11-26 v2.56 Cross-referencing by name of section

(C:\Users\allen\AppData\Local\Programs\MiKTeX\tex/latex/refcount\refcount.sty
Package: refcount 2019/12/15 v3.6 Data extraction from label references (HO)
)
(C:\Users\allen\AppData\Local\Programs\MiKTeX\tex/generic/gettitlestring\gettit
lestring.sty
Package: gettitlestring 2019/12/15 v1.6 Cleanup title references (HO)
)
\c@section@level=\count195
)
(C:\Users\allen\AppData\Local\Programs\MiKTeX\tex/latex/etoolbox\etoolbox.sty
Package: etoolbox 2020/10/05 v2.5k e-TeX tools for LaTeX (JAW)
\etb@tempcnta=\count196
)
\@linkdim=\dimen143
\Hy@linkcounter=\count197
\Hy@pagecounter=\count198

(C:\Users\allen\AppData\Local\Programs\MiKTeX\tex/latex/hyperref\pd1enc.def
File: pd1enc.def 2023-11-26 v7.01g Hyperref: PDFDocEncoding definition (HO)
Now handling font encoding PD1 ...
... no UTF-8 mapping file for font encoding PD1
)
(C:\Users\allen\AppData\Local\Programs\MiKTeX\tex/generic/intcalc\intcalc.sty
Package: intcalc 2019/12/15 v1.3 Expandable calculations with integers (HO)
)
\Hy@SavedSpaceFactor=\count199

(C:\Users\allen\AppData\Local\Programs\MiKTeX\tex/latex/hyperref\puenc.def
File: puenc.def 2023-11-26 v7.01g Hyperref: PDF Unicode definition (HO)
Now handling font encoding PU ...
... no UTF-8 mapping file for font encoding PU
)
Package hyperref Info: Option `colorlinks' set `false' on input line 4064.
Package hyperref Info: Option `hypertexnames' set `false' on input line 4064.
Package hyperref Info: Option `unicode' set `true' on input line 4064.
Package hyperref Info: Option `bookmarks' set `false' on input line 4064.
Package hyperref Info: Hyper figures OFF on input line 4181.
Package hyperref Info: Link nesting OFF on input line 4186.
Package hyperref Info: Hyper index ON on input line 4189.
Package hyperref Info: Plain pages OFF on input line 4196.
Package hyperref Info: Backreferencing OFF on input line 4201.
Package hyperref Info: Implicit mode ON; LaTeX internals redefined.
Package hyperref Info: Bookmarks OFF on input line 4454.
\c@Hy@tempcnt=\count266

(C:\Users\allen\AppData\Local\Programs\MiKTeX\tex/latex/url\url.sty
\Urlmuskip=\muskip16
Package: url 2013/09/16  ver 3.4  Verb mode for urls, etc.
)
LaTeX Info: Redefining \url on input line 4786.
\XeTeXLinkMargin=\dimen144

(C:\Users\allen\AppData\Local\Programs\MiKTeX\tex/generic/bitset\bitset.sty
Package: bitset 2019/12/09 v1.3 Handle bit-vector datatype (HO)

(C:\Users\allen\AppData\Local\Programs\MiKTeX\tex/generic/bigintcalc\bigintcalc
.sty
Package: bigintcalc 2019/12/15 v1.5 Expandable calculations on big integers (HO
)
))
\Fld@menulength=\count267
\Field@Width=\dimen145
\Fld@charsize=\dimen146
Package hyperref Info: Hyper figures OFF on input line 6065.
Package hyperref Info: Link nesting OFF on input line 6070.
Package hyperref Info: Hyper index ON on input line 6073.
Package hyperref Info: backreferencing OFF on input line 6080.
Package hyperref Info: Link coloring OFF on input line 6085.
Package hyperref Info: Link coloring with OCG OFF on input line 6090.
Package hyperref Info: PDF/A mode OFF on input line 6095.

(C:\Users\allen\AppData\Local\Programs\MiKTeX\tex/latex/base\atbegshi-ltx.sty
Package: atbegshi-ltx 2021/01/10 v1.0c Emulation of the original atbegshi
package with kernel methods
)
\Hy@abspage=\count268
\c@Item=\count269
\c@Hfootnote=\count270
)
Package hyperref Info: Driver: hpdftex.
(C:\Users\allen\AppData\Local\Programs\MiKTeX\tex/latex/hyperref\hpdftex.def
File: hpdftex.def 2023-11-26 v7.01g Hyperref driver for pdfTeX

(C:\Users\allen\AppData\Local\Programs\MiKTeX\tex/latex/base\atveryend-ltx.sty
Package: atveryend-ltx 2020/08/19 v1.0a Emulation of the original atveryend pac
kage
with kernel methods
)
\Fld@listcount=\count271
\c@bookmark@seq@number=\count272

(C:\Users\allen\AppData\Local\Programs\MiKTeX\tex/latex/rerunfilecheck\rerunfil
echeck.sty
Package: rerunfilecheck 2022-07-10 v1.10 Rerun checks for auxiliary files (HO)

(C:\Users\allen\AppData\Local\Programs\MiKTeX\tex/generic/uniquecounter\uniquec
ounter.sty
Package: uniquecounter 2019/12/15 v1.4 Provide unlimited unique counter (HO)
)
Package uniquecounter Info: New unique counter `rerunfilecheck' on input line 2
85.
)
\Hy@SectionHShift=\skip50
)
(C:\Users\allen\AppData\Local\Programs\MiKTeX\tex/latex/amsfonts\amssymb.sty
Package: amssymb 2013/01/14 v3.01 AMS font symbols

(C:\Users\allen\AppData\Local\Programs\MiKTeX\tex/latex/amsfonts\amsfonts.sty
Package: amsfonts 2013/01/14 v3.01 Basic AMSFonts support
\@emptytoks=\toks18
\symAMSa=\mathgroup4
\symAMSb=\mathgroup5
LaTeX Font Info:    Redeclaring math symbol \hbar on input line 98.
LaTeX Font Info:    Overwriting math alphabet `\mathfrak' in version `bold'
(Font)                  U/euf/m/n --> U/euf/b/n on input line 106.
)) (C:\Users\allen\AppData\Local\Programs\MiKTeX\tex/latex/amsmath\amsmath.sty
Package: amsmath 2023/05/13 v2.17o AMS math features
\@mathmargin=\skip51

For additional information on amsmath, use the `?' option.
(C:\Users\allen\AppData\Local\Programs\MiKTeX\tex/latex/amsmath\amstext.sty
Package: amstext 2021/08/26 v2.01 AMS text

(C:\Users\allen\AppData\Local\Programs\MiKTeX\tex/latex/amsmath\amsgen.sty
File: amsgen.sty 1999/11/30 v2.0 generic functions
\@emptytoks=\toks19
\ex@=\dimen147
))
(C:\Users\allen\AppData\Local\Programs\MiKTeX\tex/latex/amsmath\amsbsy.sty
Package: amsbsy 1999/11/29 v1.2d Bold Symbols
\pmbraise@=\dimen148
)
(C:\Users\allen\AppData\Local\Programs\MiKTeX\tex/latex/amsmath\amsopn.sty
Package: amsopn 2022/04/08 v2.04 operator names
)
\inf@bad=\count273
LaTeX Info: Redefining \frac on input line 234.
\uproot@=\count274
\leftroot@=\count275
LaTeX Info: Redefining \overline on input line 399.
LaTeX Info: Redefining \colon on input line 410.
\classnum@=\count276
\DOTSCASE@=\count277
LaTeX Info: Redefining \ldots on input line 496.
LaTeX Info: Redefining \dots on input line 499.
LaTeX Info: Redefining \cdots on input line 620.
\Mathstrutbox@=\box51
\strutbox@=\box52
LaTeX Info: Redefining \big on input line 722.
LaTeX Info: Redefining \Big on input line 723.
LaTeX Info: Redefining \bigg on input line 724.
LaTeX Info: Redefining \Bigg on input line 725.
\big@size=\dimen149
LaTeX Font Info:    Redeclaring font encoding OML on input line 743.
LaTeX Font Info:    Redeclaring font encoding OMS on input line 744.
\macc@depth=\count278
LaTeX Info: Redefining \bmod on input line 905.
LaTeX Info: Redefining \pmod on input line 910.
LaTeX Info: Redefining \smash on input line 940.
LaTeX Info: Redefining \relbar on input line 970.
LaTeX Info: Redefining \Relbar on input line 971.
\c@MaxMatrixCols=\count279
\dotsspace@=\muskip17
\c@parentequation=\count280
\dspbrk@lvl=\count281
\tag@help=\toks20
\row@=\count282
\column@=\count283
\maxfields@=\count284
\andhelp@=\toks21
\eqnshift@=\dimen150
\alignsep@=\dimen151
\tagshift@=\dimen152
\tagwidth@=\dimen153
\totwidth@=\dimen154
\lineht@=\dimen155
\@envbody=\toks22
\multlinegap=\skip52
\multlinetaggap=\skip53
\mathdisplay@stack=\toks23
LaTeX Info: Redefining \[ on input line 2953.
LaTeX Info: Redefining \] on input line 2954.
)
(C:\Users\allen\AppData\Local\Programs\MiKTeX\tex/latex/amsmath\amsxtra.sty
Package: amsxtra 1999/11/15 v1.2c AMS extra commands
LaTeX Info: Redefining \nobreakspace on input line 54.
)
(C:\Users\allen\AppData\Local\Programs\MiKTeX\tex/latex/cite\cite.sty
LaTeX Info: Redefining \cite on input line 302.
LaTeX Info: Redefining \nocite on input line 332.
Package: cite 2015/02/27  v 5.5
)
(C:\Users\allen\AppData\Local\Programs\MiKTeX\tex/latex/tools\indentfirst.sty
Package: indentfirst 2023/07/02 v1.03 Indent first paragraph (DPC)
)
(C:\Users\allen\AppData\Local\Programs\MiKTeX\tex/latex/graphics\color.sty
Package: color 2022/01/06 v1.3d Standard LaTeX Color (DPC)

(C:\Users\allen\AppData\Local\Programs\MiKTeX\tex/latex/graphics-cfg\color.cfg
File: color.cfg 2016/01/02 v1.6 sample color configuration
)
Package color Info: Driver file: pdftex.def on input line 149.
(C:\Users\allen\AppData\Local\Programs\MiKTeX\tex/latex/graphics\mathcolor.ltx)
) (C:\Users\allen\AppData\Local\Programs\MiKTeX\tex/latex/colortbl\colortbl.sty
Package: colortbl 2024/07/06 v1.0i Color table columns (DPC)
(C:\Users\allen\AppData\Local\Programs\MiKTeX\tex/latex/tools\array.sty
Package: array 2023/10/16 v2.5g Tabular extension package (FMi)
\col@sep=\dimen156
\ar@mcellbox=\box53
\extrarowheight=\dimen157
\NC@list=\toks24
\extratabsurround=\skip54
\backup@length=\skip55
\ar@cellbox=\box54
)
\everycr=\toks25
\minrowclearance=\skip56
\rownum=\count285
)
(C:\Users\allen\AppData\Local\Programs\MiKTeX\tex/latex/base\inputenc.sty
Package: inputenc 2021/02/14 v1.3d Input encoding file
\inpenc@prehook=\toks26
\inpenc@posthook=\toks27

(C:\Users\allen\AppData\Local\Programs\MiKTeX\tex/latex/cyrillic\cp1251.def
File: cp1251.def 2022/06/11 v1.0e Input encoding file
))
(C:\Users\allen\AppData\Local\Programs\MiKTeX\tex/latex/base\fontenc.sty
Package: fontenc 2021/04/29 v2.0v Standard LaTeX package

(C:\Users\allen\AppData\Local\Programs\MiKTeX\tex/latex/cyrillic\t2aenc.def
File: t2aenc.def 2022/06/11 v1.0j Cyrillic encoding definition file
Now handling font encoding T2A ...
... processing UTF-8 mapping file for font encoding T2A

(C:\Users\allen\AppData\Local\Programs\MiKTeX\tex/latex/base\t2aenc.dfu
File: t2aenc.dfu 2022/06/07 v1.3c UTF-8 support
   defining Unicode char U+00A4 (decimal 164)
   defining Unicode char U+00A7 (decimal 167)
   defining Unicode char U+00AB (decimal 171)
   defining Unicode char U+00BB (decimal 187)
   defining Unicode char U+0131 (decimal 305)
   defining Unicode char U+0237 (decimal 567)
   defining Unicode char U+0400 (decimal 1024)
   defining Unicode char U+0401 (decimal 1025)
   defining Unicode char U+0402 (decimal 1026)
   defining Unicode char U+0403 (decimal 1027)
   defining Unicode char U+0404 (decimal 1028)
   defining Unicode char U+0405 (decimal 1029)
   defining Unicode char U+0406 (decimal 1030)
   defining Unicode char U+0407 (decimal 1031)
   defining Unicode char U+0408 (decimal 1032)
   defining Unicode char U+0409 (decimal 1033)
   defining Unicode char U+040A (decimal 1034)
   defining Unicode char U+040B (decimal 1035)
   defining Unicode char U+040C (decimal 1036)
   defining Unicode char U+040D (decimal 1037)
   defining Unicode char U+040E (decimal 1038)
   defining Unicode char U+040F (decimal 1039)
   defining Unicode char U+0410 (decimal 1040)
   defining Unicode char U+0411 (decimal 1041)
   defining Unicode char U+0412 (decimal 1042)
   defining Unicode char U+0413 (decimal 1043)
   defining Unicode char U+0414 (decimal 1044)
   defining Unicode char U+0415 (decimal 1045)
   defining Unicode char U+0416 (decimal 1046)
   defining Unicode char U+0417 (decimal 1047)
   defining Unicode char U+0418 (decimal 1048)
   defining Unicode char U+0419 (decimal 1049)
   defining Unicode char U+041A (decimal 1050)
   defining Unicode char U+041B (decimal 1051)
   defining Unicode char U+041C (decimal 1052)
   defining Unicode char U+041D (decimal 1053)
   defining Unicode char U+041E (decimal 1054)
   defining Unicode char U+041F (decimal 1055)
   defining Unicode char U+0420 (decimal 1056)
   defining Unicode char U+0421 (decimal 1057)
   defining Unicode char U+0422 (decimal 1058)
   defining Unicode char U+0423 (decimal 1059)
   defining Unicode char U+0424 (decimal 1060)
   defining Unicode char U+0425 (decimal 1061)
   defining Unicode char U+0426 (decimal 1062)
   defining Unicode char U+0427 (decimal 1063)
   defining Unicode char U+0428 (decimal 1064)
   defining Unicode char U+0429 (decimal 1065)
   defining Unicode char U+042A (decimal 1066)
   defining Unicode char U+042B (decimal 1067)
   defining Unicode char U+042C (decimal 1068)
   defining Unicode char U+042D (decimal 1069)
   defining Unicode char U+042E (decimal 1070)
   defining Unicode char U+042F (decimal 1071)
   defining Unicode char U+0430 (decimal 1072)
   defining Unicode char U+0431 (decimal 1073)
   defining Unicode char U+0432 (decimal 1074)
   defining Unicode char U+0433 (decimal 1075)
   defining Unicode char U+0434 (decimal 1076)
   defining Unicode char U+0435 (decimal 1077)
   defining Unicode char U+0436 (decimal 1078)
   defining Unicode char U+0437 (decimal 1079)
   defining Unicode char U+0438 (decimal 1080)
   defining Unicode char U+0439 (decimal 1081)
   defining Unicode char U+043A (decimal 1082)
   defining Unicode char U+043B (decimal 1083)
   defining Unicode char U+043C (decimal 1084)
   defining Unicode char U+043D (decimal 1085)
   defining Unicode char U+043E (decimal 1086)
   defining Unicode char U+043F (decimal 1087)
   defining Unicode char U+0440 (decimal 1088)
   defining Unicode char U+0441 (decimal 1089)
   defining Unicode char U+0442 (decimal 1090)
   defining Unicode char U+0443 (decimal 1091)
   defining Unicode char U+0444 (decimal 1092)
   defining Unicode char U+0445 (decimal 1093)
   defining Unicode char U+0446 (decimal 1094)
   defining Unicode char U+0447 (decimal 1095)
   defining Unicode char U+0448 (decimal 1096)
   defining Unicode char U+0449 (decimal 1097)
   defining Unicode char U+044A (decimal 1098)
   defining Unicode char U+044B (decimal 1099)
   defining Unicode char U+044C (decimal 1100)
   defining Unicode char U+044D (decimal 1101)
   defining Unicode char U+044E (decimal 1102)
   defining Unicode char U+044F (decimal 1103)
   defining Unicode char U+0450 (decimal 1104)
   defining Unicode char U+0451 (decimal 1105)
   defining Unicode char U+0452 (decimal 1106)
   defining Unicode char U+0453 (decimal 1107)
   defining Unicode char U+0454 (decimal 1108)
   defining Unicode char U+0455 (decimal 1109)
   defining Unicode char U+0456 (decimal 1110)
   defining Unicode char U+0457 (decimal 1111)
   defining Unicode char U+0458 (decimal 1112)
   defining Unicode char U+0459 (decimal 1113)
   defining Unicode char U+045A (decimal 1114)
   defining Unicode char U+045B (decimal 1115)
   defining Unicode char U+045C (decimal 1116)
   defining Unicode char U+045D (decimal 1117)
   defining Unicode char U+045E (decimal 1118)
   defining Unicode char U+045F (decimal 1119)
   defining Unicode char U+0490 (decimal 1168)
   defining Unicode char U+0491 (decimal 1169)
   defining Unicode char U+0492 (decimal 1170)
   defining Unicode char U+0493 (decimal 1171)
   defining Unicode char U+0496 (decimal 1174)
   defining Unicode char U+0497 (decimal 1175)
   defining Unicode char U+0498 (decimal 1176)
   defining Unicode char U+0499 (decimal 1177)
   defining Unicode char U+049A (decimal 1178)
   defining Unicode char U+049B (decimal 1179)
   defining Unicode char U+049C (decimal 1180)
   defining Unicode char U+049D (decimal 1181)
   defining Unicode char U+04A0 (decimal 1184)
   defining Unicode char U+04A1 (decimal 1185)
   defining Unicode char U+04A2 (decimal 1186)
   defining Unicode char U+04A3 (decimal 1187)
   defining Unicode char U+04A4 (decimal 1188)
   defining Unicode char U+04A5 (decimal 1189)
   defining Unicode char U+04AA (decimal 1194)
   defining Unicode char U+04AB (decimal 1195)
   defining Unicode char U+04AE (decimal 1198)
   defining Unicode char U+04AF (decimal 1199)
   defining Unicode char U+04B0 (decimal 1200)
   defining Unicode char U+04B1 (decimal 1201)
   defining Unicode char U+04B2 (decimal 1202)
   defining Unicode char U+04B3 (decimal 1203)
   defining Unicode char U+04B6 (decimal 1206)
   defining Unicode char U+04B7 (decimal 1207)
   defining Unicode char U+04B8 (decimal 1208)
   defining Unicode char U+04B9 (decimal 1209)
   defining Unicode char U+04BA (decimal 1210)
   defining Unicode char U+04BB (decimal 1211)
   defining Unicode char U+04C0 (decimal 1216)
   defining Unicode char U+04C1 (decimal 1217)
   defining Unicode char U+04C2 (decimal 1218)
   defining Unicode char U+04D0 (decimal 1232)
   defining Unicode char U+04D1 (decimal 1233)
   defining Unicode char U+04D2 (decimal 1234)
   defining Unicode char U+04D3 (decimal 1235)
   defining Unicode char U+04D4 (decimal 1236)
   defining Unicode char U+04D5 (decimal 1237)
   defining Unicode char U+04D6 (decimal 1238)
   defining Unicode char U+04D7 (decimal 1239)
   defining Unicode char U+04D8 (decimal 1240)
   defining Unicode char U+04D9 (decimal 1241)
   defining Unicode char U+04DA (decimal 1242)
   defining Unicode char U+04DB (decimal 1243)
   defining Unicode char U+04DC (decimal 1244)
   defining Unicode char U+04DD (decimal 1245)
   defining Unicode char U+04DE (decimal 1246)
   defining Unicode char U+04DF (decimal 1247)
   defining Unicode char U+04E2 (decimal 1250)
   defining Unicode char U+04E3 (decimal 1251)
   defining Unicode char U+04E4 (decimal 1252)
   defining Unicode char U+04E5 (decimal 1253)
   defining Unicode char U+04E6 (decimal 1254)
   defining Unicode char U+04E7 (decimal 1255)
   defining Unicode char U+04E8 (decimal 1256)
   defining Unicode char U+04E9 (decimal 1257)
   defining Unicode char U+04EC (decimal 1260)
   defining Unicode char U+04ED (decimal 1261)
   defining Unicode char U+04EE (decimal 1262)
   defining Unicode char U+04EF (decimal 1263)
   defining Unicode char U+04F0 (decimal 1264)
   defining Unicode char U+04F1 (decimal 1265)
   defining Unicode char U+04F2 (decimal 1266)
   defining Unicode char U+04F3 (decimal 1267)
   defining Unicode char U+04F4 (decimal 1268)
   defining Unicode char U+04F5 (decimal 1269)
   defining Unicode char U+04F8 (decimal 1272)
   defining Unicode char U+04F9 (decimal 1273)
   defining Unicode char U+200C (decimal 8204)
   defining Unicode char U+2013 (decimal 8211)
   defining Unicode char U+2014 (decimal 8212)
   defining Unicode char U+2018 (decimal 8216)
   defining Unicode char U+2019 (decimal 8217)
   defining Unicode char U+201C (decimal 8220)
   defining Unicode char U+201D (decimal 8221)
   defining Unicode char U+201E (decimal 8222)
   defining Unicode char U+2030 (decimal 8240)
   defining Unicode char U+2031 (decimal 8241)
   defining Unicode char U+2116 (decimal 8470)
   defining Unicode char U+2329 (decimal 9001)
   defining Unicode char U+3008 (decimal 12296)
   defining Unicode char U+232A (decimal 9002)
   defining Unicode char U+3009 (decimal 12297)
   defining Unicode char U+2423 (decimal 9251)
   defining Unicode char U+27E8 (decimal 10216)
   defining Unicode char U+27E9 (decimal 10217)
   defining Unicode char U+FB00 (decimal 64256)
   defining Unicode char U+FB01 (decimal 64257)
   defining Unicode char U+FB02 (decimal 64258)
   defining Unicode char U+FB03 (decimal 64259)
   defining Unicode char U+FB04 (decimal 64260)
   defining Unicode char U+FB05 (decimal 64261)
   defining Unicode char U+FB06 (decimal 64262)
))
LaTeX Font Info:    Trying to load font information for T2A+cmr on input line 1
12.

(C:\Users\allen\AppData\Local\Programs\MiKTeX\tex/latex/cyrillic\t2acmr.fd
File: t2acmr.fd 2001/08/11 v1.0a Computer Modern Cyrillic font definitions
)<<t2a.cmap>>)
(C:\Users\allen\AppData\Local\Programs\MiKTeX\tex/latex/base\textcomp.sty
Package: textcomp 2020/02/02 v2.0n Standard LaTeX package
)
(C:\Users\allen\AppData\Local\Programs\MiKTeX\tex/generic/babel\babel.sty
Package: babel 2023/12/10 v3.99 The Babel package
\babel@savecnt=\count286
\U@D=\dimen158
\l@unhyphenated=\language79

(C:\Users\allen\AppData\Local\Programs\MiKTeX\tex/generic/babel\txtbabel.def)
\bbl@readstream=\read2
\bbl@dirlevel=\count287

*************************************
* Local config file bblopts.cfg used
*
(C:\Users\allen\AppData\Local\Programs\MiKTeX\tex/latex/arabi\bblopts.cfg
File: bblopts.cfg 2005/09/08 v0.1 add Arabic and Farsi to "declared" options of
 babel
)
(C:\Users\allen\AppData\Local\Programs\MiKTeX\tex/latex/babel-english\english.l
df
Language: english 2017/06/06 v3.3r English support from the babel system
Package babel Info: Hyphen rules for 'canadian' set to \l@english
(babel)             (\language0). Reported on input line 102.
Package babel Info: Hyphen rules for 'australian' set to \l@ukenglish
(babel)             (\language73). Reported on input line 105.
Package babel Info: Hyphen rules for 'newzealand' set to \l@ukenglish
(babel)             (\language73). Reported on input line 108.
)
(C:\Users\allen\AppData\Local\Programs\MiKTeX\tex/latex/babel-russian\russianb.
ldf
File: russianb.ldf 2021/01/10 1.3m Russian support for the Babel system
Language: russian 2020/09/09 1.3k Russian support for the Babel system
Package babel Info: Making " an active character on input line 124.
Package babel Info: Default for \cyrdash is provided on input line 163.
))
(C:\Users\allen\AppData\Local\Programs\MiKTeX\tex/generic/babel/locale/ru\babel
-russian.tex
Package babel Info: Importing font and identification data for russian
(babel)             from babel-ru.ini. Reported on input line 11.
)
(C:\Users\allen\AppData\Local\Programs\MiKTeX\tex/generic/babel/locale/en\babel
-english.tex
Package babel Info: Importing font and identification data for english
(babel)             from babel-en.ini. Reported on input line 11.
)
(C:\Users\allen\AppData\Local\Programs\MiKTeX\tex/latex/tools\bm.sty
Package: bm 2023/07/08 v1.2f Bold Symbol Support (DPC/FMi)
\symboldoperators=\mathgroup6
\symboldletters=\mathgroup7
\symboldsymbols=\mathgroup8
Package bm Info: No bold for \OMX/cmex/m/n, using \pmb.
Package bm Info: No bold for \U/msa/m/n, using \pmb.
Package bm Info: No bold for \U/msb/m/n, using \pmb.
LaTeX Font Info:    Redeclaring math alphabet \mathbf on input line 149.
)
(C:\Users\allen\AppData\Local\Programs\MiKTeX\tex/latex/comment\comment.sty
\CommentStream=\write3

Excluding comment 'comment')
(C:\Users\allen\AppData\Local\Programs\MiKTeX\tex/latex/l3backend\l3backend-pdf
tex.def
File: l3backend-pdftex.def 2024-01-04 L3 backend support: PDF output (pdfTeX)
\l__color_backend_stack_int=\count288
\l__pdf_internal_box=\box55
) (D:/РўРµРѕСЂ. С„РёР·РёРєР°/Review\ResonanceRew2024.aux

LaTeX Warning: Label `eq:L' multiply defined.

)
\openout1 = `ResonanceRew2024.aux'.

LaTeX Font Info:    Checking defaults for OML/cmm/m/it on input line 84.
LaTeX Font Info:    ... okay on input line 84.
LaTeX Font Info:    Checking defaults for OMS/cmsy/m/n on input line 84.
LaTeX Font Info:    ... okay on input line 84.
LaTeX Font Info:    Checking defaults for OT1/cmr/m/n on input line 84.
LaTeX Font Info:    ... okay on input line 84.
LaTeX Font Info:    Checking defaults for T1/cmr/m/n on input line 84.
LaTeX Font Info:    ... okay on input line 84.
LaTeX Font Info:    Checking defaults for TS1/cmr/m/n on input line 84.
LaTeX Font Info:    ... okay on input line 84.
LaTeX Font Info:    Checking defaults for OMX/cmex/m/n on input line 84.
LaTeX Font Info:    ... okay on input line 84.
LaTeX Font Info:    Checking defaults for U/cmr/m/n on input line 84.
LaTeX Font Info:    ... okay on input line 84.
LaTeX Font Info:    Checking defaults for PD1/pdf/m/n on input line 84.
LaTeX Font Info:    ... okay on input line 84.
LaTeX Font Info:    Checking defaults for PU/pdf/m/n on input line 84.
LaTeX Font Info:    ... okay on input line 84.
LaTeX Font Info:    Checking defaults for T2A/cmr/m/n on input line 84.
LaTeX Font Info:    ... okay on input line 84.

(C:\Users\allen\AppData\Local\Programs\MiKTeX\tex/context/base/mkii\supp-pdf.mk
ii
[Loading MPS to PDF converter (version 2006.09.02).]
\scratchcounter=\count289
\scratchdimen=\dimen159
\scratchbox=\box56
\nofMPsegments=\count290
\nofMParguments=\count291
\everyMPshowfont=\toks28
\MPscratchCnt=\count292
\MPscratchDim=\dimen160
\MPnumerator=\count293
\makeMPintoPDFobject=\count294
\everyMPtoPDFconversion=\toks29
)
Package hyperref Info: Link coloring OFF on input line 84.
LaTeX Info: Redefining \th on input line 84.
<<ot1.cmap>><<oml.cmap>><<oms.cmap>><<omx.cmap>>
LaTeX Font Info:    Trying to load font information for U+msa on input line 87.


(C:\Users\allen\AppData\Local\Programs\MiKTeX\tex/latex/amsfonts\umsa.fd
File: umsa.fd 2013/01/14 v3.01 AMS symbols A
)
LaTeX Font Info:    Trying to load font information for U+msb on input line 87.


(C:\Users\allen\AppData\Local\Programs\MiKTeX\tex/latex/amsfonts\umsb.fd
File: umsb.fd 2013/01/14 v3.01 AMS symbols B
)

Package hyperref Warning: Ignoring empty anchor on input line 98.


Package hyperref Warning: Ignoring empty anchor on input line 100.


Package hyperref Warning: Ignoring empty anchor on input line 102.

[1

{C:/Users/allen/AppData/Local/MiKTeX/fonts/map/pdftex/pdftex.map}]
(D:/РўРµРѕСЂ. С„РёР·РёРєР°/Review\introduction.tex [2] [3])
(D:/РўРµРѕСЂ. С„РёР·РёРєР°/Review\Chapter2.tex [4] [5]
Overfull \hbox (7.45706pt too wide) in paragraph at lines 65--66
\T2A/cmr/m/n/14.4 го со-сто-я-ния ча-стиц в от-дель-но-сти, ко-то-рые бу-дут им
еть лоренц-инвариантную
 []

[6] [7]) (D:/РўРµРѕСЂ. С„РёР·РёРєР°/Review\Chapter3_1.tex [8] [9] [10])
Overfull \hbox (0.9922pt too wide) in paragraph at lines 121--121
[]\T2A/cmr/bx/n/17.28 Распространение ра-ди-а-ции во внеш-нем маг-нит-ном по-
 []

(D:/РўРµРѕСЂ. С„РёР·РёРєР°/Review\Chapter3_2.tex [11]
! Misplaced alignment tab character &.
l.7 &
     &p_{\mprp}^\mu = (0, p_1, p_2, 0), \qquad p_{\mprl}^\mu = (p_0, 0, 0, p...

? 
! Misplaced alignment tab character &.
l.7 &&
      p_{\mprp}^\mu = (0, p_1, p_2, 0), \qquad p_{\mprl}^\mu = (p_0, 0, 0, p...

? 
! Misplaced alignment tab character &.
<recently read> &
                 
l.9 &
     &(pq)_{\mprp}= (p \Lambda q) =  p_1 q_1 + p_2 q_2, \qquad (pq)_{\mprl}=...

? 
! Misplaced alignment tab character &.
l.9 &&
      (pq)_{\mprp}= (p \Lambda q) =  p_1 q_1 + p_2 q_2, \qquad (pq)_{\mprl}=...

? 

Overfull \hbox (124.64806pt too wide) detected at line 10
[][][]\OML/cmm/m/it/14.4 p[] \OT1/cmr/m/n/14.4 = (0\OML/cmm/m/it/14.4 ; p[]; p[
]; \OT1/cmr/m/n/14.4 0)\OML/cmm/m/it/14.4 ;  p[] \OT1/cmr/m/n/14.4 = (\OML/cmm/
m/it/14.4 p[]; \OT1/cmr/m/n/14.4 0\OML/cmm/m/it/14.4 ; \OT1/cmr/m/n/14.4 0\OML/
cmm/m/it/14.4 ; p[]\OT1/cmr/m/n/14.4 )\OML/cmm/m/it/14.4 ; [] \OT1/cmr/m/n/14.4
 (\OML/cmm/m/it/14.4 pq\OT1/cmr/m/n/14.4 )[] = (\OML/cmm/m/it/14.4 p\OT1/cmr/m/
n/14.4 ^^C\OML/cmm/m/it/14.4 q\OT1/cmr/m/n/14.4 ) = \OML/cmm/m/it/14.4 p[]q[] \
OT1/cmr/m/n/14.4 + \OML/cmm/m/it/14.4 p[]q[];  \OT1/cmr/m/n/14.4 (\OML/cmm/m/it
/14.4 pq\OT1/cmr/m/n/14.4 )[] = (\OML/cmm/m/it/14.4 p[]q\OT1/cmr/m/n/14.4 ) = \
OML/cmm/m/it/14.4 p[]q[] \OMS/cmsy/m/n/14.4 ^^@ \OML/cmm/m/it/14.4 p[]q[] :
 []


Overfull \hbox (0.76636pt too wide) in paragraph at lines 25--28
[]\T2A/cmr/m/n/14.4 При этом $\OT1/cmr/m/n/14.4 (\OML/cmm/m/it/14.4 b[]b[]\OT1/
cmr/m/n/14.4 ) = \OMS/cmsy/m/n/14.4 ^^@\OML/cmm/m/it/14.4 q[]$\T2A/cmr/m/n/14.4
 , $\OT1/cmr/m/n/14.4 (\OML/cmm/m/it/14.4 b[]b[]\OT1/cmr/m/n/14.4 ) = \OMS/cmsy
/m/n/14.4 ^^@\OML/cmm/m/it/14.4 q[]$\T2A/cmr/m/n/14.4 , $\OT1/cmr/m/n/14.4 (\OM
L/cmm/m/it/14.4 b[]b[]\OT1/cmr/m/n/14.4 ) = \OMS/cmsy/m/n/14.4 ^^@\OML/cmm/m/it
/14.4 q[]q[]q[]$\T2A/cmr/m/n/14.4 , $\OT1/cmr/m/n/14.4 (\OML/cmm/m/it/14.4 b[]b
[]\OT1/cmr/m/n/14.4 ) =
 []

[12]

LaTeX Warning: Citation `Rojas1979' on page 13 undefined on input line 82.

[13]
Overfull \hbox (5.22943pt too wide) in paragraph at lines 201--204
[]\T2A/cmr/m/n/14.4 Соответствующие соб-ствен-ные зна-че-ния в при-бли-же-ни-ях
 $\OML/cmm/m/it/14.4 O\OT1/cmr/m/n/14.4 (1\OML/cmm/m/it/14.4 =^^L[]\OT1/cmr/m/n
/14.4 )$ \T2A/cmr/m/n/14.4 для $\OMS/cmsy/m/n/14.4 P[]$
 []

[14]

LaTeX Warning: Reference `eq:Ailambda' on page 15 undefined on input line 228.


LaTeX Warning: Reference `eq:kappa2' on page 15 undefined on input line 228.


LaTeX Warning: Reference `eq:Ailambda' on page 15 undefined on input line 230.


LaTeX Warning: Reference `eq:r13' on page 15 undefined on input line 233.


LaTeX Warning: Reference `eq:r2' on page 15 undefined on input line 233.


LaTeX Warning: Reference `eq:kappa13' on page 15 undefined on input line 234.


LaTeX Warning: Reference `eq:kappa2' on page 15 undefined on input line 234.


LaTeX Warning: Reference `eq:kappa2' on page 15 undefined on input line 258.

Package epstopdf Info: Source file: <fig2_1.eps>
(epstopdf)                    date: 2025-02-18 11:22:14
(epstopdf)                    size: 176422 bytes
(epstopdf)             Output file: <fig2_1-eps-converted-to.pdf>
(epstopdf)             Command: <miktex-epstopdf --outfile=fig2_1-eps-converted
-to.pdf fig2_1.eps>
(epstopdf)             \includegraphics on input line 261.
runsystem(miktex-epstopdf --outfile=fig2_1-eps-converted-to.pdf fig2_1.eps)...e
xecuted safely (allowed).

Package epstopdf Info: Result file: <fig2_1-eps-converted-to.pdf>
(epstopdf)                    date: 2025-02-24 19:59:51
(epstopdf)                    size: 43295 bytes.
<fig2_1-eps-converted-to.pdf, id=224, 286.06876pt x 180.675pt>
File: fig2_1-eps-converted-to.pdf Graphic file (type pdf)
<use fig2_1-eps-converted-to.pdf>
Package pdftex.def Info: fig2_1-eps-converted-to.pdf  used on input line 261.
(pdftex.def)             Requested size: 426.79134pt x 269.55618pt.
[15] [16 <./fig2_1-eps-converted-to.pdf>]
Package epstopdf Info: Source file: <fig2_2.eps>
(epstopdf)                    date: 2025-02-18 11:22:14
(epstopdf)                    size: 120935 bytes
(epstopdf)             Output file: <fig2_2-eps-converted-to.pdf>
(epstopdf)             Command: <miktex-epstopdf --outfile=fig2_2-eps-converted
-to.pdf fig2_2.eps>
(epstopdf)             \includegraphics on input line 300.
runsystem(miktex-epstopdf --outfile=fig2_2-eps-converted-to.pdf fig2_2.eps)...e
xecuted safely (allowed).

Package epstopdf Info: Result file: <fig2_2-eps-converted-to.pdf>
(epstopdf)                    date: 2025-02-24 19:59:52
(epstopdf)                    size: 28987 bytes.
<fig2_2-eps-converted-to.pdf, id=275, 286.06876pt x 180.675pt>
File: fig2_2-eps-converted-to.pdf Graphic file (type pdf)
<use fig2_2-eps-converted-to.pdf>
Package pdftex.def Info: fig2_2-eps-converted-to.pdf  used on input line 300.
(pdftex.def)             Requested size: 426.79134pt x 269.55618pt.


LaTeX Warning: Reference `fig:disT' on page 17 undefined on input line 312.


LaTeX Warning: Reference `fig:disTheta' on page 17 undefined on input line 312.


[17 <./fig2_2-eps-converted-to.pdf>])
(D:/РўРµРѕСЂ. С„РёР·РёРєР°/Review\Chapter4_1.tex)
(D:/РўРµРѕСЂ. С„РёР·РёРєР°/Review\Chapter4_2.tex [18] [19] [20]

LaTeX Warning: Reference `appA:AccurProp' on page 21 undefined on input line 90
.


Underfull \hbox (badness 10000) in paragraph at lines 87--101
\T2A/cmr/m/n/14.4 рас-се-я-ния тре-бу-ет-ся учесть пол-ную ши-ри-ну из-ме-не-ни
я со-сто-я-ния
 []

[21] [22]
Package epstopdf Info: Source file: <image/Chapter_4/figComp1.eps>
(epstopdf)                    date: 2025-02-18 11:22:14
(epstopdf)                    size: 54600 bytes
(epstopdf)             Output file: <image/Chapter_4/figComp1-eps-converted-to.
pdf>
(epstopdf)                    date: 2025-02-18 11:22:14
(epstopdf)                    size: 21558 bytes
(epstopdf)             Command: <miktex-epstopdf --outfile=image/Chapter_4/figC
omp1-eps-converted-to.pdf image/Chapter_4/figComp1.eps>
(epstopdf)             \includegraphics on input line 165.
Package epstopdf Info: Output file is already uptodate.
<image/Chapter_4/figComp1-eps-converted-to.pdf, id=388, 258.9675pt x 96.36pt>
File: image/Chapter_4/figComp1-eps-converted-to.pdf Graphic file (type pdf)
<use image/Chapter_4/figComp1-eps-converted-to.pdf>
Package pdftex.def Info: image/Chapter_4/figComp1-eps-converted-to.pdf  used on
 input line 165.
(pdftex.def)             Requested size: 284.52756pt x 105.8816pt.

Overfull \hbox (23.1332pt too wide) in alignment at lines 175--188
 [][][] []
 []


Overfull \hbox (6.07033pt too wide) in paragraph at lines 190--198
\T2A/cmr/m/n/14.4 Здесь $\OML/cmm/m/it/14.4 p[] \OT1/cmr/m/n/14.4 = (\OML/cmm/m
/it/14.4 E[]; \OT1/cmr/bx/n/14.4 p\OT1/cmr/m/n/14.4 )$ \T2A/cmr/m/n/14.4 и $\OM
L/cmm/m/it/14.4 p[] \OT1/cmr/m/n/14.4 = (\OML/cmm/m/it/14.4 E[]; \OT1/cmr/bx/n/
14.4 p[]\OT1/cmr/m/n/14.4 )$ \T2A/cmr/m/n/14.4 - че-ты-рех-мер-ные век-то-ры эн
ергии-импульса
 []

[23 <D:/РўРµРѕСЂ. С„РёР·РёРєР°/Review/image/Chapter_4/figComp1-eps-converted-to
.pdf>] [24] [25] [26] [27]
Overfull \hbox (33.45735pt too wide) in paragraph at lines 423--425
\T2A/cmr/m/n/14.4 по-гло-ще-ния удоб-но, на-при-мер, вы-чис-лять дли-ну сво-бод
-но-го про-бе-га [],
 []


Underfull \hbox (badness 7963) in paragraph at lines 427--428
[]\T2A/cmr/m/n/14.4 Подставляя фак-то-ри-зо-ван-ные квад-ра-ты ам-пли-туд ([]63
[]) с уче-том
 []

[28] [29] [30] [31]
Package epstopdf Info: Source file: <image/Chapter_4/AliceDeltaAverageB023T001D
eg30.eps>
(epstopdf)                    date: 2024-10-29 21:03:49
(epstopdf)                    size: 72653 bytes
(epstopdf)             Output file: <image/Chapter_4/AliceDeltaAverageB023T001D
eg30-eps-converted-to.pdf>
(epstopdf)                    date: 2024-10-29 21:03:49
(epstopdf)                    size: 25433 bytes
(epstopdf)             Command: <miktex-epstopdf --outfile=image/Chapter_4/Alic
eDeltaAverageB023T001Deg30-eps-converted-to.pdf image/Chapter_4/AliceDeltaAvera
geB023T001Deg30.eps>
(epstopdf)             \includegraphics on input line 565.
Package epstopdf Info: Output file is already uptodate.
<image/Chapter_4/AliceDeltaAverageB023T001Deg30-eps-converted-to.pdf, id=524, 2
59.97125pt x 184.69pt>
File: image/Chapter_4/AliceDeltaAverageB023T001Deg30-eps-converted-to.pdf Graph
ic file (type pdf)
<use image/Chapter_4/AliceDeltaAverageB023T001Deg30-eps-converted-to.pdf>
Package pdftex.def Info: image/Chapter_4/AliceDeltaAverageB023T001Deg30-eps-con
verted-to.pdf  used on input line 565.
(pdftex.def)             Requested size: 154.78653pt x 109.96376pt.
Package epstopdf Info: Source file: <image/Chapter_4/AliceDeltaAverageB023T001D
eg60.eps>
(epstopdf)                    date: 2024-10-29 21:03:49
(epstopdf)                    size: 71627 bytes
(epstopdf)             Output file: <image/Chapter_4/AliceDeltaAverageB023T001D
eg60-eps-converted-to.pdf>
(epstopdf)                    date: 2024-10-29 21:03:49
(epstopdf)                    size: 25055 bytes
(epstopdf)             Command: <miktex-epstopdf --outfile=image/Chapter_4/Alic
eDeltaAverageB023T001Deg60-eps-converted-to.pdf image/Chapter_4/AliceDeltaAvera
geB023T001Deg60.eps>
(epstopdf)             \includegraphics on input line 566.
Package epstopdf Info: Output file is already uptodate.
<image/Chapter_4/AliceDeltaAverageB023T001Deg60-eps-converted-to.pdf, id=526, 2
59.97125pt x 184.69pt>
File: image/Chapter_4/AliceDeltaAverageB023T001Deg60-eps-converted-to.pdf Graph
ic file (type pdf)
<use image/Chapter_4/AliceDeltaAverageB023T001Deg60-eps-converted-to.pdf>
Package pdftex.def Info: image/Chapter_4/AliceDeltaAverageB023T001Deg60-eps-con
verted-to.pdf  used on input line 566.
(pdftex.def)             Requested size: 154.78653pt x 109.96376pt.
Package epstopdf Info: Source file: <image/Chapter_4/AliceDeltaAverageB023T001D
eg85.eps>
(epstopdf)                    date: 2024-10-29 21:03:49
(epstopdf)                    size: 70753 bytes
(epstopdf)             Output file: <image/Chapter_4/AliceDeltaAverageB023T001D
eg85-eps-converted-to.pdf>
(epstopdf)                    date: 2024-10-29 21:03:49
(epstopdf)                    size: 24142 bytes
(epstopdf)             Command: <miktex-epstopdf --outfile=image/Chapter_4/Alic
eDeltaAverageB023T001Deg85-eps-converted-to.pdf image/Chapter_4/AliceDeltaAvera
geB023T001Deg85.eps>
(epstopdf)             \includegraphics on input line 567.
Package epstopdf Info: Output file is already uptodate.
<image/Chapter_4/AliceDeltaAverageB023T001Deg85-eps-converted-to.pdf, id=528, 2
59.97125pt x 184.69pt>
File: image/Chapter_4/AliceDeltaAverageB023T001Deg85-eps-converted-to.pdf Graph
ic file (type pdf)
<use image/Chapter_4/AliceDeltaAverageB023T001Deg85-eps-converted-to.pdf>
Package pdftex.def Info: image/Chapter_4/AliceDeltaAverageB023T001Deg85-eps-con
verted-to.pdf  used on input line 567.
(pdftex.def)             Requested size: 154.78653pt x 109.96376pt.
Package epstopdf Info: Source file: <image/Chapter_4/AliceDeltaAverageB023T01De
g30.eps>
(epstopdf)                    date: 2024-10-29 21:03:49
(epstopdf)                    size: 71894 bytes
(epstopdf)             Output file: <image/Chapter_4/AliceDeltaAverageB023T01De
g30-eps-converted-to.pdf>
(epstopdf)                    date: 2024-10-29 21:03:49
(epstopdf)                    size: 25000 bytes
(epstopdf)             Command: <miktex-epstopdf --outfile=image/Chapter_4/Alic
eDeltaAverageB023T01Deg30-eps-converted-to.pdf image/Chapter_4/AliceDeltaAverag
eB023T01Deg30.eps>
(epstopdf)             \includegraphics on input line 568.
Package epstopdf Info: Output file is already uptodate.
<image/Chapter_4/AliceDeltaAverageB023T01Deg30-eps-converted-to.pdf, id=530, 25
9.97125pt x 184.69pt>
File: image/Chapter_4/AliceDeltaAverageB023T01Deg30-eps-converted-to.pdf Graphi
c file (type pdf)
<use image/Chapter_4/AliceDeltaAverageB023T01Deg30-eps-converted-to.pdf>
Package pdftex.def Info: image/Chapter_4/AliceDeltaAverageB023T01Deg30-eps-conv
erted-to.pdf  used on input line 568.
(pdftex.def)             Requested size: 154.78653pt x 109.96376pt.
Package epstopdf Info: Source file: <image/Chapter_4/AliceDeltaAverageB023T01De
g60.eps>
(epstopdf)                    date: 2024-10-29 21:03:49
(epstopdf)                    size: 73634 bytes
(epstopdf)             Output file: <image/Chapter_4/AliceDeltaAverageB023T01De
g60-eps-converted-to.pdf>
(epstopdf)                    date: 2024-10-29 21:03:49
(epstopdf)                    size: 25784 bytes
(epstopdf)             Command: <miktex-epstopdf --outfile=image/Chapter_4/Alic
eDeltaAverageB023T01Deg60-eps-converted-to.pdf image/Chapter_4/AliceDeltaAverag
eB023T01Deg60.eps>
(epstopdf)             \includegraphics on input line 569.
Package epstopdf Info: Output file is already uptodate.
<image/Chapter_4/AliceDeltaAverageB023T01Deg60-eps-converted-to.pdf, id=532, 25
9.97125pt x 184.69pt>
File: image/Chapter_4/AliceDeltaAverageB023T01Deg60-eps-converted-to.pdf Graphi
c file (type pdf)
<use image/Chapter_4/AliceDeltaAverageB023T01Deg60-eps-converted-to.pdf>
Package pdftex.def Info: image/Chapter_4/AliceDeltaAverageB023T01Deg60-eps-conv
erted-to.pdf  used on input line 569.
(pdftex.def)             Requested size: 154.78653pt x 109.96376pt.
Package epstopdf Info: Source file: <image/Chapter_4/AliceDeltaAverageB023T01De
g85.eps>
(epstopdf)                    date: 2024-10-29 21:03:49
(epstopdf)                    size: 76250 bytes
(epstopdf)             Output file: <image/Chapter_4/AliceDeltaAverageB023T01De
g85-eps-converted-to.pdf>
(epstopdf)                    date: 2024-10-29 21:03:49
(epstopdf)                    size: 27236 bytes
(epstopdf)             Command: <miktex-epstopdf --outfile=image/Chapter_4/Alic
eDeltaAverageB023T01Deg85-eps-converted-to.pdf image/Chapter_4/AliceDeltaAverag
eB023T01Deg85.eps>
(epstopdf)             \includegraphics on input line 570.
Package epstopdf Info: Output file is already uptodate.
<image/Chapter_4/AliceDeltaAverageB023T01Deg85-eps-converted-to.pdf, id=534, 25
9.97125pt x 181.67876pt>
File: image/Chapter_4/AliceDeltaAverageB023T01Deg85-eps-converted-to.pdf Graphi
c file (type pdf)
<use image/Chapter_4/AliceDeltaAverageB023T01Deg85-eps-converted-to.pdf>
Package pdftex.def Info: image/Chapter_4/AliceDeltaAverageB023T01Deg85-eps-conv
erted-to.pdf  used on input line 570.
(pdftex.def)             Requested size: 154.78653pt x 108.17088pt.
Package epstopdf Info: Source file: <image/Chapter_4/AliceDeltaAverageB0039T001
Deg30.eps>
(epstopdf)                    date: 2024-10-27 10:33:32
(epstopdf)                    size: 63115 bytes
(epstopdf)             Output file: <image/Chapter_4/AliceDeltaAverageB0039T001
Deg30-eps-converted-to.pdf>
(epstopdf)                    date: 2024-10-27 10:33:32
(epstopdf)                    size: 22447 bytes
(epstopdf)             Command: <miktex-epstopdf --outfile=image/Chapter_4/Alic
eDeltaAverageB0039T001Deg30-eps-converted-to.pdf image/Chapter_4/AliceDeltaAver
ageB0039T001Deg30.eps>
(epstopdf)             \includegraphics on input line 571.
Package epstopdf Info: Output file is already uptodate.
<image/Chapter_4/AliceDeltaAverageB0039T001Deg30-eps-converted-to.pdf, id=536, 
258.9675pt x 183.68625pt>
File: image/Chapter_4/AliceDeltaAverageB0039T001Deg30-eps-converted-to.pdf Grap
hic file (type pdf)
<use image/Chapter_4/AliceDeltaAverageB0039T001Deg30-eps-converted-to.pdf>
Package pdftex.def Info: image/Chapter_4/AliceDeltaAverageB0039T001Deg30-eps-co
nverted-to.pdf  used on input line 571.
(pdftex.def)             Requested size: 154.78653pt x 109.79495pt.
Package epstopdf Info: Source file: <image/Chapter_4/AliceDeltaAverageB0039T001
Deg60.eps>
(epstopdf)                    date: 2024-10-27 10:33:32
(epstopdf)                    size: 61711 bytes
(epstopdf)             Output file: <image/Chapter_4/AliceDeltaAverageB0039T001
Deg60-eps-converted-to.pdf>
(epstopdf)                    date: 2024-10-27 10:33:32
(epstopdf)                    size: 21852 bytes
(epstopdf)             Command: <miktex-epstopdf --outfile=image/Chapter_4/Alic
eDeltaAverageB0039T001Deg60-eps-converted-to.pdf image/Chapter_4/AliceDeltaAver
ageB0039T001Deg60.eps>
(epstopdf)             \includegraphics on input line 572.
Package epstopdf Info: Output file is already uptodate.
<image/Chapter_4/AliceDeltaAverageB0039T001Deg60-eps-converted-to.pdf, id=538, 
258.9675pt x 183.68625pt>
File: image/Chapter_4/AliceDeltaAverageB0039T001Deg60-eps-converted-to.pdf Grap
hic file (type pdf)
<use image/Chapter_4/AliceDeltaAverageB0039T001Deg60-eps-converted-to.pdf>
Package pdftex.def Info: image/Chapter_4/AliceDeltaAverageB0039T001Deg60-eps-co
nverted-to.pdf  used on input line 572.
(pdftex.def)             Requested size: 154.78653pt x 109.79495pt.
Package epstopdf Info: Source file: <image/Chapter_4/AliceDeltaAverageB0039T001
Deg85.eps>
(epstopdf)                    date: 2024-10-27 10:33:32
(epstopdf)                    size: 59874 bytes
(epstopdf)             Output file: <image/Chapter_4/AliceDeltaAverageB0039T001
Deg85-eps-converted-to.pdf>
(epstopdf)                    date: 2024-10-27 10:33:32
(epstopdf)                    size: 20911 bytes
(epstopdf)             Command: <miktex-epstopdf --outfile=image/Chapter_4/Alic
eDeltaAverageB0039T001Deg85-eps-converted-to.pdf image/Chapter_4/AliceDeltaAver
ageB0039T001Deg85.eps>
(epstopdf)             \includegraphics on input line 573.
Package epstopdf Info: Output file is already uptodate.
<image/Chapter_4/AliceDeltaAverageB0039T001Deg85-eps-converted-to.pdf, id=540, 
258.9675pt x 187.70125pt>
File: image/Chapter_4/AliceDeltaAverageB0039T001Deg85-eps-converted-to.pdf Grap
hic file (type pdf)
<use image/Chapter_4/AliceDeltaAverageB0039T001Deg85-eps-converted-to.pdf>
Package pdftex.def Info: image/Chapter_4/AliceDeltaAverageB0039T001Deg85-eps-co
nverted-to.pdf  used on input line 573.
(pdftex.def)             Requested size: 154.78653pt x 112.19487pt.
Package epstopdf Info: Source file: <image/Chapter_4/AliceDeltaAverageB0039T01D
eg30.eps>
(epstopdf)                    date: 2024-10-27 10:33:32
(epstopdf)                    size: 60933 bytes
(epstopdf)             Output file: <image/Chapter_4/AliceDeltaAverageB0039T01D
eg30-eps-converted-to.pdf>
(epstopdf)                    date: 2024-10-27 10:33:32
(epstopdf)                    size: 21261 bytes
(epstopdf)             Command: <miktex-epstopdf --outfile=image/Chapter_4/Alic
eDeltaAverageB0039T01Deg30-eps-converted-to.pdf image/Chapter_4/AliceDeltaAvera
geB0039T01Deg30.eps>
(epstopdf)             \includegraphics on input line 574.
Package epstopdf Info: Output file is already uptodate.
<image/Chapter_4/AliceDeltaAverageB0039T01Deg30-eps-converted-to.pdf, id=542, 2
58.9675pt x 183.68625pt>
File: image/Chapter_4/AliceDeltaAverageB0039T01Deg30-eps-converted-to.pdf Graph
ic file (type pdf)
<use image/Chapter_4/AliceDeltaAverageB0039T01Deg30-eps-converted-to.pdf>
Package pdftex.def Info: image/Chapter_4/AliceDeltaAverageB0039T01Deg30-eps-con
verted-to.pdf  used on input line 574.
(pdftex.def)             Requested size: 154.78653pt x 109.79495pt.
Package epstopdf Info: Source file: <image/Chapter_4/AliceDeltaAverageB0039T01D
eg60.eps>
(epstopdf)                    date: 2024-10-27 10:33:32
(epstopdf)                    size: 61166 bytes
(epstopdf)             Output file: <image/Chapter_4/AliceDeltaAverageB0039T01D
eg60-eps-converted-to.pdf>
(epstopdf)                    date: 2024-10-27 10:33:32
(epstopdf)                    size: 21396 bytes
(epstopdf)             Command: <miktex-epstopdf --outfile=image/Chapter_4/Alic
eDeltaAverageB0039T01Deg60-eps-converted-to.pdf image/Chapter_4/AliceDeltaAvera
geB0039T01Deg60.eps>
(epstopdf)             \includegraphics on input line 575.
Package epstopdf Info: Output file is already uptodate.
<image/Chapter_4/AliceDeltaAverageB0039T01Deg60-eps-converted-to.pdf, id=544, 2
58.9675pt x 183.68625pt>
File: image/Chapter_4/AliceDeltaAverageB0039T01Deg60-eps-converted-to.pdf Graph
ic file (type pdf)
<use image/Chapter_4/AliceDeltaAverageB0039T01Deg60-eps-converted-to.pdf>
Package pdftex.def Info: image/Chapter_4/AliceDeltaAverageB0039T01Deg60-eps-con
verted-to.pdf  used on input line 575.
(pdftex.def)             Requested size: 154.78653pt x 109.79495pt.
Package epstopdf Info: Source file: <image/Chapter_4/AliceDeltaAverageB0039T01D
eg85.eps>
(epstopdf)                    date: 2024-10-27 10:33:32
(epstopdf)                    size: 65658 bytes
(epstopdf)             Output file: <image/Chapter_4/AliceDeltaAverageB0039T01D
eg85-eps-converted-to.pdf>
(epstopdf)                    date: 2024-10-27 10:33:32
(epstopdf)                    size: 23086 bytes
(epstopdf)             Command: <miktex-epstopdf --outfile=image/Chapter_4/Alic
eDeltaAverageB0039T01Deg85-eps-converted-to.pdf image/Chapter_4/AliceDeltaAvera
geB0039T01Deg85.eps>
(epstopdf)             \includegraphics on input line 576.
Package epstopdf Info: Output file is already uptodate.
<image/Chapter_4/AliceDeltaAverageB0039T01Deg85-eps-converted-to.pdf, id=546, 2
58.9675pt x 180.675pt>
File: image/Chapter_4/AliceDeltaAverageB0039T01Deg85-eps-converted-to.pdf Graph
ic file (type pdf)
<use image/Chapter_4/AliceDeltaAverageB0039T01Deg85-eps-converted-to.pdf>
Package pdftex.def Info: image/Chapter_4/AliceDeltaAverageB0039T01Deg85-eps-con
verted-to.pdf  used on input line 576.
(pdftex.def)             Requested size: 154.78653pt x 107.99504pt.
 [32 <D:/РўРµРѕСЂ. С„РёР·РёРєР°/Review/image/Chapter_4/AliceDeltaAverageB023T00
1Deg30-eps-converted-to.pdf> <D:/РўРµРѕСЂ. С„РёР·РёРєР°/Review/image/Chapter_4/
AliceDeltaAverageB023T001Deg60-eps-converted-to.pdf> <D:/РўРµРѕСЂ. С„РёР·РёРєР°
/Review/image/Chapter_4/AliceDeltaAverageB023T001Deg85-eps-converted-to.pdf> <D
:/РўРµРѕСЂ. С„РёР·РёРєР°/Review/image/Chapter_4/AliceDeltaAverageB023T01Deg30-e
ps-converted-to.pdf> <D:/РўРµРѕСЂ. С„РёР·РёРєР°/Review/image/Chapter_4/AliceDel
taAverageB023T01Deg60-eps-converted-to.pdf> <D:/РўРµРѕСЂ. С„РёР·РёРєР°/Review/i
mage/Chapter_4/AliceDeltaAverageB023T01Deg85-eps-converted-to.pdf> <D:/РўРµРѕСЂ
. С„РёР·РёРєР°/Review/image/Chapter_4/AliceDeltaAverageB0039T001Deg30-eps-conve
rted-to.pdf> <D:/РўРµРѕСЂ. С„РёР·РёРєР°/Review/image/Chapter_4/AliceDeltaAverag
eB0039T001Deg60-eps-converted-to.pdf> <D:/РўРµРѕСЂ. С„РёР·РёРєР°/Review/image/C
hapter_4/AliceDeltaAverageB0039T001Deg85-eps-converted-to.pdf> <D:/РўРµРѕСЂ. С„
РёР·РёРєР°/Review/image/Chapter_4/AliceDeltaAverageB0039T01Deg30-eps-converted-
to.pdf> <D:/РўРµРѕСЂ. С„РёР·РёРєР°/Review/image/Chapter_4/AliceDeltaAverageB003
9T01Deg60-eps-converted-to.pdf> <D:/РўРµРѕСЂ. С„РёР·РёРєР°/Review/image/Chapter
_4/AliceDeltaAverageB0039T01Deg85-eps-converted-to.pdf>]
Package epstopdf Info: Source file: <image/Chapter_4/AliceDeltaManyLevelB023T01
Deg30.eps>
(epstopdf)                    date: 2025-02-18 11:22:14
(epstopdf)                    size: 70906 bytes
(epstopdf)             Output file: <image/Chapter_4/AliceDeltaManyLevelB023T01
Deg30-eps-converted-to.pdf>
(epstopdf)                    date: 2025-02-18 11:22:14
(epstopdf)                    size: 24683 bytes
(epstopdf)             Command: <miktex-epstopdf --outfile=image/Chapter_4/Alic
eDeltaManyLevelB023T01Deg30-eps-converted-to.pdf image/Chapter_4/AliceDeltaMany
LevelB023T01Deg30.eps>
(epstopdf)             \includegraphics on input line 582.
Package epstopdf Info: Output file is already uptodate.
<image/Chapter_4/AliceDeltaManyLevelB023T01Deg30-eps-converted-to.pdf, id=591, 
259.97125pt x 184.69pt>
File: image/Chapter_4/AliceDeltaManyLevelB023T01Deg30-eps-converted-to.pdf Grap
hic file (type pdf)
<use image/Chapter_4/AliceDeltaManyLevelB023T01Deg30-eps-converted-to.pdf>
Package pdftex.def Info: image/Chapter_4/AliceDeltaManyLevelB023T01Deg30-eps-co
nverted-to.pdf  used on input line 582.
(pdftex.def)             Requested size: 266.03473pt x 188.99846pt.
Package epstopdf Info: Source file: <image/Chapter_4/AliceDeltaManyLevelB023T01
Deg60.eps>
(epstopdf)                    date: 2025-02-18 11:22:14
(epstopdf)                    size: 72967 bytes
(epstopdf)             Output file: <image/Chapter_4/AliceDeltaManyLevelB023T01
Deg60-eps-converted-to.pdf>
(epstopdf)                    date: 2025-02-18 11:22:14
(epstopdf)                    size: 25522 bytes
(epstopdf)             Command: <miktex-epstopdf --outfile=image/Chapter_4/Alic
eDeltaManyLevelB023T01Deg60-eps-converted-to.pdf image/Chapter_4/AliceDeltaMany
LevelB023T01Deg60.eps>
(epstopdf)             \includegraphics on input line 583.
Package epstopdf Info: Output file is already uptodate.
<image/Chapter_4/AliceDeltaManyLevelB023T01Deg60-eps-converted-to.pdf, id=593, 
259.97125pt x 184.69pt>
File: image/Chapter_4/AliceDeltaManyLevelB023T01Deg60-eps-converted-to.pdf Grap
hic file (type pdf)
<use image/Chapter_4/AliceDeltaManyLevelB023T01Deg60-eps-converted-to.pdf>
Package pdftex.def Info: image/Chapter_4/AliceDeltaManyLevelB023T01Deg60-eps-co
nverted-to.pdf  used on input line 583.
(pdftex.def)             Requested size: 266.03473pt x 188.99846pt.
Package epstopdf Info: Source file: <image/Chapter_4/AliceDeltaManyLevelB023T01
Deg85.eps>
(epstopdf)                    date: 2025-02-18 11:22:14
(epstopdf)                    size: 76007 bytes
(epstopdf)             Output file: <image/Chapter_4/AliceDeltaManyLevelB023T01
Deg85-eps-converted-to.pdf>
(epstopdf)                    date: 2025-02-18 11:22:14
(epstopdf)                    size: 27094 bytes
(epstopdf)             Command: <miktex-epstopdf --outfile=image/Chapter_4/Alic
eDeltaManyLevelB023T01Deg85-eps-converted-to.pdf image/Chapter_4/AliceDeltaMany
LevelB023T01Deg85.eps>
(epstopdf)             \includegraphics on input line 584.
Package epstopdf Info: Output file is already uptodate.
<image/Chapter_4/AliceDeltaManyLevelB023T01Deg85-eps-converted-to.pdf, id=595, 
259.97125pt x 181.67876pt>
File: image/Chapter_4/AliceDeltaManyLevelB023T01Deg85-eps-converted-to.pdf Grap
hic file (type pdf)
<use image/Chapter_4/AliceDeltaManyLevelB023T01Deg85-eps-converted-to.pdf>
Package pdftex.def Info: image/Chapter_4/AliceDeltaManyLevelB023T01Deg85-eps-co
nverted-to.pdf  used on input line 584.
(pdftex.def)             Requested size: 266.03473pt x 185.91698pt.

[33 <D:/РўРµРѕСЂ. С„РёР·РёРєР°/Review/image/Chapter_4/AliceDeltaManyLevelB023T0
1Deg30-eps-converted-to.pdf> <D:/РўРµРѕСЂ. С„РёР·РёРєР°/Review/image/Chapter_4/
AliceDeltaManyLevelB023T01Deg60-eps-converted-to.pdf> <D:/РўРµРѕСЂ. С„РёР·РёРєР
°/Review/image/Chapter_4/AliceDeltaManyLevelB023T01Deg85-eps-converted-to.pdf>]
[34


]
Package epstopdf Info: Source file: <image/Chapter_4/CompareMushOs005MushtukovX
1Ground.eps>
(epstopdf)                    date: 2024-08-12 17:56:49
(epstopdf)                    size: 32791 bytes
(epstopdf)             Output file: <image/Chapter_4/CompareMushOs005MushtukovX
1Ground-eps-converted-to.pdf>
(epstopdf)                    date: 2024-08-12 17:56:49
(epstopdf)                    size: 13190 bytes
(epstopdf)             Command: <miktex-epstopdf --outfile=image/Chapter_4/Comp
areMushOs005MushtukovX1Ground-eps-converted-to.pdf image/Chapter_4/CompareMushO
s005MushtukovX1Ground.eps>
(epstopdf)             \includegraphics on input line 595.
Package epstopdf Info: Output file is already uptodate.
<image/Chapter_4/CompareMushOs005MushtukovX1Ground-eps-converted-to.pdf, id=628
, 259.97125pt x 187.70125pt>
File: image/Chapter_4/CompareMushOs005MushtukovX1Ground-eps-converted-to.pdf Gr
aphic file (type pdf)
<use image/Chapter_4/CompareMushOs005MushtukovX1Ground-eps-converted-to.pdf>
Package pdftex.def Info: image/Chapter_4/CompareMushOs005MushtukovX1Ground-eps-
converted-to.pdf  used on input line 595.
(pdftex.def)             Requested size: 241.84842pt x 174.61763pt.
Package epstopdf Info: Source file: <image/Chapter_4/CompareMushOs005MushtukovX
2Ground.eps>
(epstopdf)                    date: 2024-08-12 17:56:49
(epstopdf)                    size: 32519 bytes
(epstopdf)             Output file: <image/Chapter_4/CompareMushOs005MushtukovX
2Ground-eps-converted-to.pdf>
(epstopdf)                    date: 2024-08-12 17:56:49
(epstopdf)                    size: 13094 bytes
(epstopdf)             Command: <miktex-epstopdf --outfile=image/Chapter_4/Comp
areMushOs005MushtukovX2Ground-eps-converted-to.pdf image/Chapter_4/CompareMushO
s005MushtukovX2Ground.eps>
(epstopdf)             \includegraphics on input line 596.
Package epstopdf Info: Output file is already uptodate.
<image/Chapter_4/CompareMushOs005MushtukovX2Ground-eps-converted-to.pdf, id=630
, 259.97125pt x 187.70125pt>
File: image/Chapter_4/CompareMushOs005MushtukovX2Ground-eps-converted-to.pdf Gr
aphic file (type pdf)
<use image/Chapter_4/CompareMushOs005MushtukovX2Ground-eps-converted-to.pdf>
Package pdftex.def Info: image/Chapter_4/CompareMushOs005MushtukovX2Ground-eps-
converted-to.pdf  used on input line 596.
(pdftex.def)             Requested size: 241.84842pt x 174.61763pt.
Package epstopdf Info: Source file: <image/Chapter_4/CompareMushOs005MushtukovX
3Ground.eps>
(epstopdf)                    date: 2024-08-12 17:56:49
(epstopdf)                    size: 32485 bytes
(epstopdf)             Output file: <image/Chapter_4/CompareMushOs005MushtukovX
3Ground-eps-converted-to.pdf>
(epstopdf)                    date: 2024-08-12 17:56:49
(epstopdf)                    size: 13009 bytes
(epstopdf)             Command: <miktex-epstopdf --outfile=image/Chapter_4/Comp
areMushOs005MushtukovX3Ground-eps-converted-to.pdf image/Chapter_4/CompareMushO
s005MushtukovX3Ground.eps>
(epstopdf)             \includegraphics on input line 597.
Package epstopdf Info: Output file is already uptodate.
<image/Chapter_4/CompareMushOs005MushtukovX3Ground-eps-converted-to.pdf, id=632
, 259.97125pt x 187.70125pt>
File: image/Chapter_4/CompareMushOs005MushtukovX3Ground-eps-converted-to.pdf Gr
aphic file (type pdf)
<use image/Chapter_4/CompareMushOs005MushtukovX3Ground-eps-converted-to.pdf>
Package pdftex.def Info: image/Chapter_4/CompareMushOs005MushtukovX3Ground-eps-
converted-to.pdf  used on input line 597.
(pdftex.def)             Requested size: 241.84842pt x 174.61763pt.


LaTeX Warning: Text page 35 contains only floats.

[35

 <D:/РўРµРѕСЂ. С„РёР·РёРєР°/Review/image/Chapter_4/CompareMushOs005MushtukovX1G
round-eps-converted-to.pdf> <D:/РўРµРѕСЂ. С„РёР·РёРєР°/Review/image/Chapter_4/C
ompareMushOs005MushtukovX2Ground-eps-converted-to.pdf> <D:/РўРµРѕСЂ. С„РёР·РёРє
Р°/Review/image/Chapter_4/CompareMushOs005MushtukovX3Ground-eps-converted-to.pd
f>]
Package epstopdf Info: Source file: <image/Chapter_4/CompareMushOs005MushtukovO
1Ground.eps>
(epstopdf)                    date: 2024-08-12 17:56:49
(epstopdf)                    size: 31535 bytes
(epstopdf)             Output file: <image/Chapter_4/CompareMushOs005MushtukovO
1Ground-eps-converted-to.pdf>
(epstopdf)                    date: 2024-08-12 17:56:49
(epstopdf)                    size: 12658 bytes
(epstopdf)             Command: <miktex-epstopdf --outfile=image/Chapter_4/Comp
areMushOs005MushtukovO1Ground-eps-converted-to.pdf image/Chapter_4/CompareMushO
s005MushtukovO1Ground.eps>
(epstopdf)             \includegraphics on input line 602.
Package epstopdf Info: Output file is already uptodate.
<image/Chapter_4/CompareMushOs005MushtukovO1Ground-eps-converted-to.pdf, id=650
, 259.97125pt x 187.70125pt>
File: image/Chapter_4/CompareMushOs005MushtukovO1Ground-eps-converted-to.pdf Gr
aphic file (type pdf)
<use image/Chapter_4/CompareMushOs005MushtukovO1Ground-eps-converted-to.pdf>
Package pdftex.def Info: image/Chapter_4/CompareMushOs005MushtukovO1Ground-eps-
converted-to.pdf  used on input line 602.
(pdftex.def)             Requested size: 241.84842pt x 174.61763pt.
Package epstopdf Info: Source file: <image/Chapter_4/CompareMushOs005MushtukovO
2Ground.eps>
(epstopdf)                    date: 2024-08-12 17:56:49
(epstopdf)                    size: 32023 bytes
(epstopdf)             Output file: <image/Chapter_4/CompareMushOs005MushtukovO
2Ground-eps-converted-to.pdf>
(epstopdf)                    date: 2024-08-12 17:56:49
(epstopdf)                    size: 12858 bytes
(epstopdf)             Command: <miktex-epstopdf --outfile=image/Chapter_4/Comp
areMushOs005MushtukovO2Ground-eps-converted-to.pdf image/Chapter_4/CompareMushO
s005MushtukovO2Ground.eps>
(epstopdf)             \includegraphics on input line 603.
Package epstopdf Info: Output file is already uptodate.
<image/Chapter_4/CompareMushOs005MushtukovO2Ground-eps-converted-to.pdf, id=652
, 259.97125pt x 187.70125pt>
File: image/Chapter_4/CompareMushOs005MushtukovO2Ground-eps-converted-to.pdf Gr
aphic file (type pdf)
<use image/Chapter_4/CompareMushOs005MushtukovO2Ground-eps-converted-to.pdf>
Package pdftex.def Info: image/Chapter_4/CompareMushOs005MushtukovO2Ground-eps-
converted-to.pdf  used on input line 603.
(pdftex.def)             Requested size: 241.84842pt x 174.61763pt.
Package epstopdf Info: Source file: <image/Chapter_4/CompareMushOs005MushtukovO
3Ground.eps>
(epstopdf)                    date: 2024-08-12 17:56:49
(epstopdf)                    size: 31398 bytes
(epstopdf)             Output file: <image/Chapter_4/CompareMushOs005MushtukovO
3Ground-eps-converted-to.pdf>
(epstopdf)                    date: 2024-08-12 17:56:49
(epstopdf)                    size: 12561 bytes
(epstopdf)             Command: <miktex-epstopdf --outfile=image/Chapter_4/Comp
areMushOs005MushtukovO3Ground-eps-converted-to.pdf image/Chapter_4/CompareMushO
s005MushtukovO3Ground.eps>
(epstopdf)             \includegraphics on input line 604.
Package epstopdf Info: Output file is already uptodate.
<image/Chapter_4/CompareMushOs005MushtukovO3Ground-eps-converted-to.pdf, id=654
, 259.97125pt x 187.70125pt>
File: image/Chapter_4/CompareMushOs005MushtukovO3Ground-eps-converted-to.pdf Gr
aphic file (type pdf)
<use image/Chapter_4/CompareMushOs005MushtukovO3Ground-eps-converted-to.pdf>
Package pdftex.def Info: image/Chapter_4/CompareMushOs005MushtukovO3Ground-eps-
converted-to.pdf  used on input line 604.
(pdftex.def)             Requested size: 241.84842pt x 174.61763pt.
 [36 <D:/РўРµРѕСЂ. С„РёР·РёРєР°/Review/image/Chapter_4/CompareMushOs005Mushtuko
vO1Ground-eps-converted-to.pdf> <D:/РўРµРѕСЂ. С„РёР·РёРєР°/Review/image/Chapter
_4/CompareMushOs005MushtukovO2Ground-eps-converted-to.pdf> <D:/РўРµРѕСЂ. С„РёР·
РёРєР°/Review/image/Chapter_4/CompareMushOs005MushtukovO3Ground-eps-converted-t
o.pdf>]
Underfull \hbox (badness 10000) in paragraph at lines 612--613
[]\T2A/cmr/m/n/14.4 Рассмотрим те-перь си-ту-а-цию сверх-силь-но-го маг-нит-но-
го по-ля,
 []

[37

]
Underfull \hbox (badness 2197) in paragraph at lines 635--638
\T2A/cmr/m/n/14.4 где $\OML/cmm/m/it/14.4 ^^R\OT1/cmr/m/n/14.4 (\OML/cmm/m/it/1
4.4 x\OT1/cmr/m/n/14.4 )$ \T2A/cmr/m/n/14.4 -- функ-ция Хе-ви-сай-да, [], а
 []


Overfull \hbox (36.28624pt too wide) in paragraph at lines 642--643
[]\T2A/cmr/m/n/14.4 Воспользовавшись ре-зуль-та-та-ми ра-бо-ты [[]83[]], ам-пли
-ту-ды $\OMS/cmsy/m/n/14.4 M[]$\T2A/cmr/m/n/14.4 , $\OMS/cmsy/m/n/14.4 M[]$
 []

[38]
Underfull \hbox (badness 10000) in paragraph at lines 673--674
[]\T2A/cmr/m/n/14.4 Парциальные ко-эф-фи-ци-ен-ты по-гло-ще-ния фо-то-на для ка
-на-лов
 []

[39] [40] [41]
Package epstopdf Info: Source file: <image/Chapter_4/Splot112001.eps>
(epstopdf)                    date: 2024-08-12 17:56:49
(epstopdf)                    size: 49707 bytes
(epstopdf)             Output file: <image/Chapter_4/Splot112001-eps-converted-
to.pdf>
(epstopdf)                    date: 2024-08-12 17:56:49
(epstopdf)                    size: 18886 bytes
(epstopdf)             Command: <miktex-epstopdf --outfile=image/Chapter_4/Splo
t112001-eps-converted-to.pdf image/Chapter_4/Splot112001.eps>
(epstopdf)             \includegraphics on input line 725.
Package epstopdf Info: Output file is already uptodate.
<image/Chapter_4/Splot112001-eps-converted-to.pdf, id=735, 259.97125pt x 156.58
5pt>
File: image/Chapter_4/Splot112001-eps-converted-to.pdf Graphic file (type pdf)
<use image/Chapter_4/Splot112001-eps-converted-to.pdf>
Package pdftex.def Info: image/Chapter_4/Splot112001-eps-converted-to.pdf  used
 on input line 725.
(pdftex.def)             Requested size: 386.95894pt x 233.073pt.
Package epstopdf Info: Source file: <image/Chapter_4/Splot11201.eps>
(epstopdf)                    date: 2024-08-12 17:56:49
(epstopdf)                    size: 37563 bytes
(epstopdf)             Output file: <image/Chapter_4/Splot11201-eps-converted-t
o.pdf>
(epstopdf)                    date: 2024-08-12 17:56:49
(epstopdf)                    size: 14479 bytes
(epstopdf)             Command: <miktex-epstopdf --outfile=image/Chapter_4/Splo
t11201-eps-converted-to.pdf image/Chapter_4/Splot11201.eps>
(epstopdf)             \includegraphics on input line 731.
Package epstopdf Info: Output file is already uptodate.
<image/Chapter_4/Splot11201-eps-converted-to.pdf, id=736, 259.97125pt x 156.585
pt>
File: image/Chapter_4/Splot11201-eps-converted-to.pdf Graphic file (type pdf)
<use image/Chapter_4/Splot11201-eps-converted-to.pdf>
Package pdftex.def Info: image/Chapter_4/Splot11201-eps-converted-to.pdf  used 
on input line 731.
(pdftex.def)             Requested size: 386.95894pt x 233.073pt.


LaTeX Warning: Text page 42 contains only floats.

[42

 <D:/РўРµРѕСЂ. С„РёР·РёРєР°/Review/image/Chapter_4/Splot112001-eps-converted-to
.pdf> <D:/РўРµРѕСЂ. С„РёР·РёРєР°/Review/image/Chapter_4/Splot11201-eps-converte
d-to.pdf>]
Package epstopdf Info: Source file: <image/Chapter_4/Splot122001.eps>
(epstopdf)                    date: 2024-08-12 17:56:49
(epstopdf)                    size: 41987 bytes
(epstopdf)             Output file: <image/Chapter_4/Splot122001-eps-converted-
to.pdf>
(epstopdf)                    date: 2024-08-12 17:56:49
(epstopdf)                    size: 16197 bytes
(epstopdf)             Command: <miktex-epstopdf --outfile=image/Chapter_4/Splo
t122001-eps-converted-to.pdf image/Chapter_4/Splot122001.eps>
(epstopdf)             \includegraphics on input line 737.
Package epstopdf Info: Output file is already uptodate.
<image/Chapter_4/Splot122001-eps-converted-to.pdf, id=749, 259.97125pt x 156.58
5pt>
File: image/Chapter_4/Splot122001-eps-converted-to.pdf Graphic file (type pdf)
<use image/Chapter_4/Splot122001-eps-converted-to.pdf>
Package pdftex.def Info: image/Chapter_4/Splot122001-eps-converted-to.pdf  used
 on input line 737.
(pdftex.def)             Requested size: 386.95894pt x 233.073pt.
Package epstopdf Info: Source file: <image/Chapter_4/Splot12201.eps>
(epstopdf)                    date: 2024-08-12 17:56:49
(epstopdf)                    size: 36236 bytes
(epstopdf)             Output file: <image/Chapter_4/Splot12201-eps-converted-t
o.pdf>
(epstopdf)                    date: 2024-08-12 17:56:49
(epstopdf)                    size: 14229 bytes
(epstopdf)             Command: <miktex-epstopdf --outfile=image/Chapter_4/Splo
t12201-eps-converted-to.pdf image/Chapter_4/Splot12201.eps>
(epstopdf)             \includegraphics on input line 743.
Package epstopdf Info: Output file is already uptodate.
<image/Chapter_4/Splot12201-eps-converted-to.pdf, id=752, 259.97125pt x 156.585
pt>
File: image/Chapter_4/Splot12201-eps-converted-to.pdf Graphic file (type pdf)
<use image/Chapter_4/Splot12201-eps-converted-to.pdf>
Package pdftex.def Info: image/Chapter_4/Splot12201-eps-converted-to.pdf  used 
on input line 743.
(pdftex.def)             Requested size: 386.95894pt x 233.073pt.
 [43 <D:/РўРµРѕСЂ. С„РёР·РёРєР°/Review/image/Chapter_4/Splot122001-eps-converte
d-to.pdf> <D:/РўРµРѕСЂ. С„РёР·РёРєР°/Review/image/Chapter_4/Splot12201-eps-conv
erted-to.pdf>]) (D:/РўРµРѕСЂ. С„РёР·РёРєР°/Review\Chapter4_3.tex)
(D:/РўРµРѕСЂ. С„РёР·РёРєР°/Review\Chapter5.tex)
(D:/РўРµРѕСЂ. С„РёР·РёРєР°/Review\conclusion.tex) [44

]
(D:/РўРµРѕСЂ. С„РёР·РёРєР°/Review\ResonanceRew2024.bbl [45] [46] [47] [48]
[49] [50] [51] [52]) [53] (ResonanceRew2024.aux)
 ***********
LaTeX2e <2023-11-01>
L3 programming layer <2024-01-04>
 ***********


LaTeX Warning: There were undefined references.


LaTeX Warning: There were multiply-defined labels.

 ) 
Here is how much of TeX's memory you used:
 13228 strings out of 474485
 218464 string characters out of 5743734
 1945528 words of memory out of 5000000
 34920 multiletter control sequences out of 15000+600000
 582178 words of font info for 101 fonts, out of 8000000 for 9000
 1141 hyphenation exceptions out of 8191
 63i,14n,67p,4448b,590s stack positions out of 10000i,1000n,20000p,200000b,200000s

pdfTeX warning (dest): name{figure.115} has been referenced but does not exist,
 replaced by a fixed one


pdfTeX warning (dest): name{figure.114} has been referenced but does not exist,
 replaced by a fixed one


pdfTeX warning (dest): name{figure.113} has been referenced but does not exist,
 replaced by a fixed one


pdfTeX warning (dest): name{figure.112} has been referenced but does not exist,
 replaced by a fixed one


pdfTeX warning (dest): name{equation.107} has been referenced but does not exis
t, replaced by a fixed one


pdfTeX warning (dest): name{equation.106} has been referenced but does not exis
t, replaced by a fixed one


pdfTeX warning (dest): name{equation.69} has been referenced but does not exist
, replaced by a fixed one


pdfTeX warning (dest): name{figure.101} has been referenced but does not exist,
 replaced by a fixed one


pdfTeX warning (dest): name{figure.100} has been referenced but does not exist,
 replaced by a fixed one


pdfTeX warning (dest): name{figure.99} has been referenced but does not exist, 
replaced by a fixed one


pdfTeX warning (dest): name{figure.98} has been referenced but does not exist, 
replaced by a fixed one


pdfTeX warning (dest): name{section.21} has been referenced but does not exist,
 replaced by a fixed one


pdfTeX warning (dest): name{figure.51} has been referenced but does not exist, 
replaced by a fixed one


pdfTeX warning (dest): name{equation.62} has been referenced but does not exist
, replaced by a fixed one


pdfTeX warning (dest): name{figure.63} has been referenced but does not exist, 
replaced by a fixed one

 <C:\Users\allen\AppData\Local\MiKTeX\fonts/pk/ljfour/lh/lh-t2a/dpi600\labx1440
.pk> <C:\Users\allen\AppData\Local\MiKTeX\fonts/pk/ljfour/lh/lh-t2a/dpi600\labx
1728.pk> <C:\Users\allen\AppData\Local\MiKTeX\fonts/pk/ljfour/lh/lh-t2a/dpi600\
larm1200.pk> <C:\Users\allen\AppData\Local\MiKTeX\fonts/pk/ljfour/lh/lh-t2a/dpi
600\larm1000.pk> <C:\Users\allen\AppData\Local\MiKTeX\fonts/pk/ljfour/lh/lh-t2a
/dpi600\larm0700.pk> <C:\Users\allen\AppData\Local\MiKTeX\fonts/pk/ljfour/lh/lh
-t2a/dpi600\lati1440.pk> <C:\Users\allen\AppData\Local\MiKTeX\fonts/pk/ljfour/l
h/lh-t2a/dpi600\larm1440.pk> <C:\Users\allen\AppData\Local\MiKTeX\fonts/pk/ljfo
ur/lh/lh-t2a/dpi600\larm2074.pk><C:/Users/allen/AppData/Local/Programs/MiKTeX/f
onts/type1/public/amsfonts/cm/cmbsy10.pfb><C:/Users/allen/AppData/Local/Program
s/MiKTeX/fonts/type1/public/amsfonts/cm/cmbx12.pfb><C:/Users/allen/AppData/Loca
l/Programs/MiKTeX/fonts/type1/public/amsfonts/cm/cmex10.pfb><C:/Users/allen/App
Data/Local/Programs/MiKTeX/fonts/type1/public/amsfonts/cm/cmmi10.pfb><C:/Users/
allen/AppData/Local/Programs/MiKTeX/fonts/type1/public/amsfonts/cm/cmmi12.pfb><
C:/Users/allen/AppData/Local/Programs/MiKTeX/fonts/type1/public/amsfonts/cm/cmm
i7.pfb><C:/Users/allen/AppData/Local/Programs/MiKTeX/fonts/type1/public/amsfont
s/cm/cmmi8.pfb><C:/Users/allen/AppData/Local/Programs/MiKTeX/fonts/type1/public
/amsfonts/cm/cmmib10.pfb><C:/Users/allen/AppData/Local/Programs/MiKTeX/fonts/ty
pe1/public/amsfonts/cm/cmr10.pfb><C:/Users/allen/AppData/Local/Programs/MiKTeX/
fonts/type1/public/amsfonts/cm/cmr12.pfb><C:/Users/allen/AppData/Local/Programs
/MiKTeX/fonts/type1/public/amsfonts/cm/cmr5.pfb><C:/Users/allen/AppData/Local/P
rograms/MiKTeX/fonts/type1/public/amsfonts/cm/cmr7.pfb><C:/Users/allen/AppData/
Local/Programs/MiKTeX/fonts/type1/public/amsfonts/cm/cmr8.pfb><C:/Users/allen/A
ppData/Local/Programs/MiKTeX/fonts/type1/public/amsfonts/cm/cmsy10.pfb><C:/User
s/allen/AppData/Local/Programs/MiKTeX/fonts/type1/public/amsfonts/cm/cmsy5.pfb>
<C:/Users/allen/AppData/Local/Programs/MiKTeX/fonts/type1/public/amsfonts/cm/cm
sy6.pfb><C:/Users/allen/AppData/Local/Programs/MiKTeX/fonts/type1/public/amsfon
ts/cm/cmsy7.pfb><C:/Users/allen/AppData/Local/Programs/MiKTeX/fonts/type1/publi
c/amsfonts/cm/cmsy8.pfb><C:/Users/allen/AppData/Local/Programs/MiKTeX/fonts/typ
e1/public/amsfonts/symbols/msam10.pfb><C:/Users/allen/AppData/Local/Programs/Mi
KTeX/fonts/type1/public/amsfonts/symbols/msbm10.pfb>
Output written on ResonanceRew2024.pdf (53 pages, 1130139 bytes).
PDF statistics:
 1362 PDF objects out of 1440 (max. 8388607)
 281 named destinations out of 1000 (max. 500000)
 287 words of extra memory for PDF output out of 10000 (max. 10000000)

