This is pdfTeX, Version 3.1415926-2.3-1.40.12 (MiKTeX 2.9) (preloaded format=pdflatex 2022.6.5)  13 SEP 2023 22:21
entering extended mode
**autoref.tex

(C:\Users\a12l\OneDrive\Science\Dissere\MyDisser\DisserYarkovVer1\autoref\autor
ef.tex
LaTeX2e <2011/06/27>
Babel <v3.8m> and hyphenation patterns for english, afrikaans, ancientgreek, ar
abic, armenian, assamese, basque, bengali, bokmal, bulgarian, catalan, coptic, 
croatian, czech, danish, dutch, esperanto, estonian, farsi, finnish, french, ga
lician, german, german-x-2009-06-19, greek, gujarati, hindi, hungarian, iceland
ic, indonesian, interlingua, irish, italian, kannada, kurmanji, lao, latin, lat
vian, lithuanian, malayalam, marathi, mongolian, mongolianlmc, monogreek, ngerm
an, ngerman-x-2009-06-19, nynorsk, oriya, panjabi, pinyin, polish, portuguese, 
romanian, russian, sanskrit, serbian, slovak, slovenian, spanish, swedish, swis
sgerman, tamil, telugu, turkish, turkmen, ukenglish, ukrainian, uppersorbian, u
senglishmax, welsh, loaded.
(D:\YarGU\MiktexPack\disser-1.3.2.tds\tex\latex\disser\disser.cls
Document Class: disser 2015/07/25 1.3.2 Document class for dissertations
("C:\Program Files (x86)\MiKTeX 2.9\tex\latex\oberdiek\kvoptions.sty"
Package: kvoptions 2010/12/23 v3.10 Keyval support for LaTeX options (HO)

("C:\Program Files (x86)\MiKTeX 2.9\tex\latex\graphics\keyval.sty"
Package: keyval 1999/03/16 v1.13 key=value parser (DPC)
\KV@toks@=\toks14
)
("C:\Program Files (x86)\MiKTeX 2.9\tex\generic\oberdiek\ltxcmds.sty"
Package: ltxcmds 2011/04/18 v1.20 LaTeX kernel commands for general use (HO)
)
("C:\Program Files (x86)\MiKTeX 2.9\tex\generic\oberdiek\kvsetkeys.sty"
Package: kvsetkeys 2011/04/07 v1.13 Key value parser (HO)

("C:\Program Files (x86)\MiKTeX 2.9\tex\generic\oberdiek\infwarerr.sty"
Package: infwarerr 2010/04/08 v1.3 Providing info/warning/message (HO)
)
("C:\Program Files (x86)\MiKTeX 2.9\tex\generic\oberdiek\etexcmds.sty"
Package: etexcmds 2011/02/16 v1.5 Prefix for e-TeX command names (HO)

("C:\Program Files (x86)\MiKTeX 2.9\tex\generic\oberdiek\ifluatex.sty"
Package: ifluatex 2010/03/01 v1.3 Provides the ifluatex switch (HO)
Package ifluatex Info: LuaTeX not detected.
)
Package etexcmds Info: Could not find \expanded.
(etexcmds)             That can mean that you are not using pdfTeX 1.50 or
(etexcmds)             that some package has redefined \expanded.
(etexcmds)             In the latter case, load this package earlier.
)))
("C:\Program Files (x86)\MiKTeX 2.9\tex\generic\oberdiek\ifpdf.sty"
Package: ifpdf 2011/01/30 v2.3 Provides the ifpdf switch (HO)
Package ifpdf Info: pdfTeX in PDF mode is detected.
)
("C:\Program Files (x86)\MiKTeX 2.9\tex\latex\base\ifthen.sty"
Package: ifthen 2001/05/26 v1.1c Standard LaTeX ifthen package (DPC)
)
("C:\Program Files (x86)\MiKTeX 2.9\tex\latex\textcase\textcase.sty"
Package: textcase 2004/10/07 v0.07 Text only upper/lower case changing (DPC)
)
("C:\Program Files (x86)\MiKTeX 2.9\tex\latex\extsizes\size14.clo"
File: size14.clo 1999/11/11 v1.4a NON-Standard LaTeX file (size option)
)
("C:\Program Files (x86)\MiKTeX 2.9\tex\latex\base\exscale.sty"
Package: exscale 2007/10/29 v2.1h Standard LaTeX package exscale
LaTeX Font Info:    Redeclaring symbol font `largesymbols' on input line 52.
LaTeX Font Info:    Overwriting symbol font `largesymbols' in version `normal'
(Font)                  OMX/cmex/m/n --> OMX/cmex/m/n on input line 52.
LaTeX Font Info:    Overwriting symbol font `largesymbols' in version `bold'
(Font)                  OMX/cmex/m/n --> OMX/cmex/m/n on input line 52.
\big@size=\dimen102
)
\c@part=\count79
\c@chapter=\count80
\c@section=\count81
\c@subsection=\count82
\c@subsubsection=\count83
\c@paragraph=\count84
\c@subparagraph=\count85
\c@figure=\count86
\c@table=\count87
\chapterindent=\skip41
\abovecaptionskip=\skip42
\belowcaptionskip=\skip43
\footnoteindent=\skip44

(D:\YarGU\MiktexPack\disser-1.3.2.tds\tex\latex\disser\titledefs.rtx
File: titledefs.rtx 
\fieldhshift=\skip45
)
\bibindent=\dimen103

("C:\Program Files (x86)\MiKTeX 2.9\tex\latex\ams\math\amsmath.sty"
Package: amsmath 2000/07/18 v2.13 AMS math features
\@mathmargin=\skip46

For additional information on amsmath, use the `?' option.
("C:\Program Files (x86)\MiKTeX 2.9\tex\latex\ams\math\amstext.sty"
Package: amstext 2000/06/29 v2.01

("C:\Program Files (x86)\MiKTeX 2.9\tex\latex\ams\math\amsgen.sty"
File: amsgen.sty 1999/11/30 v2.0
\@emptytoks=\toks15
\ex@=\dimen104
))
("C:\Program Files (x86)\MiKTeX 2.9\tex\latex\ams\math\amsbsy.sty"
Package: amsbsy 1999/11/29 v1.2d
\pmbraise@=\dimen105
)
("C:\Program Files (x86)\MiKTeX 2.9\tex\latex\ams\math\amsopn.sty"
Package: amsopn 1999/12/14 v2.01 operator names
)
\inf@bad=\count88
LaTeX Info: Redefining \frac on input line 211.
\uproot@=\count89
\leftroot@=\count90
LaTeX Info: Redefining \overline on input line 307.
\classnum@=\count91
\DOTSCASE@=\count92
LaTeX Info: Redefining \ldots on input line 379.
LaTeX Info: Redefining \dots on input line 382.
LaTeX Info: Redefining \cdots on input line 467.
\Mathstrutbox@=\box26
\strutbox@=\box27
\big@size=\dimen106
LaTeX Font Info:    Redeclaring font encoding OML on input line 567.
LaTeX Font Info:    Redeclaring font encoding OMS on input line 568.
\macc@depth=\count93
\c@MaxMatrixCols=\count94
\dotsspace@=\muskip10
\c@parentequation=\count95
\dspbrk@lvl=\count96
\tag@help=\toks16
\row@=\count97
\column@=\count98
\maxfields@=\count99
\andhelp@=\toks17
\eqnshift@=\dimen107
\alignsep@=\dimen108
\tagshift@=\dimen109
\tagwidth@=\dimen110
\totwidth@=\dimen111
\lineht@=\dimen112
\@envbody=\toks18
\multlinegap=\skip47
\multlinetaggap=\skip48
\mathdisplay@stack=\toks19
LaTeX Info: Redefining \[ on input line 2666.
LaTeX Info: Redefining \] on input line 2667.
)
("C:\Program Files (x86)\MiKTeX 2.9\tex\latex\amsfonts\amssymb.sty"
Package: amssymb 2009/06/22 v3.00

("C:\Program Files (x86)\MiKTeX 2.9\tex\latex\amsfonts\amsfonts.sty"
Package: amsfonts 2009/06/22 v3.00 Basic AMSFonts support
\symAMSa=\mathgroup4
\symAMSb=\mathgroup5
LaTeX Font Info:    Overwriting math alphabet `\mathfrak' in version `bold'
(Font)                  U/euf/m/n --> U/euf/b/n on input line 96.
))
\symEulerExtension=\mathgroup6
LaTeX Font Info:    Redeclaring math symbol \intop on input line 1393.
LaTeX Font Info:    Redeclaring math symbol \ointop on input line 1394.

("C:\Program Files (x86)\MiKTeX 2.9\tex\latex\natbib\natbib.sty"
Package: natbib 2010/09/13 8.31b (PWD, AO)
\bibhang=\skip49
\bibsep=\skip50
LaTeX Info: Redefining \cite on input line 694.
\c@NAT@ctr=\count100
)
("C:\Program Files (x86)\MiKTeX 2.9\tex\latex\hyperref\hyperref.sty"
Package: hyperref 2011/08/19 v6.82h Hypertext links for LaTeX

("C:\Program Files (x86)\MiKTeX 2.9\tex\generic\oberdiek\hobsub-hyperref.sty"
Package: hobsub-hyperref 2011/04/23 v1.4 Bundle oberdiek, subset hyperref (HO)

("C:\Program Files (x86)\MiKTeX 2.9\tex\generic\oberdiek\hobsub-generic.sty"
Package: hobsub-generic 2011/04/23 v1.4 Bundle oberdiek, subset generic (HO)
Package: hobsub 2011/04/23 v1.4 Subsetting bundle oberdiek (HO)
Package hobsub Info: Skipping package `infwarerr' (already loaded).
Package hobsub Info: Skipping package `ltxcmds' (already loaded).
Package hobsub Info: Skipping package `ifluatex' (already loaded).
Package: ifvtex 2010/03/01 v1.5 Switches for detecting VTeX and its modes (HO)
Package ifvtex Info: VTeX not detected.
Package: intcalc 2007/09/27 v1.1 Expandable integer calculations (HO)
Package hobsub Info: Skipping package `ifpdf' (already loaded).
Package hobsub Info: Skipping package `etexcmds' (already loaded).
Package hobsub Info: Skipping package `kvsetkeys' (already loaded).
Package: kvdefinekeys 2011/04/07 v1.3 Defining keys (HO)
Package: pdftexcmds 2011/04/22 v0.16 Utilities of pdfTeX for LuaTeX (HO)
Package pdftexcmds Info: LuaTeX not detected.
Package pdftexcmds Info: \pdf@primitive is available.
Package pdftexcmds Info: \pdf@ifprimitive is available.
Package pdftexcmds Info: \pdfdraftmode found.
Package: pdfescape 2011/04/04 v1.12 Provides string conversions (HO)
Package: bigintcalc 2011/01/30 v1.2 Expandable big integer calculations (HO)
Package: bitset 2011/01/30 v1.1 Data type bit set (HO)
Package: uniquecounter 2011/01/30 v1.2 Provides unlimited unique counter (HO)
)
Package hobsub Info: Skipping package `hobsub' (already loaded).
Package: letltxmacro 2010/09/02 v1.4 Let assignment for LaTeX macros (HO)
Package: hopatch 2011/01/30 v1.0 Wrapper for package hooks (HO)
Package: xcolor-patch 2011/01/30 xcolor patch
Package: atveryend 2011/04/23 v1.7 Hooks at very end of document (HO)
Package: atbegshi 2011/01/30 v1.15 At begin shipout hook (HO)
Package: refcount 2010/12/01 v3.2 Data extraction from references (HO)
Package: hycolor 2011/01/30 v1.7 Color options of hyperref/bookmark (HO)
)
("C:\Program Files (x86)\MiKTeX 2.9\tex\generic\ifxetex\ifxetex.sty"
Package: ifxetex 2010/09/12 v0.6 Provides ifxetex conditional
)
\@linkdim=\dimen113
\Hy@linkcounter=\count101
\Hy@pagecounter=\count102

("C:\Program Files (x86)\MiKTeX 2.9\tex\latex\hyperref\pd1enc.def"
File: pd1enc.def 2011/08/19 v6.82h Hyperref: PDFDocEncoding definition (HO)
)
\Hy@SavedSpaceFactor=\count103

("C:\Program Files (x86)\MiKTeX 2.9\tex\latex\00miktex\hyperref.cfg"
File: hyperref.cfg 2002/06/06 v1.2 hyperref configuration of TeXLive
)
Package hyperref Info: Option `colorlinks' set `true' on input line 3932.
Package hyperref Info: Option `unicode' set `true' on input line 3932.

("C:\Program Files (x86)\MiKTeX 2.9\tex\latex\hyperref\puenc.def"
File: puenc.def 2011/08/19 v6.82h Hyperref: PDF Unicode definition (HO)
)
Package hyperref Info: Hyper figures OFF on input line 4053.
Package hyperref Info: Link nesting OFF on input line 4058.
Package hyperref Info: Hyper index ON on input line 4061.
Package hyperref Info: Plain pages OFF on input line 4068.
Package hyperref Info: Backreferencing OFF on input line 4073.
Package hyperref Info: Implicit mode ON; LaTeX internals redefined.
Package hyperref Info: Bookmarks ON on input line 4291.
\c@Hy@tempcnt=\count104

("C:\Program Files (x86)\MiKTeX 2.9\tex\latex\ltxmisc\url.sty"
\Urlmuskip=\muskip11
Package: url 2006/04/12  ver 3.3  Verb mode for urls, etc.
)
LaTeX Info: Redefining \url on input line 4644.
\Fld@menulength=\count105
\Field@Width=\dimen114
\Fld@charsize=\dimen115
Package hyperref Info: Hyper figures OFF on input line 5730.
Package hyperref Info: Link nesting OFF on input line 5735.
Package hyperref Info: Hyper index ON on input line 5738.
Package hyperref Info: backreferencing OFF on input line 5745.
Package hyperref Info: Link coloring ON on input line 5748.
Package hyperref Info: Link coloring with OCG OFF on input line 5755.
Package hyperref Info: PDF/A mode OFF on input line 5760.
LaTeX Info: Redefining \ref on input line 5800.
LaTeX Info: Redefining \pageref on input line 5804.
\Hy@abspage=\count106
\c@Item=\count107
\c@Hfootnote=\count108
)

Package hyperref Message: Driver: hpdftex.

("C:\Program Files (x86)\MiKTeX 2.9\tex\latex\hyperref\hpdftex.def"
File: hpdftex.def 2011/08/19 v6.82h Hyperref driver for pdfTeX
\Fld@listcount=\count109
\c@bookmark@seq@number=\count110

("C:\Program Files (x86)\MiKTeX 2.9\tex\latex\oberdiek\rerunfilecheck.sty"
Package: rerunfilecheck 2011/04/15 v1.7 Rerun checks for auxiliary files (HO)
Package uniquecounter Info: New unique counter `rerunfilecheck' on input line 2
82.
)
\Hy@SectionHShift=\skip51
)
Package hyperref Info: Option `colorlinks' set `false' on input line 1497.
Package hyperref Info: Option `bookmarksopen' set `true' on input line 1497.
Package hyperref Info: Option `bookmarksnumbered' set `true' on input line 1497
.

("C:\Program Files (x86)\MiKTeX 2.9\tex\latex\graphics\graphicx.sty"
Package: graphicx 1999/02/16 v1.0f Enhanced LaTeX Graphics (DPC,SPQR)

("C:\Program Files (x86)\MiKTeX 2.9\tex\latex\graphics\graphics.sty"
Package: graphics 2009/02/05 v1.0o Standard LaTeX Graphics (DPC,SPQR)

("C:\Program Files (x86)\MiKTeX 2.9\tex\latex\graphics\trig.sty"
Package: trig 1999/03/16 v1.09 sin cos tan (DPC)
)
("C:\Program Files (x86)\MiKTeX 2.9\tex\latex\00miktex\graphics.cfg"
File: graphics.cfg 2007/01/18 v1.5 graphics configuration of teTeX/TeXLive
)
Package graphics Info: Driver file: pdftex.def on input line 91.

("C:\Program Files (x86)\MiKTeX 2.9\tex\latex\pdftex-def\pdftex.def"
File: pdftex.def 2011/05/27 v0.06d Graphics/color for pdfTeX
\Gread@gobject=\count111
))
\Gin@req@height=\dimen116
\Gin@req@width=\dimen117
)
("C:\Program Files (x86)\MiKTeX 2.9\tex\latex\cmap\cmap.sty"
Package: cmap 2008/03/06 v1.0h CMap support: searchable PDF
)
("C:\Program Files (x86)\MiKTeX 2.9\tex\latex\graphics\color.sty"
Package: color 2005/11/14 v1.0j Standard LaTeX Color (DPC)

("C:\Program Files (x86)\MiKTeX 2.9\tex\latex\00miktex\color.cfg"
File: color.cfg 2007/01/18 v1.5 color configuration of teTeX/TeXLive
)
Package color Info: Driver file: pdftex.def on input line 130.
)
Package hyperref Info: Option `colorlinks' set `true' on input line 1516.
)
(D:\YarGU\MiktexPack\disser-1.3.2.tds\tex\latex\disser\autoref.rtx
File: autoref.rtx 
)
("C:\Program Files (x86)\MiKTeX 2.9\tex\latex\geometry\geometry.sty"
Package: geometry 2010/09/12 v5.6 Page Geometry
\Gm@cnth=\count112
\Gm@cntv=\count113
\c@Gm@tempcnt=\count114
\Gm@bindingoffset=\dimen118
\Gm@wd@mp=\dimen119
\Gm@odd@mp=\dimen120
\Gm@even@mp=\dimen121
\Gm@layoutwidth=\dimen122
\Gm@layoutheight=\dimen123
\Gm@layouthoffset=\dimen124
\Gm@layoutvoffset=\dimen125
\Gm@dimlist=\toks20

("C:\Program Files (x86)\MiKTeX 2.9\tex\latex\geometry\geometry.cfg"))
("C:\Program Files (x86)\MiKTeX 2.9\tex\latex\comment\comment.sty"
\CommentStream=\write3

Excluding comment 'comment')
("C:\Program Files (x86)\MiKTeX 2.9\tex\latex\base\fontenc.sty"
Package: fontenc 2005/09/27 v1.99g Standard LaTeX package

("C:\Program Files (x86)\MiKTeX 2.9\tex\latex\cyrillic\t2aenc.def"
File: t2aenc.def 2005/09/27 v1.0i Cyrillic encoding definition file
)
LaTeX Font Info:    Try loading font information for T2A+cmr on input line 100.


("C:\Program Files (x86)\MiKTeX 2.9\tex\latex\cyrillic\t2acmr.fd"
File: t2acmr.fd 2001/08/11 v1.0a Computer Modern Cyrillic font definitions
)<<t2a.cmap>>) ("C:\Program Files (x86)\MiKTeX 2.9\tex\latex\base\inputenc.sty"
Package: inputenc 2008/03/30 v1.1d Input encoding file
\inpenc@prehook=\toks21
\inpenc@posthook=\toks22

("C:\Program Files (x86)\MiKTeX 2.9\tex\latex\cyrillic\cp1251.def"
File: cp1251.def 1999/11/16 v1.0d Input encoding file
))
("C:\Program Files (x86)\MiKTeX 2.9\tex\generic\babel\babel.sty"
Package: babel 2008/07/08 v3.8m The Babel package

*************************************
* Local config file bblopts.cfg used
*
("C:\Program Files (x86)\MiKTeX 2.9\tex\latex\00miktex\bblopts.cfg"
File: bblopts.cfg 2006/07/31 v1.0 MiKTeX 'babel' configuration
)
("C:\Program Files (x86)\MiKTeX 2.9\tex\generic\babel\english.ldf"
Language: english 2005/03/30 v3.3o English support from the babel system

("C:\Program Files (x86)\MiKTeX 2.9\tex\generic\babel\babel.def"
File: babel.def 2008/07/08 v3.8m Babel common definitions
\babel@savecnt=\count115
\U@D=\dimen126
)
\l@canadian = a dialect from \language\l@american 
\l@australian = a dialect from \language\l@british 
\l@newzealand = a dialect from \language\l@british 
)
("C:\Program Files (x86)\MiKTeX 2.9\tex\generic\babel\russianb.ldf"
Language: russianb 2008/03/21 v1.1r Russian support from the babel system
Package babel Info: Making " an active character on input line 199.
))
("C:\Program Files (x86)\MiKTeX 2.9\tex\latex\tools\tabularx.sty"
Package: tabularx 1999/01/07 v2.07 `tabularx' package (DPC)

("C:\Program Files (x86)\MiKTeX 2.9\tex\latex\tools\array.sty"
Package: array 2008/09/09 v2.4c Tabular extension package (FMi)
\col@sep=\dimen127
\extrarowheight=\dimen128
\NC@list=\toks23
\extratabsurround=\skip52
\backup@length=\skip53
)
\TX@col@width=\dimen129
\TX@old@table=\dimen130
\TX@old@col=\dimen131
\TX@target=\dimen132
\TX@delta=\dimen133
\TX@cols=\count116
\TX@ftn=\toks24
)
("C:\Program Files (x86)\MiKTeX 2.9\tex\latex\oberdiek\epstopdf.sty"
Package: epstopdf 2010/02/09 v2.5 Conversion with epstopdf on the fly (HO)

("C:\Program Files (x86)\MiKTeX 2.9\tex\latex\oberdiek\epstopdf-base.sty"
Package: epstopdf-base 2010/02/09 v2.5 Base part for package epstopdf

("C:\Program Files (x86)\MiKTeX 2.9\tex\latex\oberdiek\grfext.sty"
Package: grfext 2010/08/19 v1.1 Managing graphics extensions (HO)
)
Package grfext Info: Graphics extension search list:
(grfext)             [.png,.pdf,.jpg,.mps,.jpeg,.jbig2,.jb2,.PNG,.PDF,.JPG,.JPE
G,.JBIG2,.JB2,.eps]
(grfext)             \AppendGraphicsExtensions on input line 452.
))
("C:\Program Files (x86)\MiKTeX 2.9\tex\latex\csquotes\csquotes.sty"
Package: csquotes 2011/03/25 v5.1c context-sensitive quotations

("C:\Program Files (x86)\MiKTeX 2.9\tex\latex\etoolbox\etoolbox.sty"
Package: etoolbox 2011/01/03 v2.1 e-TeX tools for LaTeX

("C:\Program Files (x86)\MiKTeX 2.9\tex\latex\misc\etex.sty"
Package: etex 1998/03/26 v2.0 eTeX basic definition package (PEB)
\et@xins=\count117
)
\etb@tempcnta=\count118
)
\csq@reset=\count119
\csq@gtype=\count120
\csq@glevel=\count121
\csq@qlevel=\count122
\csq@maxlvl=\count123
\csq@tshold=\count124
\csq@ltx@everypar=\toks25

("C:\Program Files (x86)\MiKTeX 2.9\tex\latex\csquotes\csquotes.def"
File: csquotes.def 2011/03/25 v5.1c csquotes generic definitions
)
Package csquotes Info: Trying to load configuration file 'csquotes.cfg'...
Package csquotes Info: ... configuration file loaded successfully.

("C:\Program Files (x86)\MiKTeX 2.9\tex\latex\csquotes\csquotes.cfg"
File: csquotes.cfg 
)
Package csquotes Info: Enabling multilingual quotes.
)
("C:\Program Files (x86)\MiKTeX 2.9\tex\latex\multibib\multibib.sty"
Package: multibib 2008/12/10 v1.4 Multiple bibliographies for one document.
\mb@biblabelwidth=\count125
)
\@auxoutmy=\write4

(C:\Users\a12l\OneDrive\Science\Dissere\MyDisser\DisserYarkovVer1\autoref\my.au
x)
Package csquotes Info: Checking for multilingual support...
Package csquotes Info: ... found 'babel' package.

(C:\Users\a12l\OneDrive\Science\Dissere\MyDisser\DisserYarkovVer1\autoref\autor
ef.aux)
LaTeX Font Info:    Checking defaults for OML/cmm/m/it on input line 77.
LaTeX Font Info:    ... okay on input line 77.
LaTeX Font Info:    Checking defaults for T1/cmr/m/n on input line 77.
LaTeX Font Info:    ... okay on input line 77.
LaTeX Font Info:    Checking defaults for OT1/cmr/m/n on input line 77.
LaTeX Font Info:    ... okay on input line 77.
LaTeX Font Info:    Checking defaults for OMS/cmsy/m/n on input line 77.
LaTeX Font Info:    ... okay on input line 77.
LaTeX Font Info:    Checking defaults for OMX/cmex/m/n on input line 77.
LaTeX Font Info:    ... okay on input line 77.
LaTeX Font Info:    Checking defaults for U/cmr/m/n on input line 77.
LaTeX Font Info:    ... okay on input line 77.
LaTeX Font Info:    Checking defaults for PD1/pdf/m/n on input line 77.
LaTeX Font Info:    ... okay on input line 77.
LaTeX Font Info:    Checking defaults for PU/pdf/m/n on input line 77.
LaTeX Font Info:    ... okay on input line 77.
LaTeX Font Info:    Checking defaults for T2A/cmr/m/n on input line 77.
LaTeX Font Info:    ... okay on input line 77.
\AtBeginShipoutBox=\box28
Package hyperref Info: Link coloring ON on input line 77.
 ("C:\Program Files (x86)\MiKTeX 2.9\tex\latex\hyperref\nameref.sty"
Package: nameref 2010/04/30 v2.40 Cross-referencing by name of section

("C:\Program Files (x86)\MiKTeX 2.9\tex\generic\oberdiek\gettitlestring.sty"
Package: gettitlestring 2010/12/03 v1.4 Cleanup title references (HO)
)
\c@section@level=\count126
)
LaTeX Info: Redefining \ref on input line 77.
LaTeX Info: Redefining \pageref on input line 77.
LaTeX Info: Redefining \nameref on input line 77.

(C:\Users\a12l\OneDrive\Science\Dissere\MyDisser\DisserYarkovVer1\autoref\autor
ef.out)
(C:\Users\a12l\OneDrive\Science\Dissere\MyDisser\DisserYarkovVer1\autoref\autor
ef.out)
\@outlinefile=\write5
 ("C:\Program Files (x86)\MiKTeX 2.9\tex\context\base\supp-pdf.mkii"
[Loading MPS to PDF converter (version 2006.09.02).]
\scratchcounter=\count127
\scratchdimen=\dimen134
\scratchbox=\box29
\nofMPsegments=\count128
\nofMParguments=\count129
\everyMPshowfont=\toks26
\MPscratchCnt=\count130
\MPscratchDim=\dimen135
\MPnumerator=\count131
\makeMPintoPDFobject=\count132
\everyMPtoPDFconversion=\toks27
)
*geometry* driver: auto-detecting
*geometry* detected driver: pdftex
*geometry* verbose mode - [ preamble ] result:
* driver: pdftex
* paper: a4paper
* layout: <same size as paper>
* layoutoffset:(h,v)=(0.0pt,0.0pt)
* modes: 
* h-part:(L,W,R)=(71.13188pt, 497.92325pt, 28.45274pt)
* v-part:(T,H,B)=(56.9055pt, 731.23584pt, 56.9055pt)
* \paperwidth=597.50787pt
* \paperheight=845.04684pt
* \textwidth=497.92325pt
* \textheight=731.23584pt
* \oddsidemargin=-1.1381pt
* \evensidemargin=-1.1381pt
* \topmargin=-49.28133pt
* \headheight=14.0pt
* \headsep=19.91684pt
* \topskip=14.0pt
* \footskip=28.45274pt
* \marginparwidth=15.0pt
* \marginparsep=10.0pt
* \columnsep=10.0pt
* \skip\footins=12.0pt plus 4.0pt minus 2.0pt
* \hoffset=0.0pt
* \voffset=0.0pt
* \mag=1000
* \@twocolumnfalse
* \@twosidefalse
* \@mparswitchfalse
* \@reversemarginfalse
* (1in=72.27pt=25.4mm, 1cm=28.453pt)


(C:\Users\a12l\OneDrive\Science\Dissere\MyDisser\DisserYarkovVer1\autoref\autot
itul.tex)
(C:\Users\a12l\OneDrive\Science\Dissere\MyDisser\DisserYarkovVer1\autoref\commo
n.tex)
\firstskip=\skip54
\secondskip=\skip55
\thirdskip=\skip56
\fourthskip=\skip57
\fifthskip=\skip58
 <facsimile.jpg, id=20, 522.95375pt x 228.855pt>
File: facsimile.jpg Graphic file (type jpg)
 <use facsimile.jpg>
Package pdftex.def Info: facsimile.jpg used on input line 93.
(pdftex.def)             Requested size: 85.35826pt x 37.35435pt.

[1

{C:/ProgramData/MiKTeX/2.9/pdftex/config/pdftex.map} <C:/Users/a12l/OneDrive/Sc
ience/Dissere/MyDisser/DisserYarkovVer1/autoref/facsimile.jpg>]<<ot1.cmap>><<om
l.cmap>><<oms.cmap>><<omx.cmap>>
LaTeX Font Info:    Try loading font information for U+msa on input line 104.

("C:\Program Files (x86)\MiKTeX 2.9\tex\latex\amsfonts\umsa.fd"
File: umsa.fd 2009/06/22 v3.00 AMS symbols A
)
LaTeX Font Info:    Try loading font information for U+msb on input line 104.

("C:\Program Files (x86)\MiKTeX 2.9\tex\latex\amsfonts\umsb.fd"
File: umsb.fd 2009/06/22 v3.00 AMS symbols B
)
LaTeX Font Info:    Try loading font information for U+euex on input line 104.

("C:\Program Files (x86)\MiKTeX 2.9\tex\latex\amsfonts\ueuex.fd"
File: ueuex.fd 2009/06/22 v3.00 Euler extra symbols
)
Underfull \hbox (badness 7012) in paragraph at lines 105--106
[]|\T2A/cmr/m/it/14.4 Румянцев Дмитрий Александрович,
 []


Overfull \hbox (7.959pt too wide) in paragraph at lines 104--107
[] [] 
 []

[2

] [3

] [4]
Overfull \hbox (10.97958pt too wide) in paragraph at lines 198--198
[]\T2A/cmr/m/n/14.4 Впервые получено решение кинетического уравнени
я для нахождения функ
 []

[5]
Overfull \hbox (10.97958pt too wide) in paragraph at lines 212--212
[]\T2A/cmr/m/n/14.4 Впервые получено решение кинетического уравнени
я для нахождения функ
 []

[6]
Overfull \hbox (16.10976pt too wide) in paragraph at lines 217--217
[]\T2A/cmr/m/n/14.4 5-я международная конференция по физике частиц и 
астрофизике (г. Москва
 []


Overfull \hbox (16.10976pt too wide) in paragraph at lines 217--217
[]\T2A/cmr/m/n/14.4 6-я международная конференция по физике частиц и 
астрофизике (г. Москва
 []

[7]
Overfull \hbox (11.54993pt too wide) in paragraph at lines 227--227
[]\T2A/cmr/m/n/14.4 Автором получено решение кинетического уравнени
я для нахождения функ
 []

[8] [9] [10]
Package epstopdf Info: Source file: <Pics/Xs005NotColour.eps>
(epstopdf)                    date: 2023-05-18 15:34:43
(epstopdf)                    size: 31169 bytes
(epstopdf)             Output file: <./Xs005NotColour-eps-converted-to.pdf>
(epstopdf)                    date: 2023-05-18 16:12:03
(epstopdf)                    size: 12515 bytes
(epstopdf)             Command: <epstopdf --outfile=./Xs005NotColour-eps-conver
ted-to.pdf Pics/Xs005NotColour.eps>
(epstopdf)             \includegraphics on input line 386.
Package epstopdf Info: Output file is already uptodate.

<./Xs005NotColour-eps-converted-to.pdf, id=135, 259.97125pt x 178.6675pt>
File: ./Xs005NotColour-eps-converted-to.pdf Graphic file (type pdf)

<use ./Xs005NotColour-eps-converted-to.pdf>
Package pdftex.def Info: ./Xs005NotColour-eps-converted-to.pdf used on input li
ne 386.
(pdftex.def)             Requested size: 398.3401pt x 273.76385pt.
Package epstopdf Info: Source file: <Pics/Os005NotColour.eps>
(epstopdf)                    date: 2023-05-18 16:07:11
(epstopdf)                    size: 31369 bytes
(epstopdf)             Output file: <./Os005NotColour-eps-converted-to.pdf>
(epstopdf)                    date: 2023-05-18 16:12:04
(epstopdf)                    size: 12636 bytes
(epstopdf)             Command: <epstopdf --outfile=./Os005NotColour-eps-conver
ted-to.pdf Pics/Os005NotColour.eps>
(epstopdf)             \includegraphics on input line 397.
Package epstopdf Info: Output file is already uptodate.

<./Os005NotColour-eps-converted-to.pdf, id=137, 259.97125pt x 178.6675pt>
File: ./Os005NotColour-eps-converted-to.pdf Graphic file (type pdf)

<use ./Os005NotColour-eps-converted-to.pdf>
Package pdftex.def Info: ./Os005NotColour-eps-converted-to.pdf used on input li
ne 397.
(pdftex.def)             Requested size: 398.3401pt x 273.76385pt.
 [11pdfTeX warning (ext4): destination with the same identifier (name{equation.
0.4}) has been already used, duplicate ignored

\AtBegShi@Output ...ipout \box \AtBeginShipoutBox 
                                                  \fi \fi 
l.410 \end{eqnarray}
                     <C:/Users/a12l/OneDrive/Science/Dissere/MyDisser/DisserYar
kovVer1/autoref/Xs005NotColour-eps-converted-to.pdf>] [12 <C:/Users/a12l/OneDri
ve/Science/Dissere/MyDisser/DisserYarkovVer1/autoref/Os005NotColour-eps-convert
ed-to.pdf>]
Package epstopdf Info: Source file: <Pics/Splot112001.eps>
(epstopdf)                    date: 2023-05-18 17:58:08
(epstopdf)                    size: 48918 bytes
(epstopdf)             Output file: <./Splot112001-eps-converted-to.pdf>
(epstopdf)                    date: 2023-05-18 18:03:35
(epstopdf)                    size: 18886 bytes
(epstopdf)             Command: <epstopdf --outfile=./Splot112001-eps-converted
-to.pdf Pics/Splot112001.eps>
(epstopdf)             \includegraphics on input line 426.
Package epstopdf Info: Output file is already uptodate.

<./Splot112001-eps-converted-to.pdf, id=174, 259.97125pt x 156.585pt>
File: ./Splot112001-eps-converted-to.pdf Graphic file (type pdf)

<use ./Splot112001-eps-converted-to.pdf>
Package pdftex.def Info: ./Splot112001-eps-converted-to.pdf used on input line 
426.
(pdftex.def)             Requested size: 224.06393pt x 134.95674pt.
Package epstopdf Info: Source file: <Pics/Splot122001.eps>
(epstopdf)                    date: 2023-05-18 17:59:33
(epstopdf)                    size: 41299 bytes
(epstopdf)             Output file: <./Splot122001-eps-converted-to.pdf>
(epstopdf)                    date: 2023-05-18 18:03:35
(epstopdf)                    size: 16197 bytes
(epstopdf)             Command: <epstopdf --outfile=./Splot122001-eps-converted
-to.pdf Pics/Splot122001.eps>
(epstopdf)             \includegraphics on input line 427.
Package epstopdf Info: Output file is already uptodate.

<./Splot122001-eps-converted-to.pdf, id=175, 259.97125pt x 156.585pt>
File: ./Splot122001-eps-converted-to.pdf Graphic file (type pdf)

<use ./Splot122001-eps-converted-to.pdf>
Package pdftex.def Info: ./Splot122001-eps-converted-to.pdf used on input line 
427.
(pdftex.def)             Requested size: 224.06393pt x 134.95674pt.
Package epstopdf Info: Source file: <Pics/Splot11201.eps>
(epstopdf)                    date: 2023-05-18 17:56:15
(epstopdf)                    size: 36942 bytes
(epstopdf)             Output file: <./Splot11201-eps-converted-to.pdf>
(epstopdf)                    date: 2023-05-18 18:03:35
(epstopdf)                    size: 14479 bytes
(epstopdf)             Command: <epstopdf --outfile=./Splot11201-eps-converted-
to.pdf Pics/Splot11201.eps>
(epstopdf)             \includegraphics on input line 433.
Package epstopdf Info: Output file is already uptodate.

<./Splot11201-eps-converted-to.pdf, id=176, 259.97125pt x 156.585pt>
File: ./Splot11201-eps-converted-to.pdf Graphic file (type pdf)

<use ./Splot11201-eps-converted-to.pdf>
Package pdftex.def Info: ./Splot11201-eps-converted-to.pdf used on input line 4
33.
(pdftex.def)             Requested size: 224.06393pt x 134.95674pt.
Package epstopdf Info: Source file: <Pics/Splot12201.eps>
(epstopdf)                    date: 2023-05-18 18:03:00
(epstopdf)                    size: 35635 bytes
(epstopdf)             Output file: <./Splot12201-eps-converted-to.pdf>
(epstopdf)                    date: 2023-05-18 18:03:36
(epstopdf)                    size: 14229 bytes
(epstopdf)             Command: <epstopdf --outfile=./Splot12201-eps-converted-
to.pdf Pics/Splot12201.eps>
(epstopdf)             \includegraphics on input line 434.
Package epstopdf Info: Output file is already uptodate.

<./Splot12201-eps-converted-to.pdf, id=177, 259.97125pt x 156.585pt>
File: ./Splot12201-eps-converted-to.pdf Graphic file (type pdf)

<use ./Splot12201-eps-converted-to.pdf>
Package pdftex.def Info: ./Splot12201-eps-converted-to.pdf used on input line 4
34.
(pdftex.def)             Requested size: 224.06393pt x 134.95674pt.
 [13 <C:/Users/a12l/OneDrive/Science/Dissere/MyDisser/DisserYarkovVer1/autoref/
Splot112001-eps-converted-to.pdf> <C:/Users/a12l/OneDrive/Science/Dissere/MyDis
ser/DisserYarkovVer1/autoref/Splot122001-eps-converted-to.pdf>] [14 <C:/Users/a
12l/OneDrive/Science/Dissere/MyDisser/DisserYarkovVer1/autoref/Splot11201-eps-c
onverted-to.pdf> <C:/Users/a12l/OneDrive/Science/Dissere/MyDisser/DisserYarkovV
er1/autoref/Splot12201-eps-converted-to.pdf>] <Pics/mode1.jpg, id=213, 2700.087
5pt x 1796.7125pt>
File: Pics/mode1.jpg Graphic file (type jpg)
 <use Pics/mode1.jpg>
Package pdftex.def Info: Pics/mode1.jpg used on input line 474.
(pdftex.def)             Requested size: 228.0pt x 151.69046pt.

<Pics/mode2.jpg, id=214, 2040.12187pt x 1340.00626pt>
File: Pics/mode2.jpg Graphic file (type jpg)
 <use Pics/mode2.jpg>
Package pdftex.def Info: Pics/mode2.jpg used on input line 475.
(pdftex.def)             Requested size: 228.0pt x 149.75252pt.

[15pdfTeX warning (ext4): destination with the same identifier (name{equation.0
.9}) has been already used, duplicate ignored

\AtBegShi@Output ...ipout \box \AtBeginShipoutBox 
                                                  \fi \fi 
l.499 В
        \textbf{разделе 2.3} проведён численный анализ величины $\gamma_{\mb...
 <C:/Users/a12l/OneDrive/Science/Dissere/MyDisser/DisserYarkovVer1/autoref/Pics
/mode1.jpg> <C:/Users/a12l/OneDrive/Science/Dissere/MyDisser/DisserYarkovVer1/a
utoref/Pics/mode2.jpg>]
Package epstopdf Info: Source file: <Pics/CompareDampAndCompton.eps>
(epstopdf)                    date: 2023-05-18 18:43:24
(epstopdf)                    size: 38668 bytes
(epstopdf)             Output file: <./CompareDampAndCompton-eps-converted-to.p
df>
(epstopdf)                    date: 2023-05-18 18:43:46
(epstopdf)                    size: 15527 bytes
(epstopdf)             Command: <epstopdf --outfile=./CompareDampAndCompton-eps
-converted-to.pdf Pics/CompareDampAndCompton.eps>
(epstopdf)             \includegraphics on input line 509.
Package epstopdf Info: Output file is already uptodate.

<./CompareDampAndCompton-eps-converted-to.pdf, id=228, 258.9675pt x 172.645pt>
File: ./CompareDampAndCompton-eps-converted-to.pdf Graphic file (type pdf)

<use ./CompareDampAndCompton-eps-converted-to.pdf>
Package pdftex.def Info: ./CompareDampAndCompton-eps-converted-to.pdf used on i
nput line 509.
(pdftex.def)             Requested size: 348.54475pt x 232.38892pt.
 [16 <C:/Users/a12l/OneDrive/Science/Dissere/MyDisser/DisserYarkovVer1/autoref/
CompareDampAndCompton-eps-converted-to.pdf>]
Overfull \hbox (1.77553pt too wide) in paragraph at lines 525--526
[]\T2A/cmr/m/n/14.4 Через колонку проходит стационарный поток фотоно
в, описываемый нерав
 []

[17]
Package epstopdf Info: Source file: <Pics/TransfMode1z24cmx90.eps>
(epstopdf)                    date: 2023-09-12 16:29:38
(epstopdf)                    size: 109022 bytes
(epstopdf)             Output file: <./TransfMode1z24cmx90-eps-converted-to.pdf
>
(epstopdf)                    date: 2023-09-13 19:41:28
(epstopdf)                    size: 30880 bytes
(epstopdf)             Command: <epstopdf --outfile=./TransfMode1z24cmx90-eps-c
onverted-to.pdf Pics/TransfMode1z24cmx90.eps>
(epstopdf)             \includegraphics on input line 566.
Package epstopdf Info: Output file is already uptodate.

<./TransfMode1z24cmx90-eps-converted-to.pdf, id=248, 356.33125pt x 211.79124pt>
File: ./TransfMode1z24cmx90-eps-converted-to.pdf Graphic file (type pdf)
<use ./TransfMode1z24cmx90-eps-converted-to.pdf>
Package pdftex.def Info: ./TransfMode1z24cmx90-eps-converted-to.pdf used on inp
ut line 566.
(pdftex.def)             Requested size: 248.96162pt x 147.97493pt.
Package epstopdf Info: Source file: <Pics/TransfMode1z240cmx90.eps>
(epstopdf)                    date: 2023-09-12 18:04:54
(epstopdf)                    size: 116402 bytes
(epstopdf)             Output file: <./TransfMode1z240cmx90-eps-converted-to.pd
f>
(epstopdf)                    date: 2023-09-13 19:41:28
(epstopdf)                    size: 32434 bytes
(epstopdf)             Command: <epstopdf --outfile=./TransfMode1z240cmx90-eps-
converted-to.pdf Pics/TransfMode1z240cmx90.eps>
(epstopdf)             \includegraphics on input line 567.
Package epstopdf Info: Output file is already uptodate.

<./TransfMode1z240cmx90-eps-converted-to.pdf, id=250, 393.47pt x 236.885pt>
File: ./TransfMode1z240cmx90-eps-converted-to.pdf Graphic file (type pdf)

<use ./TransfMode1z240cmx90-eps-converted-to.pdf>
Package pdftex.def Info: ./TransfMode1z240cmx90-eps-converted-to.pdf used on in
put line 567.
(pdftex.def)             Requested size: 239.00102pt x 143.88515pt.
Package epstopdf Info: Source file: <Pics/TransfMode1z24cmx30.eps>
(epstopdf)                    date: 2023-09-12 16:24:07
(epstopdf)                    size: 113142 bytes
(epstopdf)             Output file: <./TransfMode1z24cmx30-eps-converted-to.pdf
>
(epstopdf)                    date: 2023-09-13 19:41:29
(epstopdf)                    size: 31875 bytes
(epstopdf)             Command: <epstopdf --outfile=./TransfMode1z24cmx30-eps-c
onverted-to.pdf Pics/TransfMode1z24cmx30.eps>
(epstopdf)             \includegraphics on input line 568.
Package epstopdf Info: Output file is already uptodate.

<./TransfMode1z24cmx30-eps-converted-to.pdf, id=252, 397.485pt x 236.885pt>
File: ./TransfMode1z24cmx30-eps-converted-to.pdf Graphic file (type pdf)

<use ./TransfMode1z24cmx30-eps-converted-to.pdf>
Package pdftex.def Info: ./TransfMode1z24cmx30-eps-converted-to.pdf used on inp
ut line 568.
(pdftex.def)             Requested size: 248.96162pt x 148.37445pt.
Package epstopdf Info: Source file: <Pics/TransfMode1z240cmx30.eps>
(epstopdf)                    date: 2023-09-12 17:59:18
(epstopdf)                    size: 114838 bytes
(epstopdf)             Output file: <./TransfMode1z240cmx30-eps-converted-to.pd
f>
(epstopdf)                    date: 2023-09-13 19:41:29
(epstopdf)                    size: 32465 bytes
(epstopdf)             Command: <epstopdf --outfile=./TransfMode1z240cmx30-eps-
converted-to.pdf Pics/TransfMode1z240cmx30.eps>
(epstopdf)             \includegraphics on input line 569.
Package epstopdf Info: Output file is already uptodate.

<./TransfMode1z240cmx30-eps-converted-to.pdf, id=254, 382.42876pt x 230.8625pt>
File: ./TransfMode1z240cmx30-eps-converted-to.pdf Graphic file (type pdf)
<use ./TransfMode1z240cmx30-eps-converted-to.pdf>
Package pdftex.def Info: ./TransfMode1z240cmx30-eps-converted-to.pdf used on in
put line 569.
(pdftex.def)             Requested size: 239.00102pt x 144.27812pt.
Package epstopdf Info: Source file: <Pics/TransfMode2z24cmx90.eps>
(epstopdf)                    date: 2023-09-12 16:30:36
(epstopdf)                    size: 88397 bytes
(epstopdf)             Output file: <./TransfMode2z24cmx90-eps-converted-to.pdf
>
(epstopdf)                    date: 2023-09-13 19:41:29
(epstopdf)                    size: 25251 bytes
(epstopdf)             Command: <epstopdf --outfile=./TransfMode2z24cmx90-eps-c
onverted-to.pdf Pics/TransfMode2z24cmx90.eps>
(epstopdf)             \includegraphics on input line 585.
Package epstopdf Info: Output file is already uptodate.

<./TransfMode2z24cmx90-eps-converted-to.pdf, id=260, 356.33125pt x 211.79124pt>
File: ./TransfMode2z24cmx90-eps-converted-to.pdf Graphic file (type pdf)
<use ./TransfMode2z24cmx90-eps-converted-to.pdf>
Package pdftex.def Info: ./TransfMode2z24cmx90-eps-converted-to.pdf used on inp
ut line 585.
(pdftex.def)             Requested size: 248.96162pt x 147.97493pt.
Package epstopdf Info: Source file: <Pics/TransfMode2z240cmx90.eps>
(epstopdf)                    date: 2023-09-12 18:06:25
(epstopdf)                    size: 92235 bytes
(epstopdf)             Output file: <./TransfMode2z240cmx90-eps-converted-to.pd
f>
(epstopdf)                    date: 2023-09-13 19:41:30
(epstopdf)                    size: 26084 bytes
(epstopdf)             Command: <epstopdf --outfile=./TransfMode2z240cmx90-eps-
converted-to.pdf Pics/TransfMode2z240cmx90.eps>
(epstopdf)             \includegraphics on input line 586.
Package epstopdf Info: Output file is already uptodate.

<./TransfMode2z240cmx90-eps-converted-to.pdf, id=262, 388.45125pt x 238.8925pt>
File: ./TransfMode2z240cmx90-eps-converted-to.pdf Graphic file (type pdf)
<use ./TransfMode2z240cmx90-eps-converted-to.pdf>
Package pdftex.def Info: ./TransfMode2z240cmx90-eps-converted-to.pdf used on in
put line 586.
(pdftex.def)             Requested size: 239.00102pt x 146.98544pt.
Package epstopdf Info: Source file: <Pics/TransfMode2z24cmx30.eps>
(epstopdf)                    date: 2023-09-12 16:25:21
(epstopdf)                    size: 88695 bytes
(epstopdf)             Output file: <./TransfMode2z24cmx30-eps-converted-to.pdf
>
(epstopdf)                    date: 2023-09-13 19:41:30
(epstopdf)                    size: 24693 bytes
(epstopdf)             Command: <epstopdf --outfile=./TransfMode2z24cmx30-eps-c
onverted-to.pdf Pics/TransfMode2z24cmx30.eps>
(epstopdf)             \includegraphics on input line 587.
Package epstopdf Info: Output file is already uptodate.

<./TransfMode2z24cmx30-eps-converted-to.pdf, id=264, 396.48125pt x 236.885pt>
File: ./TransfMode2z24cmx30-eps-converted-to.pdf Graphic file (type pdf)

<use ./TransfMode2z24cmx30-eps-converted-to.pdf>
Package pdftex.def Info: ./TransfMode2z24cmx30-eps-converted-to.pdf used on inp
ut line 587.
(pdftex.def)             Requested size: 248.96162pt x 148.75037pt.
Package epstopdf Info: Source file: <Pics/TransfMode2z240cmx30.eps>
(epstopdf)                    date: 2023-09-12 18:00:54
(epstopdf)                    size: 85733 bytes
(epstopdf)             Output file: <./TransfMode2z240cmx30-eps-converted-to.pd
f>
(epstopdf)                    date: 2023-09-13 19:41:30
(epstopdf)                    size: 24157 bytes
(epstopdf)             Command: <epstopdf --outfile=./TransfMode2z240cmx30-eps-
converted-to.pdf Pics/TransfMode2z240cmx30.eps>
(epstopdf)             \includegraphics on input line 588.
Package epstopdf Info: Output file is already uptodate.

<./TransfMode2z240cmx30-eps-converted-to.pdf, id=266, 383.4325pt x 235.88126pt>
File: ./TransfMode2z240cmx30-eps-converted-to.pdf Graphic file (type pdf)
<use ./TransfMode2z240cmx30-eps-converted-to.pdf>
Package pdftex.def Info: ./TransfMode2z240cmx30-eps-converted-to.pdf used on in
put line 588.
(pdftex.def)             Requested size: 239.00102pt x 147.0331pt.
 [18] [19 <C:/Users/a12l/OneDrive/Science/Dissere/MyDisser/DisserYarkovVer1/aut
oref/TransfMode1z24cmx90-eps-converted-to.pdf> <C:/Users/a12l/OneDrive/Science/
Dissere/MyDisser/DisserYarkovVer1/autoref/TransfMode1z240cmx90-eps-converted-to
.pdf> <C:/Users/a12l/OneDrive/Science/Dissere/MyDisser/DisserYarkovVer1/autoref
/TransfMode1z24cmx30-eps-converted-to.pdf> <C:/Users/a12l/OneDrive/Science/Diss
ere/MyDisser/DisserYarkovVer1/autoref/TransfMode1z240cmx30-eps-converted-to.pdf
>] [20 <C:/Users/a12l/OneDrive/Science/Dissere/MyDisser/DisserYarkovVer1/autore
f/TransfMode2z24cmx90-eps-converted-to.pdf> <C:/Users/a12l/OneDrive/Science/Dis
sere/MyDisser/DisserYarkovVer1/autoref/TransfMode2z240cmx90-eps-converted-to.pd
f> <C:/Users/a12l/OneDrive/Science/Dissere/MyDisser/DisserYarkovVer1/autoref/Tr
ansfMode2z24cmx30-eps-converted-to.pdf> <C:/Users/a12l/OneDrive/Science/Dissere
/MyDisser/DisserYarkovVer1/autoref/TransfMode2z240cmx30-eps-converted-to.pdf>]
Overfull \hbox (8.9721pt too wide) in paragraph at lines 826--827
\T2A/cmr/m/n/14.4 strongly magnetized plasma // \T2A/cmr/m/it/14.4 J. Physics: 
Conf. Ser. \T2A/cmr/m/n/14.4 Vol. 1690. IOP Publishing,
 []

[21]
(C:\Users\a12l\OneDrive\Science\Dissere\MyDisser\DisserYarkovVer1\autoref\autor
ef.bbl [22])
Package atveryend Info: Empty hook `BeforeClearDocument' on input line 844.
 [23]
Package atveryend Info: Empty hook `AfterLastShipout' on input line 844.

(C:\Users\a12l\OneDrive\Science\Dissere\MyDisser\DisserYarkovVer1\autoref\autor
ef.aux)
Package atveryend Info: Executing hook `AtVeryEndDocument' on input line 844.
Package atveryend Info: Executing hook `AtEndAfterFileList' on input line 844.
Package rerunfilecheck Info: File `autoref.out' has not changed.
(rerunfilecheck)             Checksum: BB2FB70E9D3744ADA4336AF08193DEC8;1064.
 ) 
Here is how much of TeX's memory you used:
 10619 strings out of 494045
 150464 string characters out of 3145973
 265173 words of memory out of 3000000
 13525 multiletter control sequences out of 15000+200000
 26790 words of font info for 78 fonts, out of 3000000 for 9000
 715 hyphenation exceptions out of 8191
 37i,14n,30p,4992b,537s stack positions out of 5000i,500n,10000p,200000b,50000s
{C:/Program Files (x86)/MiKTeX 2.9/fonts/enc/dvips/cm-super/cm-super-t2a.enc}
<C:/Program Files (x86)/MiKTeX 2.9/fonts/type1/public/amsfonts/cm/cmbx10.pfb><C
:/Program Files (x86)/MiKTeX 2.9/fonts/type1/public/amsfonts/cm/cmbx12.pfb><C:/
Program Files (x86)/MiKTeX 2.9/fonts/type1/public/amsfonts/cm/cmex10.pfb><C:/Pr
ogram Files (x86)/MiKTeX 2.9/fonts/type1/public/amsfonts/cm/cmmi10.pfb><C:/Prog
ram Files (x86)/MiKTeX 2.9/fonts/type1/public/amsfonts/cm/cmmi12.pfb><C:/Progra
m Files (x86)/MiKTeX 2.9/fonts/type1/public/amsfonts/cm/cmmi6.pfb><C:/Program F
iles (x86)/MiKTeX 2.9/fonts/type1/public/amsfonts/cm/cmmi7.pfb><C:/Program File
s (x86)/MiKTeX 2.9/fonts/type1/public/amsfonts/cm/cmmi8.pfb><C:/Program Files (
x86)/MiKTeX 2.9/fonts/type1/public/amsfonts/cm/cmr10.pfb><C:/Program Files (x86
)/MiKTeX 2.9/fonts/type1/public/amsfonts/cm/cmr12.pfb><C:/Program Files (x86)/M
iKTeX 2.9/fonts/type1/public/amsfonts/cm/cmr7.pfb><C:/Program Files (x86)/MiKTe
X 2.9/fonts/type1/public/amsfonts/cm/cmr8.pfb><C:/Program Files (x86)/MiKTeX 2.
9/fonts/type1/public/amsfonts/cm/cmsy10.pfb><C:/Program Files (x86)/MiKTeX 2.9/
fonts/type1/public/amsfonts/cm/cmsy6.pfb><C:/Program Files (x86)/MiKTeX 2.9/fon
ts/type1/public/amsfonts/cm/cmsy7.pfb><C:/Program Files (x86)/MiKTeX 2.9/fonts/
type1/public/amsfonts/cm/cmsy8.pfb><C:/Program Files (x86)/MiKTeX 2.9/fonts/typ
e1/public/amsfonts/cm/cmti12.pfb><C:/Program Files (x86)/MiKTeX 2.9/fonts/type1
/public/amsfonts/euler/euex10.pfb><C:/Program Files (x86)/MiKTeX 2.9/fonts/type
1/public/amsfonts/symbols/msam10.pfb><C:/Program Files (x86)/MiKTeX 2.9/fonts/t
ype1/public/cm-super/sfbx1440.pfb><C:/Program Files (x86)/MiKTeX 2.9/fonts/type
1/public/cm-super/sfbx1728.pfb><C:/Program Files (x86)/MiKTeX 2.9/fonts/type1/p
ublic/cm-super/sfbx2074.pfb><C:/Program Files (x86)/MiKTeX 2.9/fonts/type1/publ
ic/cm-super/sfrm0600.pfb><C:/Program Files (x86)/MiKTeX 2.9/fonts/type1/public/
cm-super/sfrm0700.pfb><C:/Program Files (x86)/MiKTeX 2.9/fonts/type1/public/cm-
super/sfrm0800.pfb><C:/Program Files (x86)/MiKTeX 2.9/fonts/type1/public/cm-sup
er/sfrm1000.pfb><C:/Program Files (x86)/MiKTeX 2.9/fonts/type1/public/cm-super/
sfrm1200.pfb><C:/Program Files (x86)/MiKTeX 2.9/fonts/type1/public/cm-super/sfr
m1440.pfb><C:/Program Files (x86)/MiKTeX 2.9/fonts/type1/public/cm-super/sfrm17
28.pfb><C:/Program Files (x86)/MiKTeX 2.9/fonts/type1/public/cm-super/sfti1440.
pfb>
Output written on autoref.pdf (23 pages, 1322845 bytes).
PDF statistics:
 461 PDF objects out of 1000 (max. 8388607)
 97 named destinations out of 1000 (max. 500000)
 203 words of extra memory for PDF output out of 10000 (max. 10000000)

