This is pdfTeX, Version 3.1415926-2.3-1.40.12 (MiKTeX 2.9) (preloaded format=pdftex 2022.6.5)  17 MAR 2025 18:26
entering extended mode
**D:/YarGU/Science/Dissere/MyDisser/DisserYarkov_2024/MyDisser2024/disser2.bib
(D:/YarGU/Science/Dissere/MyDisser/DisserYarkov_2024/MyDisser2024/disser2.bib
Missing character: There is no Ê in font cmr10!
Missing character: There is no ó in font cmr10!
Missing character: There is no ç in font cmr10!
Missing character: There is no í in font cmr10!
Missing character: There is no å in font cmr10!
Missing character: There is no ö in font cmr10!
Missing character: There is no î in font cmr10!
Missing character: There is no â in font cmr10!
Missing character: There is no À in font cmr10!
Missing character: There is no Â in font cmr10!
Missing character: There is no Ì in font cmr10!
Missing character: There is no è in font cmr10!
Missing character: There is no õ in font cmr10!
Missing character: There is no å in font cmr10!
Missing character: There is no å in font cmr10!
Missing character: There is no â in font cmr10!
Missing character: There is no Ì in font cmr10!
Missing character: There is no Â in font cmr10!
Missing character: There is no Â in font cmr10!
Missing character: There is no ç in font cmr10!
Missing character: There is no à in font cmr10!
Missing character: There is no è in font cmr10!
Missing character: There is no ì in font cmr10!
Missing character: There is no î in font cmr10!
Missing character: There is no ä in font cmr10!
Missing character: There is no å in font cmr10!
Missing character: There is no é in font cmr10!
Missing character: There is no ñ in font cmr10!
Missing character: There is no ò in font cmr10!
Missing character: There is no â in font cmr10!
Missing character: There is no è in font cmr10!
Missing character: There is no å in font cmr10!
Missing character: There is no í in font cmr10!
Missing character: There is no å in font cmr10!
Missing character: There is no é in font cmr10!
Missing character: There is no ò in font cmr10!
Missing character: There is no ð in font cmr10!
Missing character: There is no è in font cmr10!
Missing character: There is no í in font cmr10!
Missing character: There is no î in font cmr10!
Missing character: There is no ñ in font cmr10!
Missing character: There is no ñ in font cmr10!
Missing character: There is no è in font cmr10!
Missing character: There is no ë in font cmr10!
Missing character: There is no ü in font cmr10!
Missing character: There is no í in font cmr10!
Missing character: There is no î in font cmr10!
Missing character: There is no ç in font cmr10!
Missing character: There is no à in font cmr10!
Missing character: There is no ì in font cmr10!
Missing character: There is no à in font cmr10!
Missing character: There is no ã in font cmr10!
Missing character: There is no í in font cmr10!
Missing character: There is no è in font cmr10!
Missing character: There is no ÷ in font cmr10!
Missing character: There is no å in font cmr10!
Missing character: There is no í in font cmr10!
Missing character: There is no í in font cmr10!
Missing character: There is no î in font cmr10!
Missing character: There is no é in font cmr10!
Missing character: There is no ý in font cmr10!
Missing character: There is no ë in font cmr10!
Missing character: There is no å in font cmr10!
Missing character: There is no ê in font cmr10!
Missing character: There is no ò in font cmr10!
Missing character: There is no ð in font cmr10!
Missing character: There is no î in font cmr10!
Missing character: There is no í in font cmr10!
Missing character: There is no ï in font cmr10!
Missing character: There is no î in font cmr10!
Missing character: There is no ç in font cmr10!
Missing character: There is no è in font cmr10!
Missing character: There is no ò in font cmr10!
Missing character: There is no ð in font cmr10!
Missing character: There is no î in font cmr10!
Missing character: There is no í in font cmr10!
Missing character: There is no í in font cmr10!
Missing character: There is no î in font cmr10!
Missing character: There is no é in font cmr10!
Missing character: There is no ï in font cmr10!
Missing character: There is no ë in font cmr10!
Missing character: There is no à in font cmr10!
Missing character: There is no ç in font cmr10!
Missing character: There is no ì in font cmr10!
Missing character: There is no î in font cmr10!
Missing character: There is no é in font cmr10!
Missing character: There is no Æ in font cmr10!
Missing character: There is no Ý in font cmr10!
Missing character: There is no Ò in font cmr10!
Missing character: There is no Ô in font cmr10!
Missing character: There is no Á in font cmr10!
Missing character: There is no è in font cmr10!
Missing character: There is no ñ in font cmr10!
Missing character: There is no í in font cmr10!
Missing character: There is no î in font cmr10!
Missing character: There is no â in font cmr10!
Missing character: There is no à in font cmr10!
Missing character: There is no ò in font cmr10!
Missing character: There is no û in font cmr10!
Missing character: There is no é in font cmr10!
Missing character: There is no Ê in font cmr10!
Missing character: There is no î in font cmr10!
Missing character: There is no ã in font cmr10!
Missing character: There is no à in font cmr10!
Missing character: There is no í in font cmr10!
Missing character: There is no Ã in font cmr10!
Missing character: There is no Ñ in font cmr10!
Missing character: There is no × in font cmr10!
Missing character: There is no å in font cmr10!
Missing character: There is no ÷ in font cmr10!
Missing character: There is no å in font cmr10!
Missing character: There is no ò in font cmr10!
Missing character: There is no ê in font cmr10!
Missing character: There is no è in font cmr10!
Missing character: There is no í in font cmr10!
Missing character: There is no Â in font cmr10!
Missing character: There is no Ì in font cmr10!
Missing character: There is no Í in font cmr10!
Missing character: There is no å in font cmr10!
Missing character: There is no ð in font cmr10!
Missing character: There is no à in font cmr10!
Missing character: There is no â in font cmr10!
Missing character: There is no í in font cmr10!
Missing character: There is no î in font cmr10!
Missing character: There is no â in font cmr10!
Missing character: There is no å in font cmr10!
Missing character: There is no ñ in font cmr10!
Missing character: There is no í in font cmr10!
Missing character: There is no û in font cmr10!
Missing character: There is no å in font cmr10!
Missing character: There is no î in font cmr10!
Missing character: There is no á in font cmr10!
Missing character: There is no î in font cmr10!
Missing character: There is no ë in font cmr10!
Missing character: There is no î in font cmr10!
Missing character: There is no ÷ in font cmr10!
Missing character: There is no ê in font cmr10!
Missing character: There is no è in font cmr10!
Missing character: There is no í in font cmr10!
Missing character: There is no å in font cmr10!
Missing character: There is no é in font cmr10!
Missing character: There is no ò in font cmr10!
Missing character: There is no ð in font cmr10!
Missing character: There is no î in font cmr10!
Missing character: There is no í in font cmr10!
Missing character: There is no í in font cmr10!
Missing character: There is no û in font cmr10!
Missing character: There is no õ in font cmr10!
Missing character: There is no ç in font cmr10!
Missing character: There is no â in font cmr10!
Missing character: There is no å in font cmr10!
Missing character: There is no ç in font cmr10!
Missing character: There is no ä in font cmr10!
Missing character: There is no è in font cmr10!
Missing character: There is no õ in font cmr10!
Missing character: There is no ð in font cmr10!
Missing character: There is no î in font cmr10!
Missing character: There is no ë in font cmr10!
Missing character: There is no ü in font cmr10!
Missing character: There is no â in font cmr10!
Missing character: There is no ï in font cmr10!
Missing character: There is no î in font cmr10!
Missing character: There is no ä in font cmr10!
Missing character: There is no ä in font cmr10!
Missing character: There is no å in font cmr10!
Missing character: There is no ð in font cmr10!
Missing character: There is no æ in font cmr10!
Missing character: There is no à in font cmr10!
Missing character: There is no í in font cmr10!
Missing character: There is no è in font cmr10!
Missing character: There is no è in font cmr10!
Missing character: There is no ð in font cmr10!
Missing character: There is no å in font cmr10!
Missing character: There is no í in font cmr10!
Missing character: There is no ò in font cmr10!
Missing character: There is no ã in font cmr10!
Missing character: There is no å in font cmr10!
Missing character: There is no í in font cmr10!
Missing character: There is no î in font cmr10!
Missing character: There is no â in font cmr10!
Missing character: There is no ñ in font cmr10!
Missing character: There is no ê in font cmr10!
Missing character: There is no î in font cmr10!
Missing character: There is no ã in font cmr10!
Missing character: There is no î in font cmr10!
Missing character: There is no è in font cmr10!
Missing character: There is no ç in font cmr10!
Missing character: There is no ë in font cmr10!
Missing character: There is no ó in font cmr10!
Missing character: There is no ÷ in font cmr10!
Missing character: There is no å in font cmr10!
Missing character: There is no í in font cmr10!
Missing character: There is no è in font cmr10!
Missing character: There is no ÿ in font cmr10!
Missing character: There is no è in font cmr10!
Missing character: There is no í in font cmr10!
Missing character: There is no ó in font cmr10!
Missing character: There is no ê in font cmr10!
Missing character: There is no ë in font cmr10!
Missing character: There is no å in font cmr10!
Missing character: There is no î in font cmr10!
Missing character: There is no ñ in font cmr10!
Missing character: There is no è in font cmr10!
Missing character: There is no í in font cmr10!
Missing character: There is no ò in font cmr10!
Missing character: There is no å in font cmr10!
Missing character: There is no ç in font cmr10!
Missing character: There is no å in font cmr10!
Missing character: There is no Ó in font cmr10!
Missing character: There is no ñ in font cmr10!
Missing character: There is no ï in font cmr10!
Missing character: There is no ô in font cmr10!
Missing character: There is no è in font cmr10!
Missing character: There is no ç in font cmr10!
Missing character: There is no í in font cmr10!
Missing character: There is no à in font cmr10!
Missing character: There is no ó in font cmr10!
Missing character: There is no ê in font cmr10!

! Undefined control sequence.
l.160 ...periodic flare from the soft {\ensuremath
                                                  {\gamma}}-ray repeater SGR...

? 
! Emergency stop.
l.160 ...periodic flare from the soft {\ensuremath
                                                  {\gamma}}-ray repeater SGR...
End of file on the terminal!

!  ==> Fatal error occurred, no output PDF file produced!
