This is pdfTeX, Version 3.1415926-2.3-1.40.12 (MiKTeX 2.9) (preloaded format=pdflatex 2022.6.5)  28 APR 2025 17:03
entering extended mode
**thesis.tex
(D:\YarGU\Science\Dissere\MyDisser\DisserYarkov_2024\MyDisser2024\thesis.tex
LaTeX2e <2011/06/27>
Babel <v3.8m> and hyphenation patterns for english, afrikaans, ancientgreek, ar
abic, armenian, assamese, basque, bengali, bokmal, bulgarian, catalan, coptic, 
croatian, czech, danish, dutch, esperanto, estonian, farsi, finnish, french, ga
lician, german, german-x-2009-06-19, greek, gujarati, hindi, hungarian, iceland
ic, indonesian, interlingua, irish, italian, kannada, kurmanji, lao, latin, lat
vian, lithuanian, malayalam, marathi, mongolian, mongolianlmc, monogreek, ngerm
an, ngerman-x-2009-06-19, nynorsk, oriya, panjabi, pinyin, polish, portuguese, 
romanian, russian, sanskrit, serbian, slovak, slovenian, spanish, swedish, swis
sgerman, tamil, telugu, turkish, turkmen, ukenglish, ukrainian, uppersorbian, u
senglishmax, welsh, loaded.
(D:\YarGU\MiktexPack\disser-1.3.2.tds\tex\latex\disser\disser.cls
Document Class: disser 2015/07/25 1.3.2 Document class for dissertations
("C:\Program Files (x86)\MiKTeX 2.9\tex\latex\oberdiek\kvoptions.sty"
Package: kvoptions 2010/12/23 v3.10 Keyval support for LaTeX options (HO)

("C:\Program Files (x86)\MiKTeX 2.9\tex\latex\graphics\keyval.sty"
Package: keyval 1999/03/16 v1.13 key=value parser (DPC)
\KV@toks@=\toks14
)
("C:\Program Files (x86)\MiKTeX 2.9\tex\generic\oberdiek\ltxcmds.sty"
Package: ltxcmds 2011/04/18 v1.20 LaTeX kernel commands for general use (HO)
)
("C:\Program Files (x86)\MiKTeX 2.9\tex\generic\oberdiek\kvsetkeys.sty"
Package: kvsetkeys 2011/04/07 v1.13 Key value parser (HO)

("C:\Program Files (x86)\MiKTeX 2.9\tex\generic\oberdiek\infwarerr.sty"
Package: infwarerr 2010/04/08 v1.3 Providing info/warning/message (HO)
)
("C:\Program Files (x86)\MiKTeX 2.9\tex\generic\oberdiek\etexcmds.sty"
Package: etexcmds 2011/02/16 v1.5 Prefix for e-TeX command names (HO)

("C:\Program Files (x86)\MiKTeX 2.9\tex\generic\oberdiek\ifluatex.sty"
Package: ifluatex 2010/03/01 v1.3 Provides the ifluatex switch (HO)
Package ifluatex Info: LuaTeX not detected.
)
Package etexcmds Info: Could not find \expanded.
(etexcmds)             That can mean that you are not using pdfTeX 1.50 or
(etexcmds)             that some package has redefined \expanded.
(etexcmds)             In the latter case, load this package earlier.
)))
("C:\Program Files (x86)\MiKTeX 2.9\tex\generic\oberdiek\ifpdf.sty"
Package: ifpdf 2011/01/30 v2.3 Provides the ifpdf switch (HO)
Package ifpdf Info: pdfTeX in PDF mode is detected.
)
("C:\Program Files (x86)\MiKTeX 2.9\tex\latex\base\ifthen.sty"
Package: ifthen 2001/05/26 v1.1c Standard LaTeX ifthen package (DPC)
)
("C:\Program Files (x86)\MiKTeX 2.9\tex\latex\textcase\textcase.sty"
Package: textcase 2004/10/07 v0.07 Text only upper/lower case changing (DPC)
)
("C:\Program Files (x86)\MiKTeX 2.9\tex\latex\extsizes\size14.clo"
File: size14.clo 1999/11/11 v1.4a NON-Standard LaTeX file (size option)
)
("C:\Program Files (x86)\MiKTeX 2.9\tex\latex\base\exscale.sty"
Package: exscale 2007/10/29 v2.1h Standard LaTeX package exscale
LaTeX Font Info:    Redeclaring symbol font `largesymbols' on input line 52.
LaTeX Font Info:    Overwriting symbol font `largesymbols' in version `normal'
(Font)                  OMX/cmex/m/n --> OMX/cmex/m/n on input line 52.
LaTeX Font Info:    Overwriting symbol font `largesymbols' in version `bold'
(Font)                  OMX/cmex/m/n --> OMX/cmex/m/n on input line 52.
\big@size=\dimen102
)
\c@part=\count79
\c@chapter=\count80
\c@section=\count81
\c@subsection=\count82
\c@subsubsection=\count83
\c@paragraph=\count84
\c@subparagraph=\count85
\c@figure=\count86
\c@table=\count87
\chapterindent=\skip41
\abovecaptionskip=\skip42
\belowcaptionskip=\skip43
\footnoteindent=\skip44

(D:\YarGU\MiktexPack\disser-1.3.2.tds\tex\latex\disser\titledefs.rtx
File: titledefs.rtx 
\fieldhshift=\skip45
)
\bibindent=\dimen103

("C:\Program Files (x86)\MiKTeX 2.9\tex\latex\ams\math\amsmath.sty"
Package: amsmath 2000/07/18 v2.13 AMS math features
\@mathmargin=\skip46

For additional information on amsmath, use the `?' option.
("C:\Program Files (x86)\MiKTeX 2.9\tex\latex\ams\math\amstext.sty"
Package: amstext 2000/06/29 v2.01

("C:\Program Files (x86)\MiKTeX 2.9\tex\latex\ams\math\amsgen.sty"
File: amsgen.sty 1999/11/30 v2.0
\@emptytoks=\toks15
\ex@=\dimen104
))
("C:\Program Files (x86)\MiKTeX 2.9\tex\latex\ams\math\amsbsy.sty"
Package: amsbsy 1999/11/29 v1.2d
\pmbraise@=\dimen105
)
("C:\Program Files (x86)\MiKTeX 2.9\tex\latex\ams\math\amsopn.sty"
Package: amsopn 1999/12/14 v2.01 operator names
)
\inf@bad=\count88
LaTeX Info: Redefining \frac on input line 211.
\uproot@=\count89
\leftroot@=\count90
LaTeX Info: Redefining \overline on input line 307.
\classnum@=\count91
\DOTSCASE@=\count92
LaTeX Info: Redefining \ldots on input line 379.
LaTeX Info: Redefining \dots on input line 382.
LaTeX Info: Redefining \cdots on input line 467.
\Mathstrutbox@=\box26
\strutbox@=\box27
\big@size=\dimen106
LaTeX Font Info:    Redeclaring font encoding OML on input line 567.
LaTeX Font Info:    Redeclaring font encoding OMS on input line 568.
\macc@depth=\count93
\c@MaxMatrixCols=\count94
\dotsspace@=\muskip10
\c@parentequation=\count95
\dspbrk@lvl=\count96
\tag@help=\toks16
\row@=\count97
\column@=\count98
\maxfields@=\count99
\andhelp@=\toks17
\eqnshift@=\dimen107
\alignsep@=\dimen108
\tagshift@=\dimen109
\tagwidth@=\dimen110
\totwidth@=\dimen111
\lineht@=\dimen112
\@envbody=\toks18
\multlinegap=\skip47
\multlinetaggap=\skip48
\mathdisplay@stack=\toks19
LaTeX Info: Redefining \[ on input line 2666.
LaTeX Info: Redefining \] on input line 2667.
)
("C:\Program Files (x86)\MiKTeX 2.9\tex\latex\amsfonts\amssymb.sty"
Package: amssymb 2009/06/22 v3.00

("C:\Program Files (x86)\MiKTeX 2.9\tex\latex\amsfonts\amsfonts.sty"
Package: amsfonts 2009/06/22 v3.00 Basic AMSFonts support
\symAMSa=\mathgroup4
\symAMSb=\mathgroup5
LaTeX Font Info:    Overwriting math alphabet `\mathfrak' in version `bold'
(Font)                  U/euf/m/n --> U/euf/b/n on input line 96.
))
\symEulerExtension=\mathgroup6
LaTeX Font Info:    Redeclaring math symbol \intop on input line 1393.
LaTeX Font Info:    Redeclaring math symbol \ointop on input line 1394.

("C:\Program Files (x86)\MiKTeX 2.9\tex\latex\natbib\natbib.sty"
Package: natbib 2010/09/13 8.31b (PWD, AO)
\bibhang=\skip49
\bibsep=\skip50
LaTeX Info: Redefining \cite on input line 694.
\c@NAT@ctr=\count100
)
("C:\Program Files (x86)\MiKTeX 2.9\tex\latex\caption\caption.sty"
Package: caption 2011/08/18 v3.2b Customizing captions (AR)

("C:\Program Files (x86)\MiKTeX 2.9\tex\latex\caption\caption3.sty"
Package: caption3 2011/08/18 v1.3b caption3 kernel (AR)
\captionmargin=\dimen113
\captionmargin@=\dimen114
\captionwidth=\dimen115
\caption@indent=\dimen116
\caption@parindent=\dimen117
\caption@hangindent=\dimen118
Package caption Info: Unknown document class (or package),
(caption)             standard defaults will be used.
)

Package caption Warning: Unsupported document class (or package) detected,
(caption)                usage of the caption package is not recommended.
See the caption package documentation for explanation.

Package caption Info: \@makecaption = \long macro:#1#2->\vskip \abovecaptionski
p \sbox \@tempboxa {{\captionlabelfont #1\captionlabeldelim } {\captionfont #2}
}\ifdim \wd \@tempboxa >\hsize {{\captionlabelfont #1\captionlabeldelim } {\cap
tionfont #2}}\par \else \global \@minipagefalse \hb@xt@ \hsize {\hfil \box \@te
mpboxa \hfil }\fi \vskip \belowcaptionskip .

Package caption Warning: Configuration file caption.cfg not found on input line
 248.
See the caption package documentation for explanation.

\c@ContinuedFloat=\count101
) ("C:\Program Files (x86)\MiKTeX 2.9\tex\latex\caption\subcaption.sty"
Package: subcaption 2011/08/18 v1.1a Adding subcaptions (AR)
\c@subfigure=\count102
\c@subtable=\count103
)
("C:\Program Files (x86)\MiKTeX 2.9\tex\latex\hyperref\hyperref.sty"
Package: hyperref 2011/08/19 v6.82h Hypertext links for LaTeX

("C:\Program Files (x86)\MiKTeX 2.9\tex\generic\oberdiek\hobsub-hyperref.sty"
Package: hobsub-hyperref 2011/04/23 v1.4 Bundle oberdiek, subset hyperref (HO)

("C:\Program Files (x86)\MiKTeX 2.9\tex\generic\oberdiek\hobsub-generic.sty"
Package: hobsub-generic 2011/04/23 v1.4 Bundle oberdiek, subset generic (HO)
Package: hobsub 2011/04/23 v1.4 Subsetting bundle oberdiek (HO)
Package hobsub Info: Skipping package `infwarerr' (already loaded).
Package hobsub Info: Skipping package `ltxcmds' (already loaded).
Package hobsub Info: Skipping package `ifluatex' (already loaded).
Package: ifvtex 2010/03/01 v1.5 Switches for detecting VTeX and its modes (HO)
Package ifvtex Info: VTeX not detected.
Package: intcalc 2007/09/27 v1.1 Expandable integer calculations (HO)
Package hobsub Info: Skipping package `ifpdf' (already loaded).
Package hobsub Info: Skipping package `etexcmds' (already loaded).
Package hobsub Info: Skipping package `kvsetkeys' (already loaded).
Package: kvdefinekeys 2011/04/07 v1.3 Defining keys (HO)
Package: pdftexcmds 2011/04/22 v0.16 Utilities of pdfTeX for LuaTeX (HO)
Package pdftexcmds Info: LuaTeX not detected.
Package pdftexcmds Info: \pdf@primitive is available.
Package pdftexcmds Info: \pdf@ifprimitive is available.
Package pdftexcmds Info: \pdfdraftmode found.
Package: pdfescape 2011/04/04 v1.12 Provides string conversions (HO)
Package: bigintcalc 2011/01/30 v1.2 Expandable big integer calculations (HO)
Package: bitset 2011/01/30 v1.1 Data type bit set (HO)
Package: uniquecounter 2011/01/30 v1.2 Provides unlimited unique counter (HO)
)
Package hobsub Info: Skipping package `hobsub' (already loaded).
Package: letltxmacro 2010/09/02 v1.4 Let assignment for LaTeX macros (HO)
Package: hopatch 2011/01/30 v1.0 Wrapper for package hooks (HO)
Package: xcolor-patch 2011/01/30 xcolor patch
Package: atveryend 2011/04/23 v1.7 Hooks at very end of document (HO)
Package: atbegshi 2011/01/30 v1.15 At begin shipout hook (HO)
Package: refcount 2010/12/01 v3.2 Data extraction from references (HO)
Package: hycolor 2011/01/30 v1.7 Color options of hyperref/bookmark (HO)
)
("C:\Program Files (x86)\MiKTeX 2.9\tex\generic\ifxetex\ifxetex.sty"
Package: ifxetex 2010/09/12 v0.6 Provides ifxetex conditional
)
\@linkdim=\dimen119
\Hy@linkcounter=\count104
\Hy@pagecounter=\count105

("C:\Program Files (x86)\MiKTeX 2.9\tex\latex\hyperref\pd1enc.def"
File: pd1enc.def 2011/08/19 v6.82h Hyperref: PDFDocEncoding definition (HO)
)
\Hy@SavedSpaceFactor=\count106

("C:\Program Files (x86)\MiKTeX 2.9\tex\latex\00miktex\hyperref.cfg"
File: hyperref.cfg 2002/06/06 v1.2 hyperref configuration of TeXLive
)
Package hyperref Info: Option `colorlinks' set `true' on input line 3932.
Package hyperref Info: Option `unicode' set `true' on input line 3932.

("C:\Program Files (x86)\MiKTeX 2.9\tex\latex\hyperref\puenc.def"
File: puenc.def 2011/08/19 v6.82h Hyperref: PDF Unicode definition (HO)
)
Package hyperref Info: Hyper figures OFF on input line 4053.
Package hyperref Info: Link nesting OFF on input line 4058.
Package hyperref Info: Hyper index ON on input line 4061.
Package hyperref Info: Plain pages OFF on input line 4068.
Package hyperref Info: Backreferencing OFF on input line 4073.
Package hyperref Info: Implicit mode ON; LaTeX internals redefined.
Package hyperref Info: Bookmarks ON on input line 4291.
\c@Hy@tempcnt=\count107

("C:\Program Files (x86)\MiKTeX 2.9\tex\latex\ltxmisc\url.sty"
\Urlmuskip=\muskip11
Package: url 2006/04/12  ver 3.3  Verb mode for urls, etc.
)
LaTeX Info: Redefining \url on input line 4644.
\Fld@menulength=\count108
\Field@Width=\dimen120
\Fld@charsize=\dimen121
Package hyperref Info: Hyper figures OFF on input line 5730.
Package hyperref Info: Link nesting OFF on input line 5735.
Package hyperref Info: Hyper index ON on input line 5738.
Package hyperref Info: backreferencing OFF on input line 5745.
Package hyperref Info: Link coloring ON on input line 5748.
Package hyperref Info: Link coloring with OCG OFF on input line 5755.
Package hyperref Info: PDF/A mode OFF on input line 5760.
LaTeX Info: Redefining \ref on input line 5800.
LaTeX Info: Redefining \pageref on input line 5804.
\Hy@abspage=\count109
\c@Item=\count110
\c@Hfootnote=\count111
)

Package hyperref Message: Driver: hpdftex.

("C:\Program Files (x86)\MiKTeX 2.9\tex\latex\hyperref\hpdftex.def"
File: hpdftex.def 2011/08/19 v6.82h Hyperref driver for pdfTeX
\Fld@listcount=\count112
\c@bookmark@seq@number=\count113

("C:\Program Files (x86)\MiKTeX 2.9\tex\latex\oberdiek\rerunfilecheck.sty"
Package: rerunfilecheck 2011/04/15 v1.7 Rerun checks for auxiliary files (HO)
Package uniquecounter Info: New unique counter `rerunfilecheck' on input line 2
82.
)
\Hy@SectionHShift=\skip51
)
Package hyperref Info: Option `colorlinks' set `false' on input line 1497.
Package hyperref Info: Option `bookmarksopen' set `true' on input line 1497.
Package hyperref Info: Option `bookmarksnumbered' set `true' on input line 1497
.

("C:\Program Files (x86)\MiKTeX 2.9\tex\latex\graphics\graphicx.sty"
Package: graphicx 1999/02/16 v1.0f Enhanced LaTeX Graphics (DPC,SPQR)

("C:\Program Files (x86)\MiKTeX 2.9\tex\latex\graphics\graphics.sty"
Package: graphics 2009/02/05 v1.0o Standard LaTeX Graphics (DPC,SPQR)

("C:\Program Files (x86)\MiKTeX 2.9\tex\latex\graphics\trig.sty"
Package: trig 1999/03/16 v1.09 sin cos tan (DPC)
)
("C:\Program Files (x86)\MiKTeX 2.9\tex\latex\00miktex\graphics.cfg"
File: graphics.cfg 2007/01/18 v1.5 graphics configuration of teTeX/TeXLive
)
Package graphics Info: Driver file: pdftex.def on input line 91.

("C:\Program Files (x86)\MiKTeX 2.9\tex\latex\pdftex-def\pdftex.def"
File: pdftex.def 2011/05/27 v0.06d Graphics/color for pdfTeX
\Gread@gobject=\count114
))
\Gin@req@height=\dimen122
\Gin@req@width=\dimen123
)
("C:\Program Files (x86)\MiKTeX 2.9\tex\latex\cmap\cmap.sty"
Package: cmap 2008/03/06 v1.0h CMap support: searchable PDF
)
("C:\Program Files (x86)\MiKTeX 2.9\tex\latex\graphics\color.sty"
Package: color 2005/11/14 v1.0j Standard LaTeX Color (DPC)

("C:\Program Files (x86)\MiKTeX 2.9\tex\latex\00miktex\color.cfg"
File: color.cfg 2007/01/18 v1.5 color configuration of teTeX/TeXLive
)
Package color Info: Driver file: pdftex.def on input line 130.
)
Package hyperref Info: Option `colorlinks' set `true' on input line 1516.
)
(D:\YarGU\MiktexPack\disser-1.3.2.tds\tex\latex\disser\candidate.rtx
File: candidate.rtx 
)
("C:\Program Files (x86)\MiKTeX 2.9\tex\latex\geometry\geometry.sty"
Package: geometry 2010/09/12 v5.6 Page Geometry
\Gm@cnth=\count115
\Gm@cntv=\count116
\c@Gm@tempcnt=\count117
\Gm@bindingoffset=\dimen124
\Gm@wd@mp=\dimen125
\Gm@odd@mp=\dimen126
\Gm@even@mp=\dimen127
\Gm@layoutwidth=\dimen128
\Gm@layoutheight=\dimen129
\Gm@layouthoffset=\dimen130
\Gm@layoutvoffset=\dimen131
\Gm@dimlist=\toks20

("C:\Program Files (x86)\MiKTeX 2.9\tex\latex\geometry\geometry.cfg"))
("C:\Program Files (x86)\MiKTeX 2.9\tex\latex\base\fontenc.sty"
Package: fontenc 2005/09/27 v1.99g Standard LaTeX package

("C:\Program Files (x86)\MiKTeX 2.9\tex\latex\cyrillic\t2aenc.def"
File: t2aenc.def 2005/09/27 v1.0i Cyrillic encoding definition file
)
LaTeX Font Info:    Try loading font information for T2A+cmr on input line 100.


("C:\Program Files (x86)\MiKTeX 2.9\tex\latex\cyrillic\t2acmr.fd"
File: t2acmr.fd 2001/08/11 v1.0a Computer Modern Cyrillic font definitions
)<<t2a.cmap>>) ("C:\Program Files (x86)\MiKTeX 2.9\tex\latex\base\inputenc.sty"
Package: inputenc 2008/03/30 v1.1d Input encoding file
\inpenc@prehook=\toks21
\inpenc@posthook=\toks22

("C:\Program Files (x86)\MiKTeX 2.9\tex\latex\cyrillic\cp1251.def"
File: cp1251.def 1999/11/16 v1.0d Input encoding file
))
("C:\Program Files (x86)\MiKTeX 2.9\tex\generic\babel\babel.sty"
Package: babel 2008/07/08 v3.8m The Babel package

*************************************
* Local config file bblopts.cfg used
*
("C:\Program Files (x86)\MiKTeX 2.9\tex\latex\00miktex\bblopts.cfg"
File: bblopts.cfg 2006/07/31 v1.0 MiKTeX 'babel' configuration
)
("C:\Program Files (x86)\MiKTeX 2.9\tex\generic\babel\english.ldf"
Language: english 2005/03/30 v3.3o English support from the babel system

("C:\Program Files (x86)\MiKTeX 2.9\tex\generic\babel\babel.def"
File: babel.def 2008/07/08 v3.8m Babel common definitions
\babel@savecnt=\count118
\U@D=\dimen132
)
\l@canadian = a dialect from \language\l@american 
\l@australian = a dialect from \language\l@british 
\l@newzealand = a dialect from \language\l@british 
)
("C:\Program Files (x86)\MiKTeX 2.9\tex\generic\babel\russianb.ldf"
Language: russianb 2008/03/21 v1.1r Russian support from the babel system
Package babel Info: Making " an active character on input line 199.
))
("C:\Program Files (x86)\MiKTeX 2.9\tex\latex\graphics\epsfig.sty"
Package: epsfig 1999/02/16 v1.7a (e)psfig emulation (SPQR)
\epsfxsize=\dimen133
\epsfysize=\dimen134
)
("C:\Program Files (x86)\MiKTeX 2.9\tex\latex\oberdiek\epstopdf.sty"
Package: epstopdf 2010/02/09 v2.5 Conversion with epstopdf on the fly (HO)

("C:\Program Files (x86)\MiKTeX 2.9\tex\latex\oberdiek\epstopdf-base.sty"
Package: epstopdf-base 2010/02/09 v2.5 Base part for package epstopdf

("C:\Program Files (x86)\MiKTeX 2.9\tex\latex\oberdiek\grfext.sty"
Package: grfext 2010/08/19 v1.1 Managing graphics extensions (HO)
)
Package grfext Info: Graphics extension search list:
(grfext)             [.png,.pdf,.jpg,.mps,.jpeg,.jbig2,.jb2,.PNG,.PDF,.JPG,.JPE
G,.JBIG2,.JB2,.eps]
(grfext)             \AppendGraphicsExtensions on input line 452.
))
("C:\Program Files (x86)\MiKTeX 2.9\tex\latex\csquotes\csquotes.sty"
Package: csquotes 2011/03/25 v5.1c context-sensitive quotations

("C:\Program Files (x86)\MiKTeX 2.9\tex\latex\etoolbox\etoolbox.sty"
Package: etoolbox 2011/01/03 v2.1 e-TeX tools for LaTeX

("C:\Program Files (x86)\MiKTeX 2.9\tex\latex\misc\etex.sty"
Package: etex 1998/03/26 v2.0 eTeX basic definition package (PEB)
\et@xins=\count119
)
\etb@tempcnta=\count120
)
\csq@reset=\count121
\csq@gtype=\count122
\csq@glevel=\count123
\csq@qlevel=\count124
\csq@maxlvl=\count125
\csq@tshold=\count126
\csq@ltx@everypar=\toks23

("C:\Program Files (x86)\MiKTeX 2.9\tex\latex\csquotes\csquotes.def"
File: csquotes.def 2011/03/25 v5.1c csquotes generic definitions
)
Package csquotes Info: Trying to load configuration file 'csquotes.cfg'...
Package csquotes Info: ... configuration file loaded successfully.

("C:\Program Files (x86)\MiKTeX 2.9\tex\latex\csquotes\csquotes.cfg"
File: csquotes.cfg 
)
Package csquotes Info: Enabling multilingual quotes.
)
("C:\Program Files (x86)\MiKTeX 2.9\tex\latex\nomencl\nomencl.sty"
Package: nomencl 2005/09/22 v4.2 Nomenclature package (LN)
\nomlabelwidth=\dimen135
\nom@tempdim=\dimen136
\nomitemsep=\skip52
)
\@nomenclaturefile=\write3

Writing nomenclature file thesis.nlo
("C:\Program Files (x86)\MiKTeX 2.9\tex\latex\wrapfig\wrapfig.sty"
\wrapoverhang=\dimen137
\WF@size=\dimen138
\c@WF@wrappedlines=\count127
\WF@box=\box28
\WF@everypar=\toks24
Package: wrapfig 2003/01/31  v 3.6
)
Package csquotes Info: Checking for multilingual support...
Package csquotes Info: ... found 'babel' package.

(D:\YarGU\Science\Dissere\MyDisser\DisserYarkov_2024\MyDisser2024\thesis.aux

LaTeX Warning: Label `eq:L' multiply defined.


LaTeX Warning: Label `Wres' multiply defined.


LaTeX Warning: Label `eq:wabs2' multiply defined.


LaTeX Warning: Label `disper' multiply defined.


LaTeX Warning: Label `eq:omegapl' multiply defined.

)
LaTeX Font Info:    Checking defaults for OML/cmm/m/it on input line 98.
LaTeX Font Info:    ... okay on input line 98.
LaTeX Font Info:    Checking defaults for T1/cmr/m/n on input line 98.
LaTeX Font Info:    ... okay on input line 98.
LaTeX Font Info:    Checking defaults for OT1/cmr/m/n on input line 98.
LaTeX Font Info:    ... okay on input line 98.
LaTeX Font Info:    Checking defaults for OMS/cmsy/m/n on input line 98.
LaTeX Font Info:    ... okay on input line 98.
LaTeX Font Info:    Checking defaults for OMX/cmex/m/n on input line 98.
LaTeX Font Info:    ... okay on input line 98.
LaTeX Font Info:    Checking defaults for U/cmr/m/n on input line 98.
LaTeX Font Info:    ... okay on input line 98.
LaTeX Font Info:    Checking defaults for PD1/pdf/m/n on input line 98.
LaTeX Font Info:    ... okay on input line 98.
LaTeX Font Info:    Checking defaults for PU/pdf/m/n on input line 98.
LaTeX Font Info:    ... okay on input line 98.
LaTeX Font Info:    Checking defaults for T2A/cmr/m/n on input line 98.
LaTeX Font Info:    ... okay on input line 98.
Package caption Info: Begin \AtBeginDocument code.
Package caption Info: hyperref package is loaded.
Package caption Info: wrapfig package is loaded.
Package caption Info: End \AtBeginDocument code.
\AtBeginShipoutBox=\box29
Package hyperref Info: Link coloring ON on input line 98.
 ("C:\Program Files (x86)\MiKTeX 2.9\tex\latex\hyperref\nameref.sty"
Package: nameref 2010/04/30 v2.40 Cross-referencing by name of section

("C:\Program Files (x86)\MiKTeX 2.9\tex\generic\oberdiek\gettitlestring.sty"
Package: gettitlestring 2010/12/03 v1.4 Cleanup title references (HO)
)
\c@section@level=\count128
)
LaTeX Info: Redefining \ref on input line 98.
LaTeX Info: Redefining \pageref on input line 98.
LaTeX Info: Redefining \nameref on input line 98.

(D:\YarGU\Science\Dissere\MyDisser\DisserYarkov_2024\MyDisser2024\thesis.out)
(D:\YarGU\Science\Dissere\MyDisser\DisserYarkov_2024\MyDisser2024\thesis.out)
\@outlinefile=\write4

("C:\Program Files (x86)\MiKTeX 2.9\tex\context\base\supp-pdf.mkii"
[Loading MPS to PDF converter (version 2006.09.02).]
\scratchcounter=\count129
\scratchdimen=\dimen139
\scratchbox=\box30
\nofMPsegments=\count130
\nofMParguments=\count131
\everyMPshowfont=\toks25
\MPscratchCnt=\count132
\MPscratchDim=\dimen140
\MPnumerator=\count133
\makeMPintoPDFobject=\count134
\everyMPtoPDFconversion=\toks26
)
*geometry* driver: auto-detecting
*geometry* detected driver: pdftex
*geometry* verbose mode - [ preamble ] result:
* driver: pdftex
* paper: a4paper
* layout: <same size as paper>
* layoutoffset:(h,v)=(0.0pt,0.0pt)
* modes: 
* h-part:(L,W,R)=(71.13188pt, 497.92325pt, 28.45274pt)
* v-part:(T,H,B)=(56.9055pt, 731.23584pt, 56.9055pt)
* \paperwidth=597.50787pt
* \paperheight=845.04684pt
* \textwidth=497.92325pt
* \textheight=731.23584pt
* \oddsidemargin=-1.1381pt
* \evensidemargin=-1.1381pt
* \topmargin=-49.28133pt
* \headheight=14.0pt
* \headsep=19.91684pt
* \topskip=14.0pt
* \footskip=28.45274pt
* \marginparwidth=15.0pt
* \marginparsep=10.0pt
* \columnsep=10.0pt
* \skip\footins=12.0pt plus 4.0pt minus 2.0pt
* \hoffset=0.0pt
* \voffset=0.0pt
* \mag=1000
* \@twocolumnfalse
* \@twosidefalse
* \@mparswitchfalse
* \@reversemarginfalse
* (1in=72.27pt=25.4mm, 1cm=28.453pt)

(D:\YarGU\Science\Dissere\MyDisser\DisserYarkov_2024\MyDisser2024\titul.tex)
\firstskip=\skip53
\secondskip=\skip54
\thirdskip=\skip55
\fourthskip=\skip56
\fifthskip=\skip57
\sixthskip=\skip58
\specskip=\skip59
\saskip=\skip60

[1

{C:/ProgramData/MiKTeX/2.9/pdftex/config/pdftex.map}]
(D:\YarGU\Science\Dissere\MyDisser\DisserYarkov_2024\MyDisser2024\thesis.toc<<o
t1.cmap>><<oml.cmap>><<oms.cmap>><<omx.cmap>>
LaTeX Font Info:    Try loading font information for U+msa on input line 2.

("C:\Program Files (x86)\MiKTeX 2.9\tex\latex\amsfonts\umsa.fd"
File: umsa.fd 2009/06/22 v3.00 AMS symbols A
)
LaTeX Font Info:    Try loading font information for U+msb on input line 2.

("C:\Program Files (x86)\MiKTeX 2.9\tex\latex\amsfonts\umsb.fd"
File: umsb.fd 2009/06/22 v3.00 AMS symbols B
)
LaTeX Font Info:    Try loading font information for U+euex on input line 2.

("C:\Program Files (x86)\MiKTeX 2.9\tex\latex\amsfonts\ueuex.fd"
File: ueuex.fd 2009/06/22 v3.00 Euler extra symbols
) [2


])
\tf@toc=\write5
 [3]
(D:\YarGU\Science\Dissere\MyDisser\DisserYarkov_2024\MyDisser2024\common.tex)
(D:\YarGU\Science\Dissere\MyDisser\DisserYarkov_2024\MyDisser2024\intro.tex
[4


]
Underfull \hbox (badness 7273) in paragraph at lines 9--9
\T2A/cmr/m/n/14.4 Repeater) и аномальные рентгеновские пульсары (AXP -- 
Anomalous
 []

[5] [6] [7] [8pdfTeX warning (ext4): destination with the same identifier (name
{equation.0.3}) has been already used, duplicate ignored

\AtBegShi@Output ...ipout \box \AtBeginShipoutBox 
                                                  \fi \fi 
l.9 \actualitytext
                  ] [9]
Underfull \hbox (badness 10000) in paragraph at lines 9--10
[]\T2A/cmr/m/n/14.4 Другим немаловажным квантовым процессом, имеющим м
есто
 []

[10] [11] [12]
Overfull \hbox (2.03145pt too wide) in paragraph at lines 20--20
[]\T2A/cmr/m/n/14.4 Впервые получены возможные области энергий фотона
, при которых комп
 []

[13]
Overfull \hbox (1.07848pt too wide) in paragraph at lines 20--20
\T2A/cmr/m/n/14.4 циональном приближении резонансного пика для зама
гниченной зарядово-
 []

[14]
Overfull \hbox (10.97958pt too wide) in paragraph at lines 31--31
[]\T2A/cmr/m/n/14.4 Впервые получено решение кинетического уравнени
я для нахождения функ
 []

[15] [16]
Overfull \hbox (5.54124pt too wide) in paragraph at lines 43--43
[]\T2A/cmr/m/n/14.4 Результаты \T2A/cmr/bx/n/14.4 разделов 1.3--1.4 \T2A/cmr/
m/n/14.4 получены в соавторстве с Румянцевым Д. А.,
 []

[17] [18]) [19]
(D:\YarGU\Science\Dissere\MyDisser\DisserYarkov_2024\MyDisser2024\Chapt1.tex
[20

] [21]
Underfull \hbox (badness 10000) in paragraph at lines 89--103
\T2A/cmr/m/n/14.4 рассеяния требуется учесть полную ширину изменени
я состояния
 []

[22] [23] [24] [25] [26] [27] [28]
Package epstopdf Info: Source file: <fig/DispFirst2ColOnly2Plasmas.eps>
(epstopdf)                    date: 2025-02-24 13:59:52
(epstopdf)                    size: 64812 bytes
(epstopdf)             Output file: <fig/DispFirst2ColOnly2Plasmas-eps-converte
d-to.pdf>
(epstopdf)                    date: 2025-02-24 14:00:41
(epstopdf)                    size: 21090 bytes
(epstopdf)             Command: <epstopdf --outfile=fig/DispFirst2ColOnly2Plasm
as-eps-converted-to.pdf fig/DispFirst2ColOnly2Plasmas.eps>
(epstopdf)             \includegraphics on input line 350.
Package epstopdf Info: Output file is already uptodate.

<fig/DispFirst2ColOnly2Plasmas-eps-converted-to.pdf, id=560, 256.96pt x 179.671
25pt>
File: fig/DispFirst2ColOnly2Plasmas-eps-converted-to.pdf Graphic file (type pdf
)
 <use fig/DispFirst2ColOnly2Plasmas-eps-converted-to.pdf>
Package pdftex.def Info: fig/DispFirst2ColOnly2Plasmas-eps-converted-to.pdf use
d on input line 350.
(pdftex.def)             Requested size: 334.04796pt x 233.57257pt.
 [29 <D:/YarGU/Science/Dissere/MyDisser/DisserYarkov_2024/MyDisser2024/fig/Disp
First2ColOnly2Plasmas-eps-converted-to.pdf>]
Underfull \hbox (badness 10000) in paragraph at lines 363--364
\T2A/cmr/m/n/14.4 ном электроне, []. Поэтому в пределе сильного поля
 []

[30]
Package epstopdf Info: Source file: <fig/figComp1.eps>
(epstopdf)                    date: 2025-01-31 19:45:22
(epstopdf)                    size: 53694 bytes
(epstopdf)             Output file: <fig/figComp1-eps-converted-to.pdf>
(epstopdf)                    date: 2025-01-31 19:46:10
(epstopdf)                    size: 21558 bytes
(epstopdf)             Command: <epstopdf --outfile=fig/figComp1-eps-converted-
to.pdf fig/figComp1.eps>
(epstopdf)             \includegraphics on input line 390.
Package epstopdf Info: Output file is already uptodate.
 <fig/figComp1-eps-converted-to.pdf, id=596, 258.9675pt x 96.36pt>
File: fig/figComp1-eps-converted-to.pdf Graphic file (type pdf)

<use fig/figComp1-eps-converted-to.pdf>
Package pdftex.def Info: fig/figComp1-eps-converted-to.pdf used on input line 3
90.
(pdftex.def)             Requested size: 284.52756pt x 105.8816pt.
 [31 <D:/YarGU/Science/Dissere/MyDisser/DisserYarkov_2024/MyDisser2024/fig/figC
omp1-eps-converted-to.pdf>]
Overfull \hbox (2.50677pt too wide) in alignment at lines 400--413
 [][][] []
 []


Overfull \hbox (5.69922pt too wide) in paragraph at lines 437--440
\T2A/cmr/m/n/14.4 вав полученный результат по $\OT1/cmr/m/n/14.4 d\OML/cmm
/m/it/14.4 X[]\OT1/cmr/m/n/14.4 d\OML/cmm/m/it/14.4 X[]\OT1/cmr/m/n/14.4 d\OML/
cmm/m/it/14.4 X[]$ \T2A/cmr/m/n/14.4 и $\OT1/cmr/m/n/14.4 d\OML/cmm/m/it/14.4 Y
[]\OT1/cmr/m/n/14.4 d\OML/cmm/m/it/14.4 Y[]\OT1/cmr/m/n/14.4 d\OML/cmm/m/it/14.
4 Y[]$\T2A/cmr/m/n/14.4 , представим $\OML/cmm/m/it/14.4 S$\T2A/cmr/m/n/14.4 
-матричный
 []

[32] [33] [34pdfTeX warning (ext4): destination with the same identifier (name{
equation.1.33}) has been already used, duplicate ignored

\AtBegShi@Output ...ipout \box \AtBeginShipoutBox 
                                                  \fi \fi 
l.562 \beq
          ] [35]
Overfull \hbox (4.76164pt too wide) in paragraph at lines 652--654
\T2A/cmr/m/n/14.4 глощения удобно, например, вычислять длину свободно
го пробега [],
 []


Underfull \hbox (badness 4608) in paragraph at lines 655--656
[]\T2A/cmr/m/n/14.4 Подставляя факторизованные квадраты амплитуд ([][]
1.33[][]) с учетом
 []

[36pdfTeX warning (ext4): destination with the same identifier (name{equation.1
.44}) has been already used, duplicate ignored

\AtBegShi@Output ...ipout \box \AtBeginShipoutBox 
                                                  \fi \fi 
l.675 \eeq
          ] [37pdfTeX warning (ext4): destination with the same identifier (nam
e{equation.1.48}) has been already used, duplicate ignored

\AtBegShi@Output ...ipout \box \AtBeginShipoutBox 
                                                  \fi \fi 
l.725 \newpage
              ] [38] [39] [40]
Package epstopdf Info: Source file: <fig/AliceDeltaAverageB023T001Deg30.eps>
(epstopdf)                    date: 2024-12-12 15:21:11
(epstopdf)                    size: 72653 bytes
(epstopdf)             Output file: <fig/AliceDeltaAverageB023T001Deg30-eps-con
verted-to.pdf>
(epstopdf)                    date: 2024-12-12 15:21:11
(epstopdf)                    size: 25433 bytes
(epstopdf)             Command: <epstopdf --outfile=fig/AliceDeltaAverageB023T0
01Deg30-eps-converted-to.pdf fig/AliceDeltaAverageB023T001Deg30.eps>
(epstopdf)             \includegraphics on input line 789.
Package epstopdf Info: Output file is already uptodate.

<fig/AliceDeltaAverageB023T001Deg30-eps-converted-to.pdf, id=750, 259.97125pt x
 184.69pt>
File: fig/AliceDeltaAverageB023T001Deg30-eps-converted-to.pdf Graphic file (typ
e pdf)
 <use fig/AliceDeltaAverageB023T001Deg30-eps-converted-to.pdf>
Package pdftex.def Info: fig/AliceDeltaAverageB023T001Deg30-eps-converted-to.pd
f used on input line 789.
(pdftex.def)             Requested size: 298.75697pt x 212.24529pt.
Package epstopdf Info: Source file: <fig/AliceDeltaAverageB023T001Deg60.eps>
(epstopdf)                    date: 2024-12-12 15:21:11
(epstopdf)                    size: 71627 bytes
(epstopdf)             Output file: <fig/AliceDeltaAverageB023T001Deg60-eps-con
verted-to.pdf>
(epstopdf)                    date: 2024-12-12 15:21:11
(epstopdf)                    size: 25055 bytes
(epstopdf)             Command: <epstopdf --outfile=fig/AliceDeltaAverageB023T0
01Deg60-eps-converted-to.pdf fig/AliceDeltaAverageB023T001Deg60.eps>
(epstopdf)             \includegraphics on input line 790.
Package epstopdf Info: Output file is already uptodate.

<fig/AliceDeltaAverageB023T001Deg60-eps-converted-to.pdf, id=752, 259.97125pt x
 184.69pt>
File: fig/AliceDeltaAverageB023T001Deg60-eps-converted-to.pdf Graphic file (typ
e pdf)
 <use fig/AliceDeltaAverageB023T001Deg60-eps-converted-to.pdf>
Package pdftex.def Info: fig/AliceDeltaAverageB023T001Deg60-eps-converted-to.pd
f used on input line 790.
(pdftex.def)             Requested size: 298.75697pt x 212.24529pt.
Package epstopdf Info: Source file: <fig/AliceDeltaAverageB023T001Deg85.eps>
(epstopdf)                    date: 2024-12-12 15:21:11
(epstopdf)                    size: 70753 bytes
(epstopdf)             Output file: <fig/AliceDeltaAverageB023T001Deg85-eps-con
verted-to.pdf>
(epstopdf)                    date: 2024-12-12 15:21:11
(epstopdf)                    size: 24142 bytes
(epstopdf)             Command: <epstopdf --outfile=fig/AliceDeltaAverageB023T0
01Deg85-eps-converted-to.pdf fig/AliceDeltaAverageB023T001Deg85.eps>
(epstopdf)             \includegraphics on input line 791.
Package epstopdf Info: Output file is already uptodate.

<fig/AliceDeltaAverageB023T001Deg85-eps-converted-to.pdf, id=754, 259.97125pt x
 184.69pt>
File: fig/AliceDeltaAverageB023T001Deg85-eps-converted-to.pdf Graphic file (typ
e pdf)
 <use fig/AliceDeltaAverageB023T001Deg85-eps-converted-to.pdf>
Package pdftex.def Info: fig/AliceDeltaAverageB023T001Deg85-eps-converted-to.pd
f used on input line 791.
(pdftex.def)             Requested size: 298.75697pt x 212.24529pt.


LaTeX Warning: Float too large for page by 21.23976pt on input line 793.

Package epstopdf Info: Source file: <fig/AliceDeltaAverageB023T01Deg30.eps>
(epstopdf)                    date: 2024-12-12 15:21:11
(epstopdf)                    size: 71894 bytes
(epstopdf)             Output file: <fig/AliceDeltaAverageB023T01Deg30-eps-conv
erted-to.pdf>
(epstopdf)                    date: 2024-12-12 15:21:11
(epstopdf)                    size: 25000 bytes
(epstopdf)             Command: <epstopdf --outfile=fig/AliceDeltaAverageB023T0
1Deg30-eps-converted-to.pdf fig/AliceDeltaAverageB023T01Deg30.eps>
(epstopdf)             \includegraphics on input line 796.
Package epstopdf Info: Output file is already uptodate.

<fig/AliceDeltaAverageB023T01Deg30-eps-converted-to.pdf, id=758, 259.97125pt x 
184.69pt>
File: fig/AliceDeltaAverageB023T01Deg30-eps-converted-to.pdf Graphic file (type
 pdf)
 <use fig/AliceDeltaAverageB023T01Deg30-eps-converted-to.pdf>
Package pdftex.def Info: fig/AliceDeltaAverageB023T01Deg30-eps-converted-to.pdf
 used on input line 796.
(pdftex.def)             Requested size: 298.75697pt x 212.24529pt.
Package epstopdf Info: Source file: <fig/AliceDeltaAverageB023T01Deg60.eps>
(epstopdf)                    date: 2024-12-12 15:21:11
(epstopdf)                    size: 73634 bytes
(epstopdf)             Output file: <fig/AliceDeltaAverageB023T01Deg60-eps-conv
erted-to.pdf>
(epstopdf)                    date: 2024-12-12 15:21:11
(epstopdf)                    size: 25784 bytes
(epstopdf)             Command: <epstopdf --outfile=fig/AliceDeltaAverageB023T0
1Deg60-eps-converted-to.pdf fig/AliceDeltaAverageB023T01Deg60.eps>
(epstopdf)             \includegraphics on input line 797.
Package epstopdf Info: Output file is already uptodate.

<fig/AliceDeltaAverageB023T01Deg60-eps-converted-to.pdf, id=760, 259.97125pt x 
184.69pt>
File: fig/AliceDeltaAverageB023T01Deg60-eps-converted-to.pdf Graphic file (type
 pdf)
 <use fig/AliceDeltaAverageB023T01Deg60-eps-converted-to.pdf>
Package pdftex.def Info: fig/AliceDeltaAverageB023T01Deg60-eps-converted-to.pdf
 used on input line 797.
(pdftex.def)             Requested size: 298.75697pt x 212.24529pt.
Package epstopdf Info: Source file: <fig/AliceDeltaAverageB023T01Deg85.eps>
(epstopdf)                    date: 2025-02-23 10:21:27
(epstopdf)                    size: 74211 bytes
(epstopdf)             Output file: <fig/AliceDeltaAverageB023T01Deg85-eps-conv
erted-to.pdf>
(epstopdf)                    date: 2025-02-23 10:21:58
(epstopdf)                    size: 26567 bytes
(epstopdf)             Command: <epstopdf --outfile=fig/AliceDeltaAverageB023T0
1Deg85-eps-converted-to.pdf fig/AliceDeltaAverageB023T01Deg85.eps>
(epstopdf)             \includegraphics on input line 798.
Package epstopdf Info: Output file is already uptodate.

<fig/AliceDeltaAverageB023T01Deg85-eps-converted-to.pdf, id=762, 259.97125pt x 
184.69pt>
File: fig/AliceDeltaAverageB023T01Deg85-eps-converted-to.pdf Graphic file (type
 pdf)
 <use fig/AliceDeltaAverageB023T01Deg85-eps-converted-to.pdf>
Package pdftex.def Info: fig/AliceDeltaAverageB023T01Deg85-eps-converted-to.pdf
 used on input line 798.
(pdftex.def)             Requested size: 298.75697pt x 212.24529pt.
Package epstopdf Info: Source file: <fig/AliceDeltaAverageB0039T001Deg30.eps>
(epstopdf)                    date: 2024-12-12 15:21:11
(epstopdf)                    size: 63115 bytes
(epstopdf)             Output file: <fig/AliceDeltaAverageB0039T001Deg30-eps-co
nverted-to.pdf>
(epstopdf)                    date: 2024-12-12 15:21:11
(epstopdf)                    size: 22447 bytes
(epstopdf)             Command: <epstopdf --outfile=fig/AliceDeltaAverageB0039T
001Deg30-eps-converted-to.pdf fig/AliceDeltaAverageB0039T001Deg30.eps>
(epstopdf)             \includegraphics on input line 803.
Package epstopdf Info: Output file is already uptodate.

<fig/AliceDeltaAverageB0039T001Deg30-eps-converted-to.pdf, id=766, 258.9675pt x
 183.68625pt>
File: fig/AliceDeltaAverageB0039T001Deg30-eps-converted-to.pdf Graphic file (ty
pe pdf)
 <use fig/AliceDeltaAverageB0039T001Deg30-eps-converted-to.pdf>
Package pdftex.def Info: fig/AliceDeltaAverageB0039T001Deg30-eps-converted-to.p
df used on input line 803.
(pdftex.def)             Requested size: 298.75697pt x 211.93262pt.
Package epstopdf Info: Source file: <fig/AliceDeltaAverageB0039T001Deg60.eps>
(epstopdf)                    date: 2024-12-12 15:21:11
(epstopdf)                    size: 61711 bytes
(epstopdf)             Output file: <fig/AliceDeltaAverageB0039T001Deg60-eps-co
nverted-to.pdf>
(epstopdf)                    date: 2024-12-12 15:21:11
(epstopdf)                    size: 21852 bytes
(epstopdf)             Command: <epstopdf --outfile=fig/AliceDeltaAverageB0039T
001Deg60-eps-converted-to.pdf fig/AliceDeltaAverageB0039T001Deg60.eps>
(epstopdf)             \includegraphics on input line 804.
Package epstopdf Info: Output file is already uptodate.

<fig/AliceDeltaAverageB0039T001Deg60-eps-converted-to.pdf, id=768, 258.9675pt x
 183.68625pt>
File: fig/AliceDeltaAverageB0039T001Deg60-eps-converted-to.pdf Graphic file (ty
pe pdf)
 <use fig/AliceDeltaAverageB0039T001Deg60-eps-converted-to.pdf>
Package pdftex.def Info: fig/AliceDeltaAverageB0039T001Deg60-eps-converted-to.p
df used on input line 804.
(pdftex.def)             Requested size: 298.75697pt x 211.93262pt.
Package epstopdf Info: Source file: <fig/AliceDeltaAverageB0039T001Deg85.eps>
(epstopdf)                    date: 2024-12-12 15:21:11
(epstopdf)                    size: 59874 bytes
(epstopdf)             Output file: <fig/AliceDeltaAverageB0039T001Deg85-eps-co
nverted-to.pdf>
(epstopdf)                    date: 2024-12-12 15:21:11
(epstopdf)                    size: 20911 bytes
(epstopdf)             Command: <epstopdf --outfile=fig/AliceDeltaAverageB0039T
001Deg85-eps-converted-to.pdf fig/AliceDeltaAverageB0039T001Deg85.eps>
(epstopdf)             \includegraphics on input line 805.
Package epstopdf Info: Output file is already uptodate.

<fig/AliceDeltaAverageB0039T001Deg85-eps-converted-to.pdf, id=770, 258.9675pt x
 187.70125pt>
File: fig/AliceDeltaAverageB0039T001Deg85-eps-converted-to.pdf Graphic file (ty
pe pdf)
 <use fig/AliceDeltaAverageB0039T001Deg85-eps-converted-to.pdf>
Package pdftex.def Info: fig/AliceDeltaAverageB0039T001Deg85-eps-converted-to.p
df used on input line 805.
(pdftex.def)             Requested size: 298.75697pt x 216.56505pt.
Package epstopdf Info: Source file: <fig/AliceDeltaAverageB0039T01Deg30.eps>
(epstopdf)                    date: 2024-12-12 15:21:11
(epstopdf)                    size: 60933 bytes
(epstopdf)             Output file: <fig/AliceDeltaAverageB0039T01Deg30-eps-con
verted-to.pdf>
(epstopdf)                    date: 2024-12-12 15:21:11
(epstopdf)                    size: 21261 bytes
(epstopdf)             Command: <epstopdf --outfile=fig/AliceDeltaAverageB0039T
01Deg30-eps-converted-to.pdf fig/AliceDeltaAverageB0039T01Deg30.eps>
(epstopdf)             \includegraphics on input line 810.
Package epstopdf Info: Output file is already uptodate.

<fig/AliceDeltaAverageB0039T01Deg30-eps-converted-to.pdf, id=774, 258.9675pt x 
183.68625pt>
File: fig/AliceDeltaAverageB0039T01Deg30-eps-converted-to.pdf Graphic file (typ
e pdf)
 <use fig/AliceDeltaAverageB0039T01Deg30-eps-converted-to.pdf>
Package pdftex.def Info: fig/AliceDeltaAverageB0039T01Deg30-eps-converted-to.pd
f used on input line 810.
(pdftex.def)             Requested size: 298.75697pt x 211.93262pt.
Package epstopdf Info: Source file: <fig/AliceDeltaAverageB0039T01Deg60.eps>
(epstopdf)                    date: 2024-12-12 15:21:11
(epstopdf)                    size: 61166 bytes
(epstopdf)             Output file: <fig/AliceDeltaAverageB0039T01Deg60-eps-con
verted-to.pdf>
(epstopdf)                    date: 2024-12-12 15:21:11
(epstopdf)                    size: 21396 bytes
(epstopdf)             Command: <epstopdf --outfile=fig/AliceDeltaAverageB0039T
01Deg60-eps-converted-to.pdf fig/AliceDeltaAverageB0039T01Deg60.eps>
(epstopdf)             \includegraphics on input line 811.
Package epstopdf Info: Output file is already uptodate.

<fig/AliceDeltaAverageB0039T01Deg60-eps-converted-to.pdf, id=776, 258.9675pt x 
183.68625pt>
File: fig/AliceDeltaAverageB0039T01Deg60-eps-converted-to.pdf Graphic file (typ
e pdf)
 <use fig/AliceDeltaAverageB0039T01Deg60-eps-converted-to.pdf>
Package pdftex.def Info: fig/AliceDeltaAverageB0039T01Deg60-eps-converted-to.pd
f used on input line 811.
(pdftex.def)             Requested size: 298.75697pt x 211.93262pt.
Package epstopdf Info: Source file: <fig/AliceDeltaAverageB0039T01Deg85.eps>
(epstopdf)                    date: 2025-02-23 10:21:06
(epstopdf)                    size: 66992 bytes
(epstopdf)             Output file: <fig/AliceDeltaAverageB0039T01Deg85-eps-con
verted-to.pdf>
(epstopdf)                    date: 2025-02-23 10:21:59
(epstopdf)                    size: 23809 bytes
(epstopdf)             Command: <epstopdf --outfile=fig/AliceDeltaAverageB0039T
01Deg85-eps-converted-to.pdf fig/AliceDeltaAverageB0039T01Deg85.eps>
(epstopdf)             \includegraphics on input line 812.
Package epstopdf Info: Output file is already uptodate.

<fig/AliceDeltaAverageB0039T01Deg85-eps-converted-to.pdf, id=778, 258.9675pt x 
183.68625pt>
File: fig/AliceDeltaAverageB0039T01Deg85-eps-converted-to.pdf Graphic file (typ
e pdf)
 <use fig/AliceDeltaAverageB0039T01Deg85-eps-converted-to.pdf>
Package pdftex.def Info: fig/AliceDeltaAverageB0039T01Deg85-eps-converted-to.pd
f used on input line 812.
(pdftex.def)             Requested size: 298.75697pt x 211.93262pt.

[41 <D:/YarGU/Science/Dissere/MyDisser/DisserYarkov_2024/MyDisser2024/fig/Alice
DeltaAverageB023T001Deg30-eps-converted-to.pdf> <D:/YarGU/Science/Dissere/MyDis
ser/DisserYarkov_2024/MyDisser2024/fig/AliceDeltaAverageB023T001Deg60-eps-conve
rted-to.pdf> <D:/YarGU/Science/Dissere/MyDisser/DisserYarkov_2024/MyDisser2024/
fig/AliceDeltaAverageB023T001Deg85-eps-converted-to.pdf>] [42 <D:/YarGU/Science
/Dissere/MyDisser/DisserYarkov_2024/MyDisser2024/fig/AliceDeltaAverageB023T01De
g30-eps-converted-to.pdf> <D:/YarGU/Science/Dissere/MyDisser/DisserYarkov_2024/
MyDisser2024/fig/AliceDeltaAverageB023T01Deg60-eps-converted-to.pdf> <D:/YarGU/
Science/Dissere/MyDisser/DisserYarkov_2024/MyDisser2024/fig/AliceDeltaAverageB0
23T01Deg85-eps-converted-to.pdf>] [43 <D:/YarGU/Science/Dissere/MyDisser/Disser
Yarkov_2024/MyDisser2024/fig/AliceDeltaAverageB0039T001Deg30-eps-converted-to.p
df> <D:/YarGU/Science/Dissere/MyDisser/DisserYarkov_2024/MyDisser2024/fig/Alice
DeltaAverageB0039T001Deg60-eps-converted-to.pdf> <D:/YarGU/Science/Dissere/MyDi
sser/DisserYarkov_2024/MyDisser2024/fig/AliceDeltaAverageB0039T001Deg85-eps-con
verted-to.pdf>] [44 <D:/YarGU/Science/Dissere/MyDisser/DisserYarkov_2024/MyDiss
er2024/fig/AliceDeltaAverageB0039T01Deg30-eps-converted-to.pdf> <D:/YarGU/Scien
ce/Dissere/MyDisser/DisserYarkov_2024/MyDisser2024/fig/AliceDeltaAverageB0039T0
1Deg60-eps-converted-to.pdf> <D:/YarGU/Science/Dissere/MyDisser/DisserYarkov_20
24/MyDisser2024/fig/AliceDeltaAverageB0039T01Deg85-eps-converted-to.pdf>]
Package epstopdf Info: Source file: <fig/AliceDeltaManyLevelB023T01Deg30.eps>
(epstopdf)                    date: 2025-01-31 20:12:42
(epstopdf)                    size: 69741 bytes
(epstopdf)             Output file: <fig/AliceDeltaManyLevelB023T01Deg30-eps-co
nverted-to.pdf>
(epstopdf)                    date: 2025-01-31 20:15:40
(epstopdf)                    size: 24683 bytes
(epstopdf)             Command: <epstopdf --outfile=fig/AliceDeltaManyLevelB023
T01Deg30-eps-converted-to.pdf fig/AliceDeltaManyLevelB023T01Deg30.eps>
(epstopdf)             \includegraphics on input line 817.
Package epstopdf Info: Output file is already uptodate.

<fig/AliceDeltaManyLevelB023T01Deg30-eps-converted-to.pdf, id=835, 259.97125pt 
x 184.69pt>
File: fig/AliceDeltaManyLevelB023T01Deg30-eps-converted-to.pdf Graphic file (ty
pe pdf)
 <use fig/AliceDeltaManyLevelB023T01Deg30-eps-converted-to.pdf>
Package pdftex.def Info: fig/AliceDeltaManyLevelB023T01Deg30-eps-converted-to.p
df used on input line 817.
(pdftex.def)             Requested size: 298.75697pt x 212.24529pt.
Package epstopdf Info: Source file: <fig/AliceDeltaManyLevelB023T01Deg60.eps>
(epstopdf)                    date: 2025-01-31 20:13:50
(epstopdf)                    size: 71780 bytes
(epstopdf)             Output file: <fig/AliceDeltaManyLevelB023T01Deg60-eps-co
nverted-to.pdf>
(epstopdf)                    date: 2025-01-31 20:15:40
(epstopdf)                    size: 25522 bytes
(epstopdf)             Command: <epstopdf --outfile=fig/AliceDeltaManyLevelB023
T01Deg60-eps-converted-to.pdf fig/AliceDeltaManyLevelB023T01Deg60.eps>
(epstopdf)             \includegraphics on input line 818.
Package epstopdf Info: Output file is already uptodate.

<fig/AliceDeltaManyLevelB023T01Deg60-eps-converted-to.pdf, id=837, 259.97125pt 
x 184.69pt>
File: fig/AliceDeltaManyLevelB023T01Deg60-eps-converted-to.pdf Graphic file (ty
pe pdf)
 <use fig/AliceDeltaManyLevelB023T01Deg60-eps-converted-to.pdf>
Package pdftex.def Info: fig/AliceDeltaManyLevelB023T01Deg60-eps-converted-to.p
df used on input line 818.
(pdftex.def)             Requested size: 298.75697pt x 212.24529pt.
Package epstopdf Info: Source file: <fig/AliceDeltaManyLevelB023T01Deg85.eps>
(epstopdf)                    date: 2025-02-23 10:18:29
(epstopdf)                    size: 98984 bytes
(epstopdf)             Output file: <fig/AliceDeltaManyLevelB023T01Deg85-eps-co
nverted-to.pdf>
(epstopdf)                    date: 2025-02-23 10:21:59
(epstopdf)                    size: 26779 bytes
(epstopdf)             Command: <epstopdf --outfile=fig/AliceDeltaManyLevelB023
T01Deg85-eps-converted-to.pdf fig/AliceDeltaManyLevelB023T01Deg85.eps>
(epstopdf)             \includegraphics on input line 819.
Package epstopdf Info: Output file is already uptodate.

<fig/AliceDeltaManyLevelB023T01Deg85-eps-converted-to.pdf, id=839, 259.97125pt 
x 184.69pt>
File: fig/AliceDeltaManyLevelB023T01Deg85-eps-converted-to.pdf Graphic file (ty
pe pdf)
 <use fig/AliceDeltaManyLevelB023T01Deg85-eps-converted-to.pdf>
Package pdftex.def Info: fig/AliceDeltaManyLevelB023T01Deg85-eps-converted-to.p
df used on input line 819.
(pdftex.def)             Requested size: 298.75697pt x 212.24529pt.


LaTeX Warning: Float too large for page by 21.23976pt on input line 821.

Package epstopdf Info: Source file: <fig/AliceDeltaManyLevelB0023T01Deg30.eps>
(epstopdf)                    date: 2025-02-22 19:08:43
(epstopdf)                    size: 81161 bytes
(epstopdf)             Output file: <fig/AliceDeltaManyLevelB0023T01Deg30-eps-c
onverted-to.pdf>
(epstopdf)                    date: 2025-02-22 19:12:51
(epstopdf)                    size: 22033 bytes
(epstopdf)             Command: <epstopdf --outfile=fig/AliceDeltaManyLevelB002
3T01Deg30-eps-converted-to.pdf fig/AliceDeltaManyLevelB0023T01Deg30.eps>
(epstopdf)             \includegraphics on input line 824.
Package epstopdf Info: Output file is already uptodate.

<fig/AliceDeltaManyLevelB0023T01Deg30-eps-converted-to.pdf, id=843, 258.9675pt 
x 183.68625pt>
File: fig/AliceDeltaManyLevelB0023T01Deg30-eps-converted-to.pdf Graphic file (t
ype pdf)
 <use fig/AliceDeltaManyLevelB0023T01Deg30-eps-converted-to.pdf>
Package pdftex.def Info: fig/AliceDeltaManyLevelB0023T01Deg30-eps-converted-to.
pdf used on input line 824.
(pdftex.def)             Requested size: 298.75697pt x 211.93262pt.
Package epstopdf Info: Source file: <fig/AliceDeltaManyLevelB0023T01Deg60.eps>
(epstopdf)                    date: 2025-02-22 19:10:38
(epstopdf)                    size: 82826 bytes
(epstopdf)             Output file: <fig/AliceDeltaManyLevelB0023T01Deg60-eps-c
onverted-to.pdf>
(epstopdf)                    date: 2025-02-22 19:12:52
(epstopdf)                    size: 22238 bytes
(epstopdf)             Command: <epstopdf --outfile=fig/AliceDeltaManyLevelB002
3T01Deg60-eps-converted-to.pdf fig/AliceDeltaManyLevelB0023T01Deg60.eps>
(epstopdf)             \includegraphics on input line 825.
Package epstopdf Info: Output file is already uptodate.

<fig/AliceDeltaManyLevelB0023T01Deg60-eps-converted-to.pdf, id=845, 258.9675pt 
x 183.68625pt>
File: fig/AliceDeltaManyLevelB0023T01Deg60-eps-converted-to.pdf Graphic file (t
ype pdf)
 <use fig/AliceDeltaManyLevelB0023T01Deg60-eps-converted-to.pdf>
Package pdftex.def Info: fig/AliceDeltaManyLevelB0023T01Deg60-eps-converted-to.
pdf used on input line 825.
(pdftex.def)             Requested size: 298.75697pt x 211.93262pt.
Package epstopdf Info: Source file: <fig/AliceDeltaManyLevelB0023T01Deg85.eps>
(epstopdf)                    date: 2025-02-23 10:20:20
(epstopdf)                    size: 90536 bytes
(epstopdf)             Output file: <fig/AliceDeltaManyLevelB0023T01Deg85-eps-c
onverted-to.pdf>
(epstopdf)                    date: 2025-02-23 10:22:00
(epstopdf)                    size: 23816 bytes
(epstopdf)             Command: <epstopdf --outfile=fig/AliceDeltaManyLevelB002
3T01Deg85-eps-converted-to.pdf fig/AliceDeltaManyLevelB0023T01Deg85.eps>
(epstopdf)             \includegraphics on input line 826.
Package epstopdf Info: Output file is already uptodate.

<fig/AliceDeltaManyLevelB0023T01Deg85-eps-converted-to.pdf, id=847, 258.9675pt 
x 183.68625pt>
File: fig/AliceDeltaManyLevelB0023T01Deg85-eps-converted-to.pdf Graphic file (t
ype pdf)
 <use fig/AliceDeltaManyLevelB0023T01Deg85-eps-converted-to.pdf>
Package pdftex.def Info: fig/AliceDeltaManyLevelB0023T01Deg85-eps-converted-to.
pdf used on input line 826.
(pdftex.def)             Requested size: 298.75697pt x 211.93262pt.
Package epstopdf Info: Source file: <fig/CompareMushOs005MushtukovX1Ground.eps>

(epstopdf)                    date: 2024-12-12 15:21:11
(epstopdf)                    size: 32791 bytes
(epstopdf)             Output file: <fig/CompareMushOs005MushtukovX1Ground-eps-
converted-to.pdf>
(epstopdf)                    date: 2024-12-12 15:21:11
(epstopdf)                    size: 13190 bytes
(epstopdf)             Command: <epstopdf --outfile=fig/CompareMushOs005Mushtuk
ovX1Ground-eps-converted-to.pdf fig/CompareMushOs005MushtukovX1Ground.eps>
(epstopdf)             \includegraphics on input line 832.
Package epstopdf Info: Output file is already uptodate.

<fig/CompareMushOs005MushtukovX1Ground-eps-converted-to.pdf, id=851, 259.97125p
t x 187.70125pt>
File: fig/CompareMushOs005MushtukovX1Ground-eps-converted-to.pdf Graphic file (
type pdf)

<use fig/CompareMushOs005MushtukovX1Ground-eps-converted-to.pdf>
Package pdftex.def Info: fig/CompareMushOs005MushtukovX1Ground-eps-converted-to
.pdf used on input line 832.
(pdftex.def)             Requested size: 298.75697pt x 215.70583pt.
Package epstopdf Info: Source file: <fig/CompareMushOs005MushtukovX2Ground.eps>

(epstopdf)                    date: 2024-12-12 15:21:11
(epstopdf)                    size: 32519 bytes
(epstopdf)             Output file: <fig/CompareMushOs005MushtukovX2Ground-eps-
converted-to.pdf>
(epstopdf)                    date: 2024-12-12 15:21:11
(epstopdf)                    size: 13094 bytes
(epstopdf)             Command: <epstopdf --outfile=fig/CompareMushOs005Mushtuk
ovX2Ground-eps-converted-to.pdf fig/CompareMushOs005MushtukovX2Ground.eps>
(epstopdf)             \includegraphics on input line 833.
Package epstopdf Info: Output file is already uptodate.

<fig/CompareMushOs005MushtukovX2Ground-eps-converted-to.pdf, id=853, 259.97125p
t x 187.70125pt>
File: fig/CompareMushOs005MushtukovX2Ground-eps-converted-to.pdf Graphic file (
type pdf)

<use fig/CompareMushOs005MushtukovX2Ground-eps-converted-to.pdf>
Package pdftex.def Info: fig/CompareMushOs005MushtukovX2Ground-eps-converted-to
.pdf used on input line 833.
(pdftex.def)             Requested size: 298.75697pt x 215.70583pt.
Package epstopdf Info: Source file: <fig/CompareMushOs005MushtukovX3Ground.eps>

(epstopdf)                    date: 2024-12-12 15:21:11
(epstopdf)                    size: 32485 bytes
(epstopdf)             Output file: <fig/CompareMushOs005MushtukovX3Ground-eps-
converted-to.pdf>
(epstopdf)                    date: 2024-12-12 15:21:11
(epstopdf)                    size: 13009 bytes
(epstopdf)             Command: <epstopdf --outfile=fig/CompareMushOs005Mushtuk
ovX3Ground-eps-converted-to.pdf fig/CompareMushOs005MushtukovX3Ground.eps>
(epstopdf)             \includegraphics on input line 834.
Package epstopdf Info: Output file is already uptodate.

<fig/CompareMushOs005MushtukovX3Ground-eps-converted-to.pdf, id=855, 259.97125p
t x 187.70125pt>
File: fig/CompareMushOs005MushtukovX3Ground-eps-converted-to.pdf Graphic file (
type pdf)

<use fig/CompareMushOs005MushtukovX3Ground-eps-converted-to.pdf>
Package pdftex.def Info: fig/CompareMushOs005MushtukovX3Ground-eps-converted-to
.pdf used on input line 834.
(pdftex.def)             Requested size: 298.75697pt x 215.70583pt.


LaTeX Warning: Float too large for page by 14.82143pt on input line 837.

Package epstopdf Info: Source file: <fig/CompareMushOs005MushtukovO1Ground.eps>

(epstopdf)                    date: 2024-12-12 15:21:11
(epstopdf)                    size: 31535 bytes
(epstopdf)             Output file: <fig/CompareMushOs005MushtukovO1Ground-eps-
converted-to.pdf>
(epstopdf)                    date: 2024-12-12 15:21:11
(epstopdf)                    size: 12658 bytes
(epstopdf)             Command: <epstopdf --outfile=fig/CompareMushOs005Mushtuk
ovO1Ground-eps-converted-to.pdf fig/CompareMushOs005MushtukovO1Ground.eps>
(epstopdf)             \includegraphics on input line 839.
Package epstopdf Info: Output file is already uptodate.

<fig/CompareMushOs005MushtukovO1Ground-eps-converted-to.pdf, id=859, 259.97125p
t x 187.70125pt>
File: fig/CompareMushOs005MushtukovO1Ground-eps-converted-to.pdf Graphic file (
type pdf)

<use fig/CompareMushOs005MushtukovO1Ground-eps-converted-to.pdf>
Package pdftex.def Info: fig/CompareMushOs005MushtukovO1Ground-eps-converted-to
.pdf used on input line 839.
(pdftex.def)             Requested size: 298.75697pt x 215.70583pt.
Package epstopdf Info: Source file: <fig/CompareMushOs005MushtukovO2Ground.eps>

(epstopdf)                    date: 2024-12-12 15:21:11
(epstopdf)                    size: 32023 bytes
(epstopdf)             Output file: <fig/CompareMushOs005MushtukovO2Ground-eps-
converted-to.pdf>
(epstopdf)                    date: 2024-12-12 15:21:11
(epstopdf)                    size: 12858 bytes
(epstopdf)             Command: <epstopdf --outfile=fig/CompareMushOs005Mushtuk
ovO2Ground-eps-converted-to.pdf fig/CompareMushOs005MushtukovO2Ground.eps>
(epstopdf)             \includegraphics on input line 840.
Package epstopdf Info: Output file is already uptodate.

<fig/CompareMushOs005MushtukovO2Ground-eps-converted-to.pdf, id=861, 259.97125p
t x 187.70125pt>
File: fig/CompareMushOs005MushtukovO2Ground-eps-converted-to.pdf Graphic file (
type pdf)

<use fig/CompareMushOs005MushtukovO2Ground-eps-converted-to.pdf>
Package pdftex.def Info: fig/CompareMushOs005MushtukovO2Ground-eps-converted-to
.pdf used on input line 840.
(pdftex.def)             Requested size: 298.75697pt x 215.70583pt.
Package epstopdf Info: Source file: <fig/CompareMushOs005MushtukovO3Ground.eps>

(epstopdf)                    date: 2024-12-12 15:21:11
(epstopdf)                    size: 31398 bytes
(epstopdf)             Output file: <fig/CompareMushOs005MushtukovO3Ground-eps-
converted-to.pdf>
(epstopdf)                    date: 2024-12-12 15:21:11
(epstopdf)                    size: 12561 bytes
(epstopdf)             Command: <epstopdf --outfile=fig/CompareMushOs005Mushtuk
ovO3Ground-eps-converted-to.pdf fig/CompareMushOs005MushtukovO3Ground.eps>
(epstopdf)             \includegraphics on input line 841.
Package epstopdf Info: Output file is already uptodate.

<fig/CompareMushOs005MushtukovO3Ground-eps-converted-to.pdf, id=863, 259.97125p
t x 187.70125pt>
File: fig/CompareMushOs005MushtukovO3Ground-eps-converted-to.pdf Graphic file (
type pdf)

<use fig/CompareMushOs005MushtukovO3Ground-eps-converted-to.pdf>
Package pdftex.def Info: fig/CompareMushOs005MushtukovO3Ground-eps-converted-to
.pdf used on input line 841.
(pdftex.def)             Requested size: 298.75697pt x 215.70583pt.
 [45 <D:/YarGU/Science/Dissere/MyDisser/DisserYarkov_2024/MyDisser2024/fig/Alic
eDeltaManyLevelB023T01Deg30-eps-converted-to.pdf> <D:/YarGU/Science/Dissere/MyD
isser/DisserYarkov_2024/MyDisser2024/fig/AliceDeltaManyLevelB023T01Deg60-eps-co
nverted-to.pdf> <D:/YarGU/Science/Dissere/MyDisser/DisserYarkov_2024/MyDisser20
24/fig/AliceDeltaManyLevelB023T01Deg85-eps-converted-to.pdf>] [46 <D:/YarGU/Sci
ence/Dissere/MyDisser/DisserYarkov_2024/MyDisser2024/fig/AliceDeltaManyLevelB00
23T01Deg30-eps-converted-to.pdf> <D:/YarGU/Science/Dissere/MyDisser/DisserYarko
v_2024/MyDisser2024/fig/AliceDeltaManyLevelB0023T01Deg60-eps-converted-to.pdf> 
<D:/YarGU/Science/Dissere/MyDisser/DisserYarkov_2024/MyDisser2024/fig/AliceDelt
aManyLevelB0023T01Deg85-eps-converted-to.pdf>] [47 <D:/YarGU/Science/Dissere/My
Disser/DisserYarkov_2024/MyDisser2024/fig/CompareMushOs005MushtukovX1Ground-eps
-converted-to.pdf> <D:/YarGU/Science/Dissere/MyDisser/DisserYarkov_2024/MyDisse
r2024/fig/CompareMushOs005MushtukovX2Ground-eps-converted-to.pdf> <D:/YarGU/Sci
ence/Dissere/MyDisser/DisserYarkov_2024/MyDisser2024/fig/CompareMushOs005Mushtu
kovX3Ground-eps-converted-to.pdf>] [48 <D:/YarGU/Science/Dissere/MyDisser/Disse
rYarkov_2024/MyDisser2024/fig/CompareMushOs005MushtukovO1Ground-eps-converted-t
o.pdf> <D:/YarGU/Science/Dissere/MyDisser/DisserYarkov_2024/MyDisser2024/fig/Co
mpareMushOs005MushtukovO2Ground-eps-converted-to.pdf> <D:/YarGU/Science/Dissere
/MyDisser/DisserYarkov_2024/MyDisser2024/fig/CompareMushOs005MushtukovO3Ground-
eps-converted-to.pdf>] [49



]
Underfull \hbox (badness 10000) in paragraph at lines 854--855
[]\T2A/cmr/m/n/14.4 Рассмотрим теперь ситуацию сверхсильного магнитно
го поля,
 []

[50

]
Underfull \hbox (badness 5652) in paragraph at lines 877--880
\T2A/cmr/m/n/14.4 где $\OML/cmm/m/it/14.4 \OT1/cmr/m/n/14.4 (\OML/cmm/m/it/14.
4 x\OT1/cmr/m/n/14.4 )$ \T2A/cmr/m/n/14.4 -- функция Хевисайда, [], а
 []


Underfull \hbox (badness 2582) in paragraph at lines 884--885
[]\T2A/cmr/m/n/14.4 Воспользовавшись результатами работы [[]], амплиту
ды $\OMS/cmsy/m/n/14.4 M[]$
 []

[51]
Underfull \hbox (badness 10000) in paragraph at lines 915--916
[]\T2A/cmr/m/n/14.4 Парциальные коэффициенты поглощения фотона для ка
налов
 []

[52] [53pdfTeX warning (ext4): destination with the same identifier (name{equat
ion.1.64}) has been already used, duplicate ignored

\AtBegShi@Output ...ipout \box \AtBeginShipoutBox 
                                                  \fi \fi 
l.961 
      ]
Package epstopdf Info: Source file: <fig/Splot112001.eps>
(epstopdf)                    date: 2024-12-12 15:21:11
(epstopdf)                    size: 49707 bytes
(epstopdf)             Output file: <fig/Splot112001-eps-converted-to.pdf>
(epstopdf)                    date: 2024-12-12 15:21:11
(epstopdf)                    size: 18886 bytes
(epstopdf)             Command: <epstopdf --outfile=fig/Splot112001-eps-convert
ed-to.pdf fig/Splot112001.eps>
(epstopdf)             \includegraphics on input line 966.
Package epstopdf Info: Output file is already uptodate.

<fig/Splot112001-eps-converted-to.pdf, id=995, 259.97125pt x 156.585pt>
File: fig/Splot112001-eps-converted-to.pdf Graphic file (type pdf)

<use fig/Splot112001-eps-converted-to.pdf>
Package pdftex.def Info: fig/Splot112001-eps-converted-to.pdf used on input lin
e 966.
(pdftex.def)             Requested size: 398.3401pt x 239.92787pt.
Package epstopdf Info: Source file: <fig/Splot11201.eps>
(epstopdf)                    date: 2024-12-12 15:21:11
(epstopdf)                    size: 37563 bytes
(epstopdf)             Output file: <fig/Splot11201-eps-converted-to.pdf>
(epstopdf)                    date: 2024-12-12 15:21:11
(epstopdf)                    size: 14479 bytes
(epstopdf)             Command: <epstopdf --outfile=fig/Splot11201-eps-converte
d-to.pdf fig/Splot11201.eps>
(epstopdf)             \includegraphics on input line 972.
Package epstopdf Info: Output file is already uptodate.

<fig/Splot11201-eps-converted-to.pdf, id=996, 259.97125pt x 156.585pt>
File: fig/Splot11201-eps-converted-to.pdf Graphic file (type pdf)

<use fig/Splot11201-eps-converted-to.pdf>
Package pdftex.def Info: fig/Splot11201-eps-converted-to.pdf used on input line
 972.
(pdftex.def)             Requested size: 398.3401pt x 239.92787pt.
Package epstopdf Info: Source file: <fig/Splot122001.eps>
(epstopdf)                    date: 2024-12-12 15:21:11
(epstopdf)                    size: 41987 bytes
(epstopdf)             Output file: <fig/Splot122001-eps-converted-to.pdf>
(epstopdf)                    date: 2024-12-12 15:21:11
(epstopdf)                    size: 16197 bytes
(epstopdf)             Command: <epstopdf --outfile=fig/Splot122001-eps-convert
ed-to.pdf fig/Splot122001.eps>
(epstopdf)             \includegraphics on input line 978.
Package epstopdf Info: Output file is already uptodate.

<fig/Splot122001-eps-converted-to.pdf, id=999, 259.97125pt x 156.585pt>
File: fig/Splot122001-eps-converted-to.pdf Graphic file (type pdf)

<use fig/Splot122001-eps-converted-to.pdf>
Package pdftex.def Info: fig/Splot122001-eps-converted-to.pdf used on input lin
e 978.
(pdftex.def)             Requested size: 398.3401pt x 239.92787pt.
Package epstopdf Info: Source file: <fig/Splot12201.eps>
(epstopdf)                    date: 2024-12-12 15:21:11
(epstopdf)                    size: 36236 bytes
(epstopdf)             Output file: <fig/Splot12201-eps-converted-to.pdf>
(epstopdf)                    date: 2024-12-12 15:21:11
(epstopdf)                    size: 14229 bytes
(epstopdf)             Command: <epstopdf --outfile=fig/Splot12201-eps-converte
d-to.pdf fig/Splot12201.eps>
(epstopdf)             \includegraphics on input line 984.
Package epstopdf Info: Output file is already uptodate.

<fig/Splot12201-eps-converted-to.pdf, id=1002, 259.97125pt x 156.585pt>
File: fig/Splot12201-eps-converted-to.pdf Graphic file (type pdf)

<use fig/Splot12201-eps-converted-to.pdf>
Package pdftex.def Info: fig/Splot12201-eps-converted-to.pdf used on input line
 984.
(pdftex.def)             Requested size: 398.3401pt x 239.92787pt.
 [54] [55 <D:/YarGU/Science/Dissere/MyDisser/DisserYarkov_2024/MyDisser2024/fig
/Splot112001-eps-converted-to.pdf> <D:/YarGU/Science/Dissere/MyDisser/DisserYar
kov_2024/MyDisser2024/fig/Splot11201-eps-converted-to.pdf>] [56 <D:/YarGU/Scien
ce/Dissere/MyDisser/DisserYarkov_2024/MyDisser2024/fig/Splot122001-eps-converte
d-to.pdf> <D:/YarGU/Science/Dissere/MyDisser/DisserYarkov_2024/MyDisser2024/fig
/Splot12201-eps-converted-to.pdf>]
Overfull \hbox (5.60359pt too wide) in paragraph at lines 996--997
\T2A/cmr/m/n/14.4 рассеяния, полученного в результате дельта-функци
онального приближения [[]],
 []

) [57

]
(D:\YarGU\Science\Dissere\MyDisser\DisserYarkov_2024\MyDisser2024\Chapt2.tex
[58

] [59]
Package epstopdf Info: Source file: <fig/PathIntegrateMode1.eps>
(epstopdf)                    date: 2025-02-16 13:30:41
(epstopdf)                    size: 61268 bytes
(epstopdf)             Output file: <fig/PathIntegrateMode1-eps-converted-to.pd
f>
(epstopdf)                    date: 2025-02-16 13:30:52
(epstopdf)                    size: 25510 bytes
(epstopdf)             Command: <epstopdf --outfile=fig/PathIntegrateMode1-eps-
converted-to.pdf fig/PathIntegrateMode1.eps>
(epstopdf)             \includegraphics on input line 61.
Package epstopdf Info: Output file is already uptodate.

<fig/PathIntegrateMode1-eps-converted-to.pdf, id=1072, 265.99374pt x 81.30376pt
>
File: fig/PathIntegrateMode1-eps-converted-to.pdf Graphic file (type pdf)
 <use fig/PathIntegrateMode1-eps-converted-to.pdf>
Package pdftex.def Info: fig/PathIntegrateMode1-eps-converted-to.pdf used on in
put line 61.
(pdftex.def)             Requested size: 398.98962pt x 121.9553pt.
 [60] [61 <D:/YarGU/Science/Dissere/MyDisser/DisserYarkov_2024/MyDisser2024/fig
/PathIntegrateMode1-eps-converted-to.pdf>]
Package epstopdf Info: Source file: <fig/PathIntegrateMode2.eps>
(epstopdf)                    date: 2025-02-16 13:28:32
(epstopdf)                    size: 62724 bytes
(epstopdf)             Output file: <fig/PathIntegrateMode2-eps-converted-to.pd
f>
(epstopdf)                    date: 2025-02-16 13:28:53
(epstopdf)                    size: 26049 bytes
(epstopdf)             Command: <epstopdf --outfile=fig/PathIntegrateMode2-eps-
converted-to.pdf fig/PathIntegrateMode2.eps>
(epstopdf)             \includegraphics on input line 116.
Package epstopdf Info: Output file is already uptodate.

<fig/PathIntegrateMode2-eps-converted-to.pdf, id=1122, 272.01625pt x 81.30376pt
>
File: fig/PathIntegrateMode2-eps-converted-to.pdf Graphic file (type pdf)
 <use fig/PathIntegrateMode2-eps-converted-to.pdf>
Package pdftex.def Info: fig/PathIntegrateMode2-eps-converted-to.pdf used on in
put line 116.
(pdftex.def)             Requested size: 408.02336pt x 121.9553pt.

Overfull \hbox (4.70828pt too wide) in paragraph at lines 120--121
[]\T2A/cmr/m/n/14.4 Контур интегрирования $\OML/cmm/m/it/14.4 C$ \T2A/cmr/
m/n/14.4 определяется согласно аналитическим свойствам
 []

[62 <D:/YarGU/Science/Dissere/MyDisser/DisserYarkov_2024/MyDisser2024/fig/PathI
ntegrateMode2-eps-converted-to.pdf>] [63]
Package epstopdf Info: Source file: <fig/PathIntegrate2Gl.eps>
(epstopdf)                    date: 2025-02-16 13:28:34
(epstopdf)                    size: 62837 bytes
(epstopdf)             Output file: <fig/PathIntegrate2Gl-eps-converted-to.pdf>

(epstopdf)                    date: 2025-02-16 13:28:53
(epstopdf)                    size: 25942 bytes
(epstopdf)             Command: <epstopdf --outfile=fig/PathIntegrate2Gl-eps-co
nverted-to.pdf fig/PathIntegrate2Gl.eps>
(epstopdf)             \includegraphics on input line 167.
Package epstopdf Info: Output file is already uptodate.

<fig/PathIntegrate2Gl-eps-converted-to.pdf, id=1164, 193.72375pt x 78.2925pt>
File: fig/PathIntegrate2Gl-eps-converted-to.pdf Graphic file (type pdf)

<use fig/PathIntegrate2Gl-eps-converted-to.pdf>
Package pdftex.def Info: fig/PathIntegrate2Gl-eps-converted-to.pdf used on inpu
t line 167.
(pdftex.def)             Requested size: 290.5849pt x 117.43845pt.
 [64 <D:/YarGU/Science/Dissere/MyDisser/DisserYarkov_2024/MyDisser2024/fig/Path
Integrate2Gl-eps-converted-to.pdf>]
Overfull \hbox (4.14182pt too wide) detected at line 208
[][] []
 []

[65] [66pdfTeX warning (ext4): destination with the same identifier (name{equat
ion.2.25}) has been already used, duplicate ignored

\AtBegShi@Output ...ipout \box \AtBeginShipoutBox 
                                                  \fi \fi 
l.329 
      ]
Package epstopdf Info: Source file: <fig/DisperseMode2.eps>
(epstopdf)                    date: 2025-04-20 10:52:11
(epstopdf)                    size: 32556 bytes
(epstopdf)             Output file: <fig/DisperseMode2-eps-converted-to.pdf>
(epstopdf)                    date: 2025-04-20 10:57:30
(epstopdf)                    size: 13092 bytes
(epstopdf)             Command: <epstopdf --outfile=fig/DisperseMode2-eps-conve
rted-to.pdf fig/DisperseMode2.eps>
(epstopdf)             \includegraphics on input line 335.
Package epstopdf Info: Output file is already uptodate.

<fig/DisperseMode2-eps-converted-to.pdf, id=1219, 259.97125pt x 184.69pt>
File: fig/DisperseMode2-eps-converted-to.pdf Graphic file (type pdf)

<use fig/DisperseMode2-eps-converted-to.pdf>
Package pdftex.def Info: fig/DisperseMode2-eps-converted-to.pdf used on input l
ine 335.
(pdftex.def)             Requested size: 311.96393pt x 221.62686pt.
 [67 <D:/YarGU/Science/Dissere/MyDisser/DisserYarkov_2024/MyDisser2024/fig/Disp
erseMode2-eps-converted-to.pdf>]
Package epstopdf Info: Source file: <fig/DisperseMode1.eps>
(epstopdf)                    date: 2025-04-20 10:57:14
(epstopdf)                    size: 31614 bytes
(epstopdf)             Output file: <fig/DisperseMode1-eps-converted-to.pdf>
(epstopdf)                    date: 2025-04-20 10:57:31
(epstopdf)                    size: 12695 bytes
(epstopdf)             Command: <epstopdf --outfile=fig/DisperseMode1-eps-conve
rted-to.pdf fig/DisperseMode1.eps>
(epstopdf)             \includegraphics on input line 369.
Package epstopdf Info: Output file is already uptodate.

<fig/DisperseMode1-eps-converted-to.pdf, id=1234, 259.97125pt x 184.69pt>
File: fig/DisperseMode1-eps-converted-to.pdf Graphic file (type pdf)

<use fig/DisperseMode1-eps-converted-to.pdf>
Package pdftex.def Info: fig/DisperseMode1-eps-converted-to.pdf used on input l
ine 369.
(pdftex.def)             Requested size: 311.96393pt x 221.62686pt.
 [68 <D:/YarGU/Science/Dissere/MyDisser/DisserYarkov_2024/MyDisser2024/fig/Disp
erseMode1-eps-converted-to.pdf>]
Package epstopdf Info: Source file: <fig/mode2.eps>
(epstopdf)                    date: 2024-12-12 15:21:12
(epstopdf)                    size: 57408 bytes
(epstopdf)             Output file: <fig/mode2-eps-converted-to.pdf>
(epstopdf)                    date: 2024-12-12 15:21:12
(epstopdf)                    size: 17930 bytes
(epstopdf)             Command: <epstopdf --outfile=fig/mode2-eps-converted-to.
pdf fig/mode2.eps>
(epstopdf)             \includegraphics on input line 377.
Package epstopdf Info: Output file is already uptodate.

<fig/mode2-eps-converted-to.pdf, id=1248, 353.32pt x 234.8775pt>
File: fig/mode2-eps-converted-to.pdf Graphic file (type pdf)

<use fig/mode2-eps-converted-to.pdf>
Package pdftex.def Info: fig/mode2-eps-converted-to.pdf used on input line 377.

(pdftex.def)             Requested size: 282.65639pt x 187.90225pt.
 [69 <D:/YarGU/Science/Dissere/MyDisser/DisserYarkov_2024/MyDisser2024/fig/mode
2-eps-converted-to.pdf>]
Package epstopdf Info: Source file: <fig/mode1.eps>
(epstopdf)                    date: 2024-12-12 15:21:12
(epstopdf)                    size: 55006 bytes
(epstopdf)             Output file: <fig/mode1-eps-converted-to.pdf>
(epstopdf)                    date: 2024-12-12 15:21:12
(epstopdf)                    size: 45865 bytes
(epstopdf)             Command: <epstopdf --outfile=fig/mode1-eps-converted-to.
pdf fig/mode1.eps>
(epstopdf)             \includegraphics on input line 397.
Package epstopdf Info: Output file is already uptodate.

<fig/mode1-eps-converted-to.pdf, id=1268, 350.30875pt x 234.8775pt>
File: fig/mode1-eps-converted-to.pdf Graphic file (type pdf)

<use fig/mode1-eps-converted-to.pdf>
Package pdftex.def Info: fig/mode1-eps-converted-to.pdf used on input line 397.

(pdftex.def)             Requested size: 280.24738pt x 187.90225pt.
Package epstopdf Info: Source file: <fig/CompareDampAndCompton.eps>
(epstopdf)                    date: 2025-02-24 14:40:24
(epstopdf)                    size: 39659 bytes
(epstopdf)             Output file: <fig/CompareDampAndCompton-eps-converted-to
.pdf>
(epstopdf)                    date: 2025-02-24 14:40:36
(epstopdf)                    size: 15166 bytes
(epstopdf)             Command: <epstopdf --outfile=fig/CompareDampAndCompton-e
ps-converted-to.pdf fig/CompareDampAndCompton.eps>
(epstopdf)             \includegraphics on input line 404.
Package epstopdf Info: Output file is already uptodate.

<fig/CompareDampAndCompton-eps-converted-to.pdf, id=1271, 259.97125pt x 175.656
25pt>
File: fig/CompareDampAndCompton-eps-converted-to.pdf Graphic file (type pdf)
 <use fig/CompareDampAndCompton-eps-converted-to.pdf>
Package pdftex.def Info: fig/CompareDampAndCompton-eps-converted-to.pdf used on
 input line 404.
(pdftex.def)             Requested size: 337.96259pt x 228.35307pt.
Package epstopdf Info: Source file: <fig/CompareDampAndCompton2.eps>
(epstopdf)                    date: 2025-02-24 14:39:00
(epstopdf)                    size: 45696 bytes
(epstopdf)             Output file: <fig/CompareDampAndCompton2-eps-converted-t
o.pdf>
(epstopdf)                    date: 2025-02-24 14:39:20
(epstopdf)                    size: 16974 bytes
(epstopdf)             Command: <epstopdf --outfile=fig/CompareDampAndCompton2-
eps-converted-to.pdf fig/CompareDampAndCompton2.eps>
(epstopdf)             \includegraphics on input line 408.
Package epstopdf Info: Output file is already uptodate.

<fig/CompareDampAndCompton2-eps-converted-to.pdf, id=1272, 257.96375pt x 168.63
pt>
File: fig/CompareDampAndCompton2-eps-converted-to.pdf Graphic file (type pdf)
 <use fig/CompareDampAndCompton2-eps-converted-to.pdf>
Package pdftex.def Info: fig/CompareDampAndCompton2-eps-converted-to.pdf used o
n input line 408.
(pdftex.def)             Requested size: 335.35281pt x 219.21896pt.
 [70 <D:/YarGU/Science/Dissere/MyDisser/DisserYarkov_2024/MyDisser2024/fig/mode
1-eps-converted-to.pdf>] [71 <D:/YarGU/Science/Dissere/MyDisser/DisserYarkov_20
24/MyDisser2024/fig/CompareDampAndCompton-eps-converted-to.pdf> <D:/YarGU/Scien
ce/Dissere/MyDisser/DisserYarkov_2024/MyDisser2024/fig/CompareDampAndCompton2-e
ps-converted-to.pdf>]
[72

]) [73]
(D:\YarGU\Science\Dissere\MyDisser\DisserYarkov_2024\MyDisser2024\Chapt3.tex
[74

] [75] [76]
Overfull \hbox (11.36847pt too wide) detected at line 86
[][] []
 []

[77]
Underfull \hbox (badness 6944) in paragraph at lines 126--128
\T2A/cmr/m/n/14.4 Ландау, для двух возможных поляризационных состоя
ний электрона.
 []

[78] [79]
Overfull \hbox (23.36372pt too wide) in paragraph at lines 217--219
\T2A/cmr/m/n/14.4 получим следующую систему уравнений для нахождения 
коэффициентов $[][]\OT1/cmr/m/n/14.4 (\OML/cmm/m/it/14.4 s; !\OT1/cmr/m/n/
14.4 )$\T2A/cmr/m/n/14.4 : 
 []


Underfull \hbox (badness 10000) in paragraph at lines 391--391

 []

[80] [81] [82]
Underfull \hbox (badness 6001) in paragraph at lines 547--549
\T2A/cmr/m/n/14.4 которая для рассматриваемых магнитных полей и темпе
ратур имеет
 []


Underfull \hbox (badness 10000) in paragraph at lines 556--557
[]\T2A/cmr/m/n/14.4 В качестве иллюстрации выберем величины магнитн
ого
 []


Underfull \hbox (badness 3168) in paragraph at lines 559--561
\T2A/cmr/m/n/14.4 энергий фотона вносит изменение в функцию распреде
ления. Поэтому
 []

[83] [84] [85]
Package epstopdf Info: Source file: <fig/TransfMode1z5acmxAll.eps>
(epstopdf)                    date: 2025-04-13 20:59:36
(epstopdf)                    size: 56765 bytes
(epstopdf)             Output file: <fig/TransfMode1z5acmxAll-eps-converted-to.
pdf>
(epstopdf)                    date: 2025-04-14 22:08:42
(epstopdf)                    size: 19957 bytes
(epstopdf)             Command: <epstopdf --outfile=fig/TransfMode1z5acmxAll-ep
s-converted-to.pdf fig/TransfMode1z5acmxAll.eps>
(epstopdf)             \includegraphics on input line 597.
Package epstopdf Info: Output file is already uptodate.

<fig/TransfMode1z5acmxAll-eps-converted-to.pdf, id=1463, 415.5525pt x 240.9pt>
File: fig/TransfMode1z5acmxAll-eps-converted-to.pdf Graphic file (type pdf)

<use fig/TransfMode1z5acmxAll-eps-converted-to.pdf>
Package pdftex.def Info: fig/TransfMode1z5acmxAll-eps-converted-to.pdf used on 
input line 597.
(pdftex.def)             Requested size: 497.92325pt x 288.66316pt.
Package epstopdf Info: Source file: <fig/TransfMode1z10acmxAll.eps>
(epstopdf)                    date: 2025-04-14 21:21:53
(epstopdf)                    size: 56836 bytes
(epstopdf)             Output file: <fig/TransfMode1z10acmxAll-eps-converted-to
.pdf>
(epstopdf)                    date: 2025-04-14 22:08:43
(epstopdf)                    size: 20183 bytes
(epstopdf)             Command: <epstopdf --outfile=fig/TransfMode1z10acmxAll-e
ps-converted-to.pdf fig/TransfMode1z10acmxAll.eps>
(epstopdf)             \includegraphics on input line 598.
Package epstopdf Info: Output file is already uptodate.

<fig/TransfMode1z10acmxAll-eps-converted-to.pdf, id=1465, 415.5525pt x 240.9pt>
File: fig/TransfMode1z10acmxAll-eps-converted-to.pdf Graphic file (type pdf)
<use fig/TransfMode1z10acmxAll-eps-converted-to.pdf>
Package pdftex.def Info: fig/TransfMode1z10acmxAll-eps-converted-to.pdf used on
 input line 598.
(pdftex.def)             Requested size: 497.92325pt x 288.66316pt.
Package epstopdf Info: Source file: <fig/TransfMode2z5acmx0.eps>
(epstopdf)                    date: 2025-04-14 22:21:51
(epstopdf)                    size: 56521 bytes
(epstopdf)             Output file: <fig/TransfMode2z5acmx0-eps-converted-to.pd
f>
(epstopdf)                    date: 2025-04-14 22:23:46
(epstopdf)                    size: 20339 bytes
(epstopdf)             Command: <epstopdf --outfile=fig/TransfMode2z5acmx0-eps-
converted-to.pdf fig/TransfMode2z5acmx0.eps>
(epstopdf)             \includegraphics on input line 605.
Package epstopdf Info: Output file is already uptodate.

<fig/TransfMode2z5acmx0-eps-converted-to.pdf, id=1471, 415.5525pt x 240.9pt>
File: fig/TransfMode2z5acmx0-eps-converted-to.pdf Graphic file (type pdf)

<use fig/TransfMode2z5acmx0-eps-converted-to.pdf>
Package pdftex.def Info: fig/TransfMode2z5acmx0-eps-converted-to.pdf used on in
put line 605.
(pdftex.def)             Requested size: 497.92325pt x 288.66316pt.
Package epstopdf Info: Source file: <fig/TransfMode2z5acmx30.eps>
(epstopdf)                    date: 2025-04-14 22:28:44
(epstopdf)                    size: 56981 bytes
(epstopdf)             Output file: <fig/TransfMode2z5acmx30-eps-converted-to.p
df>
(epstopdf)                    date: 2025-04-14 22:29:10
(epstopdf)                    size: 20399 bytes
(epstopdf)             Command: <epstopdf --outfile=fig/TransfMode2z5acmx30-eps
-converted-to.pdf fig/TransfMode2z5acmx30.eps>
(epstopdf)             \includegraphics on input line 606.
Package epstopdf Info: Output file is already uptodate.

<fig/TransfMode2z5acmx30-eps-converted-to.pdf, id=1473, 415.5525pt x 240.9pt>
File: fig/TransfMode2z5acmx30-eps-converted-to.pdf Graphic file (type pdf)

<use fig/TransfMode2z5acmx30-eps-converted-to.pdf>
Package pdftex.def Info: fig/TransfMode2z5acmx30-eps-converted-to.pdf used on i
nput line 606.
(pdftex.def)             Requested size: 497.92325pt x 288.66316pt.
Package epstopdf Info: Source file: <fig/TransfMode2z5acmx60.eps>
(epstopdf)                    date: 2025-04-14 22:21:53
(epstopdf)                    size: 53472 bytes
(epstopdf)             Output file: <fig/TransfMode2z5acmx60-eps-converted-to.p
df>
(epstopdf)                    date: 2025-04-14 22:23:46
(epstopdf)                    size: 19132 bytes
(epstopdf)             Command: <epstopdf --outfile=fig/TransfMode2z5acmx60-eps
-converted-to.pdf fig/TransfMode2z5acmx60.eps>
(epstopdf)             \includegraphics on input line 611.
Package epstopdf Info: Output file is already uptodate.

<fig/TransfMode2z5acmx60-eps-converted-to.pdf, id=1479, 415.5525pt x 240.9pt>
File: fig/TransfMode2z5acmx60-eps-converted-to.pdf Graphic file (type pdf)

<use fig/TransfMode2z5acmx60-eps-converted-to.pdf>
Package pdftex.def Info: fig/TransfMode2z5acmx60-eps-converted-to.pdf used on i
nput line 611.
(pdftex.def)             Requested size: 497.92325pt x 288.66316pt.
Package epstopdf Info: Source file: <fig/TransfMode2z5acmx90.eps>
(epstopdf)                    date: 2025-04-14 22:21:53
(epstopdf)                    size: 55080 bytes
(epstopdf)             Output file: <fig/TransfMode2z5acmx90-eps-converted-to.p
df>
(epstopdf)                    date: 2025-04-14 22:23:47
(epstopdf)                    size: 19953 bytes
(epstopdf)             Command: <epstopdf --outfile=fig/TransfMode2z5acmx90-eps
-converted-to.pdf fig/TransfMode2z5acmx90.eps>
(epstopdf)             \includegraphics on input line 612.
Package epstopdf Info: Output file is already uptodate.

<fig/TransfMode2z5acmx90-eps-converted-to.pdf, id=1481, 415.5525pt x 240.9pt>
File: fig/TransfMode2z5acmx90-eps-converted-to.pdf Graphic file (type pdf)

<use fig/TransfMode2z5acmx90-eps-converted-to.pdf>
Package pdftex.def Info: fig/TransfMode2z5acmx90-eps-converted-to.pdf used on i
nput line 612.
(pdftex.def)             Requested size: 497.92325pt x 288.66316pt.
Package epstopdf Info: Source file: <fig/TransfMode2z10acmx0.eps>
(epstopdf)                    date: 2025-04-14 21:52:08
(epstopdf)                    size: 60499 bytes
(epstopdf)             Output file: <fig/TransfMode2z10acmx0-eps-converted-to.p
df>
(epstopdf)                    date: 2025-04-14 22:10:01
(epstopdf)                    size: 21769 bytes
(epstopdf)             Command: <epstopdf --outfile=fig/TransfMode2z10acmx0-eps
-converted-to.pdf fig/TransfMode2z10acmx0.eps>
(epstopdf)             \includegraphics on input line 617.
Package epstopdf Info: Output file is already uptodate.

<fig/TransfMode2z10acmx0-eps-converted-to.pdf, id=1487, 415.5525pt x 240.9pt>
File: fig/TransfMode2z10acmx0-eps-converted-to.pdf Graphic file (type pdf)

<use fig/TransfMode2z10acmx0-eps-converted-to.pdf>
Package pdftex.def Info: fig/TransfMode2z10acmx0-eps-converted-to.pdf used on i
nput line 617.
(pdftex.def)             Requested size: 497.92325pt x 288.66316pt.
Package epstopdf Info: Source file: <fig/TransfMode2z10acmx30.eps>
(epstopdf)                    date: 2025-04-14 21:52:56
(epstopdf)                    size: 58360 bytes
(epstopdf)             Output file: <fig/TransfMode2z10acmx30-eps-converted-to.
pdf>
(epstopdf)                    date: 2025-04-14 22:10:02
(epstopdf)                    size: 21054 bytes
(epstopdf)             Command: <epstopdf --outfile=fig/TransfMode2z10acmx30-ep
s-converted-to.pdf fig/TransfMode2z10acmx30.eps>
(epstopdf)             \includegraphics on input line 618.
Package epstopdf Info: Output file is already uptodate.

<fig/TransfMode2z10acmx30-eps-converted-to.pdf, id=1489, 415.5525pt x 240.9pt>
File: fig/TransfMode2z10acmx30-eps-converted-to.pdf Graphic file (type pdf)

<use fig/TransfMode2z10acmx30-eps-converted-to.pdf>
Package pdftex.def Info: fig/TransfMode2z10acmx30-eps-converted-to.pdf used on 
input line 618.
(pdftex.def)             Requested size: 497.92325pt x 288.66316pt.
Package epstopdf Info: Source file: <fig/TransfMode2z10acmx60.eps>
(epstopdf)                    date: 2025-04-14 21:53:31
(epstopdf)                    size: 67891 bytes
(epstopdf)             Output file: <fig/TransfMode2z10acmx60-eps-converted-to.
pdf>
(epstopdf)                    date: 2025-04-14 22:10:03
(epstopdf)                    size: 23824 bytes
(epstopdf)             Command: <epstopdf --outfile=fig/TransfMode2z10acmx60-ep
s-converted-to.pdf fig/TransfMode2z10acmx60.eps>
(epstopdf)             \includegraphics on input line 623.
Package epstopdf Info: Output file is already uptodate.

<fig/TransfMode2z10acmx60-eps-converted-to.pdf, id=1495, 415.5525pt x 240.9pt>
File: fig/TransfMode2z10acmx60-eps-converted-to.pdf Graphic file (type pdf)

<use fig/TransfMode2z10acmx60-eps-converted-to.pdf>
Package pdftex.def Info: fig/TransfMode2z10acmx60-eps-converted-to.pdf used on 
input line 623.
(pdftex.def)             Requested size: 497.92325pt x 288.66316pt.
Package epstopdf Info: Source file: <fig/TransfMode2z10acmx90.eps>
(epstopdf)                    date: 2025-04-14 21:54:40
(epstopdf)                    size: 63791 bytes
(epstopdf)             Output file: <fig/TransfMode2z10acmx90-eps-converted-to.
pdf>
(epstopdf)                    date: 2025-04-14 22:10:04
(epstopdf)                    size: 23023 bytes
(epstopdf)             Command: <epstopdf --outfile=fig/TransfMode2z10acmx90-ep
s-converted-to.pdf fig/TransfMode2z10acmx90.eps>
(epstopdf)             \includegraphics on input line 624.
Package epstopdf Info: Output file is already uptodate.

<fig/TransfMode2z10acmx90-eps-converted-to.pdf, id=1497, 415.5525pt x 240.9pt>
File: fig/TransfMode2z10acmx90-eps-converted-to.pdf Graphic file (type pdf)

<use fig/TransfMode2z10acmx90-eps-converted-to.pdf>
Package pdftex.def Info: fig/TransfMode2z10acmx90-eps-converted-to.pdf used on 
input line 624.
(pdftex.def)             Requested size: 497.92325pt x 288.66316pt.
 [86 <D:/YarGU/Science/Dissere/MyDisser/DisserYarkov_2024/MyDisser2024/fig/Tran
sfMode1z5acmxAll-eps-converted-to.pdf> <D:/YarGU/Science/Dissere/MyDisser/Disse
rYarkov_2024/MyDisser2024/fig/TransfMode1z10acmxAll-eps-converted-to.pdf>] [87 
<D:/YarGU/Science/Dissere/MyDisser/DisserYarkov_2024/MyDisser2024/fig/TransfMod
e2z5acmx0-eps-converted-to.pdf> <D:/YarGU/Science/Dissere/MyDisser/DisserYarkov
_2024/MyDisser2024/fig/TransfMode2z5acmx30-eps-converted-to.pdf>] [88 <D:/YarGU
/Science/Dissere/MyDisser/DisserYarkov_2024/MyDisser2024/fig/TransfMode2z5acmx6
0-eps-converted-to.pdf> <D:/YarGU/Science/Dissere/MyDisser/DisserYarkov_2024/My
Disser2024/fig/TransfMode2z5acmx90-eps-converted-to.pdf>] [89 <D:/YarGU/Science
/Dissere/MyDisser/DisserYarkov_2024/MyDisser2024/fig/TransfMode2z10acmx0-eps-co
nverted-to.pdf> <D:/YarGU/Science/Dissere/MyDisser/DisserYarkov_2024/MyDisser20
24/fig/TransfMode2z10acmx30-eps-converted-to.pdf>] [90 <D:/YarGU/Science/Disser
e/MyDisser/DisserYarkov_2024/MyDisser2024/fig/TransfMode2z10acmx60-eps-converte
d-to.pdf> <D:/YarGU/Science/Dissere/MyDisser/DisserYarkov_2024/MyDisser2024/fig
/TransfMode2z10acmx90-eps-converted-to.pdf>])
(D:\YarGU\Science\Dissere\MyDisser\DisserYarkov_2024\MyDisser2024\concl.tex
[91

]
Overfull \hbox (10.97958pt too wide) in paragraph at lines 15--16
[]\T2A/cmr/m/n/14.4 Впервые получено решение кинетического уравнени
я для нахождения функ
 []

[92

])
(D:\YarGU\Science\Dissere\MyDisser\DisserYarkov_2024\MyDisser2024\App1.tex
[93]
Overfull \hbox (1.20026pt too wide) in paragraph at lines 12--13
[]\T2A/cmr/m/n/14.4 Решения уравнения ([][]А.1[][]) имеют достаточно гро
моздкий вид. Поэтому удоб
 []

[94

] [95])
(D:\YarGU\Science\Dissere\MyDisser\DisserYarkov_2024\MyDisser2024\App2.tex
[96]

Package hyperref Warning: Token not allowed in a PDF string (Unicode):
(hyperref)                removing `math shift' on input line 1.


Package hyperref Warning: Token not allowed in a PDF string (Unicode):
(hyperref)                removing `superscript' on input line 1.


Package hyperref Warning: Token not allowed in a PDF string (Unicode):
(hyperref)                removing `subscript' on input line 1.


Package hyperref Warning: Token not allowed in a PDF string (Unicode):
(hyperref)                removing `math shift' on input line 1.

[97

] [98])
(D:\YarGU\Science\Dissere\MyDisser\DisserYarkov_2024\MyDisser2024\App3.tex
[99] [100

] [101]
Overfull \hbox (4.37819pt too wide) in paragraph at lines 194--197
[]\T2A/cmr/m/n/14.4 Соответствующие собственные значения в приближениях
 $\OML/cmm/m/it/14.4 O\OT1/cmr/m/n/14.4 (1\OML/cmm/m/it/14.4 =[]\OT1/cmr/m/n/1
4.4 )$ \T2A/cmr/m/n/14.4 для $\OMS/cmsy/m/n/14.4 P[]$
 []

[102]
Package epstopdf Info: Source file: <fig/fig2_1.eps>
(epstopdf)                    date: 2024-12-12 15:21:12
(epstopdf)                    size: 176422 bytes
(epstopdf)             Output file: <fig/fig2_1-eps-converted-to.pdf>
(epstopdf)                    date: 2024-12-12 15:21:12
(epstopdf)                    size: 42188 bytes
(epstopdf)             Command: <epstopdf --outfile=fig/fig2_1-eps-converted-to
.pdf fig/fig2_1.eps>
(epstopdf)             \includegraphics on input line 254.
Package epstopdf Info: Output file is already uptodate.
 <fig/fig2_1-eps-converted-to.pdf, id=1703, 286.06876pt x 180.675pt>
File: fig/fig2_1-eps-converted-to.pdf Graphic file (type pdf)

<use fig/fig2_1-eps-converted-to.pdf>
Package pdftex.def Info: fig/fig2_1-eps-converted-to.pdf used on input line 254
.
(pdftex.def)             Requested size: 426.79134pt x 269.55618pt.
 [103] [104 <D:/YarGU/Science/Dissere/MyDisser/DisserYarkov_2024/MyDisser2024/f
ig/fig2_1-eps-converted-to.pdf>]
Package epstopdf Info: Source file: <fig/fig2_2.eps>
(epstopdf)                    date: 2024-12-12 15:21:12
(epstopdf)                    size: 120935 bytes
(epstopdf)             Output file: <fig/fig2_2-eps-converted-to.pdf>
(epstopdf)                    date: 2024-12-12 15:21:12
(epstopdf)                    size: 27809 bytes
(epstopdf)             Command: <epstopdf --outfile=fig/fig2_2-eps-converted-to
.pdf fig/fig2_2.eps>
(epstopdf)             \includegraphics on input line 293.
Package epstopdf Info: Output file is already uptodate.

<fig/fig2_2-eps-converted-to.pdf, id=1750, 286.06876pt x 180.675pt>
File: fig/fig2_2-eps-converted-to.pdf Graphic file (type pdf)

<use fig/fig2_2-eps-converted-to.pdf>
Package pdftex.def Info: fig/fig2_2-eps-converted-to.pdf used on input line 293
.
(pdftex.def)             Requested size: 426.79134pt x 269.55618pt.
 [105 <D:/YarGU/Science/Dissere/MyDisser/DisserYarkov_2024/MyDisser2024/fig/fig
2_2-eps-converted-to.pdf>])
No file thesis.nls.
(D:\YarGU\Science\Dissere\MyDisser\DisserYarkov_2024\MyDisser2024\thesis.bbl
[106] [107

] [108] [109] [110] [111] [112] [113] [114] [115] [116] [117]
[118] [119])
Package atveryend Info: Empty hook `BeforeClearDocument' on input line 199.
 [120]
Package atveryend Info: Empty hook `AfterLastShipout' on input line 199.

(D:\YarGU\Science\Dissere\MyDisser\DisserYarkov_2024\MyDisser2024\thesis.aux)
Package atveryend Info: Executing hook `AtVeryEndDocument' on input line 199.
Package atveryend Info: Executing hook `AtEndAfterFileList' on input line 199.
Package rerunfilecheck Info: File `thesis.out' has not changed.
(rerunfilecheck)             Checksum: 6E8D5299EEBBA8BFE6BFF4DC3DD3F37D;8280.


LaTeX Warning: There were multiply-defined labels.

 ) 
Here is how much of TeX's memory you used:
 12879 strings out of 494045
 195709 string characters out of 3145973
 323821 words of memory out of 3000000
 15278 multiletter control sequences out of 15000+200000
 31353 words of font info for 94 fonts, out of 3000000 for 9000
 715 hyphenation exceptions out of 8191
 43i,15n,40p,5061b,1098s stack positions out of 5000i,500n,10000p,200000b,50000s
{C:/Program Files (x86)/MiKTeX 2.9/fonts/enc/dvips/cm-super/cm-super-t2a.enc}
<C:/Program Files (x86)/MiKTeX 2.9/fonts/type1/public/amsfonts/cm/cmbsy10.pfb><
C:/Program Files (x86)/MiKTeX 2.9/fonts/type1/public/amsfonts/cm/cmbx10.pfb><C:
/Program Files (x86)/MiKTeX 2.9/fonts/type1/public/amsfonts/cm/cmbx12.pfb><C:/P
rogram Files (x86)/MiKTeX 2.9/fonts/type1/public/amsfonts/cm/cmex10.pfb><C:/Pro
gram Files (x86)/MiKTeX 2.9/fonts/type1/public/amsfonts/cm/cmmi10.pfb><C:/Progr
am Files (x86)/MiKTeX 2.9/fonts/type1/public/amsfonts/cm/cmmi12.pfb><C:/Program
 Files (x86)/MiKTeX 2.9/fonts/type1/public/amsfonts/cm/cmmi7.pfb><C:/Program Fi
les (x86)/MiKTeX 2.9/fonts/type1/public/amsfonts/cm/cmmi8.pfb><C:/Program Files
 (x86)/MiKTeX 2.9/fonts/type1/public/amsfonts/cm/cmmib10.pfb><C:/Program Files 
(x86)/MiKTeX 2.9/fonts/type1/public/amsfonts/cm/cmr10.pfb><C:/Program Files (x8
6)/MiKTeX 2.9/fonts/type1/public/amsfonts/cm/cmr12.pfb><C:/Program Files (x86)/
MiKTeX 2.9/fonts/type1/public/amsfonts/cm/cmr5.pfb><C:/Program Files (x86)/MiKT
eX 2.9/fonts/type1/public/amsfonts/cm/cmr7.pfb><C:/Program Files (x86)/MiKTeX 2
.9/fonts/type1/public/amsfonts/cm/cmr8.pfb><C:/Program Files (x86)/MiKTeX 2.9/f
onts/type1/public/amsfonts/cm/cmsy10.pfb><C:/Program Files (x86)/MiKTeX 2.9/fon
ts/type1/public/amsfonts/cm/cmsy5.pfb><C:/Program Files (x86)/MiKTeX 2.9/fonts/
type1/public/amsfonts/cm/cmsy6.pfb><C:/Program Files (x86)/MiKTeX 2.9/fonts/typ
e1/public/amsfonts/cm/cmsy7.pfb><C:/Program Files (x86)/MiKTeX 2.9/fonts/type1/
public/amsfonts/cm/cmsy8.pfb><C:/Program Files (x86)/MiKTeX 2.9/fonts/type1/pub
lic/amsfonts/cm/cmti12.pfb><C:/Program Files (x86)/MiKTeX 2.9/fonts/type1/publi
c/amsfonts/euler/euex10.pfb><C:/Program Files (x86)/MiKTeX 2.9/fonts/type1/publ
ic/amsfonts/symbols/msam10.pfb><C:/Program Files (x86)/MiKTeX 2.9/fonts/type1/p
ublic/amsfonts/symbols/msbm10.pfb><C:/Program Files (x86)/MiKTeX 2.9/fonts/type
1/public/cm-super/sfbx1440.pfb><C:/Program Files (x86)/MiKTeX 2.9/fonts/type1/p
ublic/cm-super/sfbx1728.pfb><C:/Program Files (x86)/MiKTeX 2.9/fonts/type1/publ
ic/cm-super/sfbx2074.pfb><C:/Program Files (x86)/MiKTeX 2.9/fonts/type1/public/
cm-super/sfrm0700.pfb><C:/Program Files (x86)/MiKTeX 2.9/fonts/type1/public/cm-
super/sfrm0800.pfb><C:/Program Files (x86)/MiKTeX 2.9/fonts/type1/public/cm-sup
er/sfrm1000.pfb><C:/Program Files (x86)/MiKTeX 2.9/fonts/type1/public/cm-super/
sfrm1200.pfb><C:/Program Files (x86)/MiKTeX 2.9/fonts/type1/public/cm-super/sfr
m1440.pfb><C:/Program Files (x86)/MiKTeX 2.9/fonts/type1/public/cm-super/sfrm17
28.pfb><C:/Program Files (x86)/MiKTeX 2.9/fonts/type1/public/cm-super/sfrm2074.
pfb><C:/Program Files (x86)/MiKTeX 2.9/fonts/type1/public/cm-super/sfti1440.pfb
>
Output written on thesis.pdf (120 pages, 1992459 bytes).
PDF statistics:
 2074 PDF objects out of 2487 (max. 8388607)
 534 named destinations out of 1000 (max. 500000)
 658 words of extra memory for PDF output out of 10000 (max. 10000000)

