This is pdfTeX, Version 3.14159265-2.6-1.40.20 (MiKTeX 2.9.7000 64-bit) (preloaded format=pdflatex 2019.5.13)  21 MAY 2019 09:36
entering extended mode
**./chapt3.tex
(chapt3.tex
LaTeX2e <2018-12-01>
("C:\Miktex 2.9\tex/latex/base\article.cls"
Document Class: article 2018/09/03 v1.4i Standard LaTeX document class
("C:\Miktex 2.9\tex/latex/base\size12.clo"
File: size12.clo 2018/09/03 v1.4i Standard LaTeX file (size option)
)
\c@part=\count80
\c@section=\count81
\c@subsection=\count82
\c@subsubsection=\count83
\c@paragraph=\count84
\c@subparagraph=\count85
\c@figure=\count86
\c@table=\count87
\abovecaptionskip=\skip41
\belowcaptionskip=\skip42
\bibindent=\dimen102
) (cite.sty
Package: cite 1995/03/17  v 3.5x
)
("C:\Miktex 2.9\tex/latex/tools\indentfirst.sty"
Package: indentfirst 1995/11/23 v1.03 Indent first paragraph (DPC)
)
("C:\Miktex 2.9\tex/latex/amsfonts\amssymb.sty"
Package: amssymb 2013/01/14 v3.01 AMS font symbols

("C:\Miktex 2.9\tex/latex/amsfonts\amsfonts.sty"
Package: amsfonts 2013/01/14 v3.01 Basic AMSFonts support
\@emptytoks=\toks14
\symAMSa=\mathgroup4
\symAMSb=\mathgroup5
LaTeX Font Info:    Overwriting math alphabet `\mathfrak' in version `bold'
(Font)                  U/euf/m/n --> U/euf/b/n on input line 106.
))
("C:\Miktex 2.9\tex/latex/amsmath\amsmath.sty"
Package: amsmath 2018/12/01 v2.17b AMS math features
\@mathmargin=\skip43

For additional information on amsmath, use the `?' option.
("C:\Miktex 2.9\tex/latex/amsmath\amstext.sty"
Package: amstext 2000/06/29 v2.01 AMS text

("C:\Miktex 2.9\tex/latex/amsmath\amsgen.sty"
File: amsgen.sty 1999/11/30 v2.0 generic functions
\@emptytoks=\toks15
\ex@=\dimen103
))
("C:\Miktex 2.9\tex/latex/amsmath\amsbsy.sty"
Package: amsbsy 1999/11/29 v1.2d Bold Symbols
\pmbraise@=\dimen104
)
("C:\Miktex 2.9\tex/latex/amsmath\amsopn.sty"
Package: amsopn 2016/03/08 v2.02 operator names
)
\inf@bad=\count88
LaTeX Info: Redefining \frac on input line 223.
\uproot@=\count89
\leftroot@=\count90
LaTeX Info: Redefining \overline on input line 385.
\classnum@=\count91
\DOTSCASE@=\count92
LaTeX Info: Redefining \ldots on input line 482.
LaTeX Info: Redefining \dots on input line 485.
LaTeX Info: Redefining \cdots on input line 606.
\Mathstrutbox@=\box27
\strutbox@=\box28
\big@size=\dimen105
LaTeX Font Info:    Redeclaring font encoding OML on input line 729.
LaTeX Font Info:    Redeclaring font encoding OMS on input line 730.
\macc@depth=\count93
\c@MaxMatrixCols=\count94
\dotsspace@=\muskip10
\c@parentequation=\count95
\dspbrk@lvl=\count96
\tag@help=\toks16
\row@=\count97
\column@=\count98
\maxfields@=\count99
\andhelp@=\toks17
\eqnshift@=\dimen106
\alignsep@=\dimen107
\tagshift@=\dimen108
\tagwidth@=\dimen109
\totwidth@=\dimen110
\lineht@=\dimen111
\@envbody=\toks18
\multlinegap=\skip44
\multlinetaggap=\skip45
\mathdisplay@stack=\toks19
LaTeX Info: Redefining \[ on input line 2844.
LaTeX Info: Redefining \] on input line 2845.
)
("C:\Miktex 2.9\tex/latex/graphics\epsfig.sty"
Package: epsfig 2017/06/25 v1.7b (e)psfig emulation (SPQR)

("C:\Miktex 2.9\tex/latex/graphics\graphicx.sty"
Package: graphicx 2017/06/01 v1.1a Enhanced LaTeX Graphics (DPC,SPQR)

("C:\Miktex 2.9\tex/latex/graphics\keyval.sty"
Package: keyval 2014/10/28 v1.15 key=value parser (DPC)
\KV@toks@=\toks20
)
("C:\Miktex 2.9\tex/latex/graphics\graphics.sty"
Package: graphics 2017/06/25 v1.2c Standard LaTeX Graphics (DPC,SPQR)

("C:\Miktex 2.9\tex/latex/graphics\trig.sty"
Package: trig 2016/01/03 v1.10 sin cos tan (DPC)
)
("C:\Miktex 2.9\tex/latex/graphics-cfg\graphics.cfg"
File: graphics.cfg 2016/06/04 v1.11 sample graphics configuration
)
Package graphics Info: Driver file: dvips.def on input line 99.

("C:\Miktex 2.9\tex/latex/graphics-def\dvips.def"
File: dvips.def 2017/06/20 v3.1d Graphics/color driver for dvips
))
\Gin@req@height=\dimen112
\Gin@req@width=\dimen113
)
\epsfxsize=\dimen114
\epsfysize=\dimen115
)
(C:\Users\User\AppData\Roaming\MiKTeX\2.9\tex/latex/epsf\epsf.sty
This is `epsf.tex' v2.7.4 <14 February 2011>
\epsffilein=\read1
\epsfframemargin=\dimen116
\epsfframethickness=\dimen117
\epsfrsize=\dimen118
\epsftmp=\dimen119
\epsftsize=\dimen120
\epsfxsize=\dimen121
\epsfysize=\dimen122
\pspoints=\dimen123
) (doctor.sty) ("C:\Miktex 2.9\tex/latex/base\inputenc.sty"
Package: inputenc 2018/08/11 v1.3c Input encoding file
\inpenc@prehook=\toks21
\inpenc@posthook=\toks22

("C:\Miktex 2.9\tex/latex/cyrillic\cp866.def"
File: cp866.def 2014/10/28 v1.0d Input encoding file
))
("C:\Miktex 2.9\tex/generic/babel\babel.sty"
Package: babel 2019/05/04 3.31 The Babel package

("C:\Miktex 2.9\tex/generic/babel\switch.def"
File: switch.def 2019/05/04 3.31 Babel switching mechanism
)
*************************************
* Local config file bblopts.cfg used
*
(C:\Users\User\AppData\Roaming\MiKTeX\2.9\tex/latex/arabi\bblopts.cfg
File: bblopts.cfg 2005/09/08 v0.1 add Arabic and Farsi to "declared" options of
 babel
)
("C:\Miktex 2.9\tex/latex/babel-english\english.ldf"
Language: english 2017/06/06 v3.3r English support from the babel system

("C:\Miktex 2.9\tex/generic/babel\babel.def"
File: babel.def 2019/05/04 3.31 Babel common definitions
\babel@savecnt=\count100
\U@D=\dimen124

("C:\Miktex 2.9\tex/generic/babel\txtbabel.def")
\bbl@dirlevel=\count101
)
\l@canadian = a dialect from \language\l@american 
\l@australian = a dialect from \language\l@british 
\l@newzealand = a dialect from \language\l@british 
)
(C:\Users\User\AppData\Roaming\MiKTeX\2.9\tex/latex/babel-russian\russianb.ldf
Language: russian 2017/08/12 1.3j Russian support for the Babel system


Package babel Warning: No Cyrillic font encoding has been loaded so far.
(babel)                A font encoding should be declared before babel.
(babel)                Default `T2A' encoding will be loaded  on input line 74.


("C:\Miktex 2.9\tex/latex/cyrillic\t2aenc.def"
File: t2aenc.def 2005/09/27 v1.0i Cyrillic encoding definition file
Now handling font encoding T2A ...
... processing UTF-8 mapping file for font encoding T2A

("C:\Miktex 2.9\tex/latex/base\t2aenc.dfu"
File: t2aenc.dfu 2018/10/05 v1.2f UTF-8 support for inputenc
   defining Unicode char U+00A4 (decimal 164)
   defining Unicode char U+00A7 (decimal 167)
   defining Unicode char U+00AB (decimal 171)
   defining Unicode char U+00BB (decimal 187)
   defining Unicode char U+0131 (decimal 305)
   defining Unicode char U+0237 (decimal 567)
   defining Unicode char U+0400 (decimal 1024)
   defining Unicode char U+0401 (decimal 1025)
   defining Unicode char U+0402 (decimal 1026)
   defining Unicode char U+0403 (decimal 1027)
   defining Unicode char U+0404 (decimal 1028)
   defining Unicode char U+0405 (decimal 1029)
   defining Unicode char U+0406 (decimal 1030)
   defining Unicode char U+0407 (decimal 1031)
   defining Unicode char U+0408 (decimal 1032)
   defining Unicode char U+0409 (decimal 1033)
   defining Unicode char U+040A (decimal 1034)
   defining Unicode char U+040B (decimal 1035)
   defining Unicode char U+040C (decimal 1036)
   defining Unicode char U+040D (decimal 1037)
   defining Unicode char U+040E (decimal 1038)
   defining Unicode char U+040F (decimal 1039)
   defining Unicode char U+0410 (decimal 1040)
   defining Unicode char U+0411 (decimal 1041)
   defining Unicode char U+0412 (decimal 1042)
   defining Unicode char U+0413 (decimal 1043)
   defining Unicode char U+0414 (decimal 1044)
   defining Unicode char U+0415 (decimal 1045)
   defining Unicode char U+0416 (decimal 1046)
   defining Unicode char U+0417 (decimal 1047)
   defining Unicode char U+0418 (decimal 1048)
   defining Unicode char U+0419 (decimal 1049)
   defining Unicode char U+041A (decimal 1050)
   defining Unicode char U+041B (decimal 1051)
   defining Unicode char U+041C (decimal 1052)
   defining Unicode char U+041D (decimal 1053)
   defining Unicode char U+041E (decimal 1054)
   defining Unicode char U+041F (decimal 1055)
   defining Unicode char U+0420 (decimal 1056)
   defining Unicode char U+0421 (decimal 1057)
   defining Unicode char U+0422 (decimal 1058)
   defining Unicode char U+0423 (decimal 1059)
   defining Unicode char U+0424 (decimal 1060)
   defining Unicode char U+0425 (decimal 1061)
   defining Unicode char U+0426 (decimal 1062)
   defining Unicode char U+0427 (decimal 1063)
   defining Unicode char U+0428 (decimal 1064)
   defining Unicode char U+0429 (decimal 1065)
   defining Unicode char U+042A (decimal 1066)
   defining Unicode char U+042B (decimal 1067)
   defining Unicode char U+042C (decimal 1068)
   defining Unicode char U+042D (decimal 1069)
   defining Unicode char U+042E (decimal 1070)
   defining Unicode char U+042F (decimal 1071)
   defining Unicode char U+0430 (decimal 1072)
   defining Unicode char U+0431 (decimal 1073)
   defining Unicode char U+0432 (decimal 1074)
   defining Unicode char U+0433 (decimal 1075)
   defining Unicode char U+0434 (decimal 1076)
   defining Unicode char U+0435 (decimal 1077)
   defining Unicode char U+0436 (decimal 1078)
   defining Unicode char U+0437 (decimal 1079)
   defining Unicode char U+0438 (decimal 1080)
   defining Unicode char U+0439 (decimal 1081)
   defining Unicode char U+043A (decimal 1082)
   defining Unicode char U+043B (decimal 1083)
   defining Unicode char U+043C (decimal 1084)
   defining Unicode char U+043D (decimal 1085)
   defining Unicode char U+043E (decimal 1086)
   defining Unicode char U+043F (decimal 1087)
   defining Unicode char U+0440 (decimal 1088)
   defining Unicode char U+0441 (decimal 1089)
   defining Unicode char U+0442 (decimal 1090)
   defining Unicode char U+0443 (decimal 1091)
   defining Unicode char U+0444 (decimal 1092)
   defining Unicode char U+0445 (decimal 1093)
   defining Unicode char U+0446 (decimal 1094)
   defining Unicode char U+0447 (decimal 1095)
   defining Unicode char U+0448 (decimal 1096)
   defining Unicode char U+0449 (decimal 1097)
   defining Unicode char U+044A (decimal 1098)
   defining Unicode char U+044B (decimal 1099)
   defining Unicode char U+044C (decimal 1100)
   defining Unicode char U+044D (decimal 1101)
   defining Unicode char U+044E (decimal 1102)
   defining Unicode char U+044F (decimal 1103)
   defining Unicode char U+0450 (decimal 1104)
   defining Unicode char U+0451 (decimal 1105)
   defining Unicode char U+0452 (decimal 1106)
   defining Unicode char U+0453 (decimal 1107)
   defining Unicode char U+0454 (decimal 1108)
   defining Unicode char U+0455 (decimal 1109)
   defining Unicode char U+0456 (decimal 1110)
   defining Unicode char U+0457 (decimal 1111)
   defining Unicode char U+0458 (decimal 1112)
   defining Unicode char U+0459 (decimal 1113)
   defining Unicode char U+045A (decimal 1114)
   defining Unicode char U+045B (decimal 1115)
   defining Unicode char U+045C (decimal 1116)
   defining Unicode char U+045D (decimal 1117)
   defining Unicode char U+045E (decimal 1118)
   defining Unicode char U+045F (decimal 1119)
   defining Unicode char U+0490 (decimal 1168)
   defining Unicode char U+0491 (decimal 1169)
   defining Unicode char U+0492 (decimal 1170)
   defining Unicode char U+0493 (decimal 1171)
   defining Unicode char U+0496 (decimal 1174)
   defining Unicode char U+0497 (decimal 1175)
   defining Unicode char U+0498 (decimal 1176)
   defining Unicode char U+0499 (decimal 1177)
   defining Unicode char U+049A (decimal 1178)
   defining Unicode char U+049B (decimal 1179)
   defining Unicode char U+049C (decimal 1180)
   defining Unicode char U+049D (decimal 1181)
   defining Unicode char U+04A0 (decimal 1184)
   defining Unicode char U+04A1 (decimal 1185)
   defining Unicode char U+04A2 (decimal 1186)
   defining Unicode char U+04A3 (decimal 1187)
   defining Unicode char U+04A4 (decimal 1188)
   defining Unicode char U+04A5 (decimal 1189)
   defining Unicode char U+04AA (decimal 1194)
   defining Unicode char U+04AB (decimal 1195)
   defining Unicode char U+04AE (decimal 1198)
   defining Unicode char U+04AF (decimal 1199)
   defining Unicode char U+04B0 (decimal 1200)
   defining Unicode char U+04B1 (decimal 1201)
   defining Unicode char U+04B2 (decimal 1202)
   defining Unicode char U+04B3 (decimal 1203)
   defining Unicode char U+04B6 (decimal 1206)
   defining Unicode char U+04B7 (decimal 1207)
   defining Unicode char U+04B8 (decimal 1208)
   defining Unicode char U+04B9 (decimal 1209)
   defining Unicode char U+04BA (decimal 1210)
   defining Unicode char U+04BB (decimal 1211)
   defining Unicode char U+04C0 (decimal 1216)
   defining Unicode char U+04C1 (decimal 1217)
   defining Unicode char U+04C2 (decimal 1218)
   defining Unicode char U+04D0 (decimal 1232)
   defining Unicode char U+04D1 (decimal 1233)
   defining Unicode char U+04D2 (decimal 1234)
   defining Unicode char U+04D3 (decimal 1235)
   defining Unicode char U+04D4 (decimal 1236)
   defining Unicode char U+04D5 (decimal 1237)
   defining Unicode char U+04D6 (decimal 1238)
   defining Unicode char U+04D7 (decimal 1239)
   defining Unicode char U+04D8 (decimal 1240)
   defining Unicode char U+04D9 (decimal 1241)
   defining Unicode char U+04DA (decimal 1242)
   defining Unicode char U+04DB (decimal 1243)
   defining Unicode char U+04DC (decimal 1244)
   defining Unicode char U+04DD (decimal 1245)
   defining Unicode char U+04DE (decimal 1246)
   defining Unicode char U+04DF (decimal 1247)
   defining Unicode char U+04E2 (decimal 1250)
   defining Unicode char U+04E3 (decimal 1251)
   defining Unicode char U+04E4 (decimal 1252)
   defining Unicode char U+04E5 (decimal 1253)
   defining Unicode char U+04E6 (decimal 1254)
   defining Unicode char U+04E7 (decimal 1255)
   defining Unicode char U+04E8 (decimal 1256)
   defining Unicode char U+04E9 (decimal 1257)
   defining Unicode char U+04EC (decimal 1260)
   defining Unicode char U+04ED (decimal 1261)
   defining Unicode char U+04EE (decimal 1262)
   defining Unicode char U+04EF (decimal 1263)
   defining Unicode char U+04F0 (decimal 1264)
   defining Unicode char U+04F1 (decimal 1265)
   defining Unicode char U+04F2 (decimal 1266)
   defining Unicode char U+04F3 (decimal 1267)
   defining Unicode char U+04F4 (decimal 1268)
   defining Unicode char U+04F5 (decimal 1269)
   defining Unicode char U+04F8 (decimal 1272)
   defining Unicode char U+04F9 (decimal 1273)
   defining Unicode char U+200C (decimal 8204)
   defining Unicode char U+2013 (decimal 8211)
   defining Unicode char U+2014 (decimal 8212)
   defining Unicode char U+2018 (decimal 8216)
   defining Unicode char U+2019 (decimal 8217)
   defining Unicode char U+201C (decimal 8220)
   defining Unicode char U+201D (decimal 8221)
   defining Unicode char U+201E (decimal 8222)
   defining Unicode char U+2030 (decimal 8240)
   defining Unicode char U+2031 (decimal 8241)
   defining Unicode char U+2116 (decimal 8470)
   defining Unicode char U+2329 (decimal 9001)
   defining Unicode char U+232A (decimal 9002)
   defining Unicode char U+2423 (decimal 9251)
))
Package babel Info: Making " an active character on input line 120.
Package babel Info: Default for \cyrdash is provided on input line 157.
)) (chapt3.aux
LaTeX Font Info:    Try loading font information for T2A+cmr on input line 8.

("C:\Miktex 2.9\tex/latex/cyrillic\t2acmr.fd"
File: t2acmr.fd 2001/08/11 v1.0a Computer Modern Cyrillic font definitions
)

LaTeX Warning: Label `eq:ginv' multiply defined.

)
\openout1 = `chapt3.aux'.

LaTeX Font Info:    Checking defaults for OML/cmm/m/it on input line 42.
LaTeX Font Info:    ... okay on input line 42.
LaTeX Font Info:    Checking defaults for T1/cmr/m/n on input line 42.
LaTeX Font Info:    ... okay on input line 42.
LaTeX Font Info:    Checking defaults for OT1/cmr/m/n on input line 42.
LaTeX Font Info:    ... okay on input line 42.
LaTeX Font Info:    Checking defaults for OMS/cmsy/m/n on input line 42.
LaTeX Font Info:    ... okay on input line 42.
LaTeX Font Info:    Checking defaults for OMX/cmex/m/n on input line 42.
LaTeX Font Info:    ... okay on input line 42.
LaTeX Font Info:    Checking defaults for U/cmr/m/n on input line 42.
LaTeX Font Info:    ... okay on input line 42.
LaTeX Font Info:    Checking defaults for T2A/cmr/m/n on input line 42.
LaTeX Font Info:    ... okay on input line 42.


! Package inputenc Error: Keyboard character used is undefined
(inputenc)                in inputencoding `cp866'.

See the inputenc package documentation for explanation.
Type  H <return>  for immediate help.
 ...                                              
                                                  
l.46 ...Ґ­ЁҐ д®в®­  ў бЁ«м­® § ¬ Ј­ЁзҐ­­®© Ї« §¬Ґ}
                                                  
? 
LaTeX Font Info:    Try loading font information for U+msa on input line 56.
("C:\Miktex 2.9\tex/latex/amsfonts\umsa.fd"
File: umsa.fd 2013/01/14 v3.01 AMS symbols A
)
LaTeX Font Info:    Try loading font information for U+msb on input line 56.

("C:\Miktex 2.9\tex/latex/amsfonts\umsb.fd"
File: umsb.fd 2013/01/14 v3.01 AMS symbols B
) [73
Non-PDF special ignored!
<special> papersize=614.295pt,794.96999pt
{C:/Users/User/AppData/Local/MiKTeX/2.9/pdftex/config/pdftex.map}

] [74]
[75]
Overfull \hbox (5.65096pt too wide) in paragraph at lines 179--190
\T2A/cmr/m/n/14.4 ций. По-лу-че-ны ана-ли-ти-че-ские вы-ра-же-ния для ве-ро-ят-
но-стей ка-на-лов $\OML/cmm/m/it/14.4 [] \OMS/cmsy/m/n/14.4 !
 []

[76]
File: fig1.eps Graphic file (type eps)
 <fig1.eps> [77
Non-PDF special ignored!
<special> PSfile="fig1.eps" llx=190 lly=624 urx=410 ury=710 rwi=2860 clip
]
File: fig2.eps Graphic file (type eps)
 <fig2.eps> [78
Non-PDF special ignored!
<special> PSfile="fig2.eps" llx=168 lly=610 urx=445 ury=708 rwi=3601 clip
] [79]
Overfull \hbox (5.05559pt too wide) in alignment at lines 368--383
 [][][] []
 []

[80] [81] [82] [83]
Overfull \hbox (1.72581pt too wide) in paragraph at lines 672--684
[]\T2A/cmr/m/n/14.4 Поскольку рас-се-я-ние $\OML/cmm/m/it/14.4 e[] \OMS/cmsy/m
/n/14.4 ! \OML/cmm/m/it/14.4 e[]$ \T2A/cmr/m/n/14.4 про-ис-хо-дит без пе-ре-д
а-чи 4-импульса
 []

[84] [85]
Overfull \hbox (17.38474pt too wide) in paragraph at lines 869--871
[]\T2A/cmr/m/n/14.4 Полученное вы-ра-же-ние для ам-пли-ту-ды яв-но калибровочно
-инвариантно,
 []

[86] [87]
Overfull \hbox (4.32944pt too wide) in paragraph at lines 954--959
\T2A/cmr/m/n/14.4 можно по-лу-чить так-же ин-ду-ци-ро-ван-ный плаз-мой в маг-ни
т-ном по-ле вклад
 []

[88]
File: pic5.eps Graphic file (type eps)
 <pic5.eps> [89
Non-PDF special ignored!
<special> PSfile="pic5.eps" llx=124 lly=601 urx=573 ury=699 rwi=4490 
] [90] [91]
Overfull \hbox (10.12943pt too wide) in paragraph at lines 1200--1205
[]\T2A/cmr/m/n/14.4 Пропагатор фо-то-на с уче-том по-ля-ри-за-ции в маг-нит-ном
 по-ле и зарядово-
 []

[92]
File: fig3.eps Graphic file (type eps)
 <fig3.eps>
File: fig31.eps Graphic file (type eps)
 <fig31.eps> [93] [94
Non-PDF special ignored!
<special> PSfile="fig3.eps" llx=172 lly=540 urx=450 ury=722 rwi=3892 clip
] [95
Non-PDF special ignored!
<special> PSfile="fig31.eps" llx=168 lly=536 urx=453 ury=721 rwi=3990 clip
]
File: fig4.eps Graphic file (type eps)
 <fig4.eps>
File: fig5.eps Graphic file (type eps)
 <fig5.eps>
File: ggg04.eps Graphic file (type eps)
 <ggg04.eps> [96] [97
Non-PDF special ignored!
<special> PSfile="fig4.eps" llx=174 lly=558 urx=444 ury=715 rwi=4050 clip
] [98
Non-PDF special ignored!
<special> PSfile="fig5.eps" llx=174 lly=557 urx=443 ury=718 rwi=4035 clip
]
File: fig6.eps Graphic file (type eps)
 <fig6.eps>
File: fig7.eps Graphic file (type eps)
 <fig7.eps>
File: fig8.eps Graphic file (type eps)
 <fig8.eps> [99
Non-PDF special ignored!
<special> PSfile="ggg04.eps" llx=164 lly=540 urx=444 ury=714 rwi=4200 clip
] [100
Non-PDF special ignored!
<special> PSfile="fig6.eps" llx=164 lly=534 urx=449 ury=717 rwi=4275 clip
] [101
Non-PDF special ignored!
<special> PSfile="fig7.eps" llx=164 lly=526 urx=449 ury=714 rwi=4275 clip
] [102
Non-PDF special ignored!
<special> PSfile="fig8.eps" llx=164 lly=542 urx=444 ury=718 rwi=4200 clip
] [103] (ref.tex [118] [119]
Underfull \hbox (badness 1616) in paragraph at lines 103--107
[]\T2A/cmr/m/n/14.4 Loskutov Yu.M., Skobelev V.V. Nonlinear electrodynamics in 
a
 []

[120]
Underfull \hbox (badness 1142) in paragraph at lines 160--164
[]\T2A/cmr/m/n/14.4 Кузнецов А.В., Ми-хе-ев Н.В. Ней-трин-ное рож-де-ние электр
он--
 []


Underfull \hbox (badness 2119) in paragraph at lines 171--177
[]\T2A/cmr/m/n/14.4 Kuznetsov A.V., Mikheev N.V., Rumyantsev D.A. Lepton pair
 []

[121] [122]
Underfull \hbox (badness 2229) in paragraph at lines 250--254
[]\T2A/cmr/m/n/14.4 Ioannisian A.N., Raffelt G.G. Cherenkov radiation by massle
ss
 []

[123] [124] [125]
Underfull \hbox (badness 4254) in paragraph at lines 388--393
[]\T2A/cmr/m/n/14.4 Dicus D.A., Repko W.W. Photon - neutrino interactions //
 []

[126]
Underfull \hbox (badness 1454) in paragraph at lines 444--449
[]\T2A/cmr/m/n/14.4 Adler S.L., Schubert C. Photon splitting in a strong magnet
ic
 []

[127] [128]
Underfull \hbox (badness 2573) in paragraph at lines 539--543
[]\T2A/cmr/m/n/14.4 Gies H. QED effective action at finite temperature: Two-loo
p
 []

[129] [130]
Underfull \hbox (badness 1275) in paragraph at lines 637--645
\T2A/cmr/m/n/14.4 Moscow: Institute for Nuclear Research of Russian Academy of
 []

[131]
Underfull \hbox (badness 1024) in paragraph at lines 713--718
\T2A/cmr/m/n/14.4 electrodynamics. Photon propagation and photon splitting in a
n
 []

[132]
Underfull \hbox (badness 1789) in paragraph at lines 746--750
[]\T2A/cmr/m/n/14.4 Schwinger J. On gauge invariance and vacuum polarization //

 []


Underfull \hbox (badness 1997) in paragraph at lines 756--760
[]\T2A/cmr/m/n/14.4 Melrose D.B., Stoneham R.J. Vacuum polarization and photon
 []

) [133] (chapt3.aux)

LaTeX Warning: There were multiply-defined labels.

 ) 
Here is how much of TeX's memory you used:
 3124 strings out of 492895
 36145 string characters out of 3139978
 122605 words of memory out of 3000000
 6976 multiletter control sequences out of 15000+200000
 20238 words of font info for 61 fonts, out of 3000000 for 9000
 1141 hyphenation exceptions out of 8191
 32i,14n,27p,4249b,275s stack positions out of 5000i,500n,10000p,200000b,50000s
 <C:\Users\User\AppData\Local\MiKTeX\2.9\fonts/pk/ljfour/lh/lh-t2a/dpi600\lab
x1440.pk> <C:\Users\User\AppData\Local\MiKTeX\2.9\fonts/pk/ljfour/lh/lh-t2a/dpi
600\lati1440.pk> <C:\Users\User\AppData\Local\MiKTeX\2.9\fonts/pk/ljfour/lh/lh-
t2a/dpi600\labx1728.pk> <C:\Users\User\AppData\Local\MiKTeX\2.9\fonts/pk/ljfour
/lh/lh-t2a/dpi600\larm1440.pk> <C:\Users\User\AppData\Local\MiKTeX\2.9\fonts/pk
/ljfour/lh/lh-t2a/dpi600\larm1200.pk><C:/Miktex 2.9/fonts/type1/public/amsfonts
/cm/cmbx12.pfb><C:/Miktex 2.9/fonts/type1/public/amsfonts/cm/cmex10.pfb><C:/Mik
tex 2.9/fonts/type1/public/amsfonts/cm/cmmi10.pfb><C:/Miktex 2.9/fonts/type1/pu
blic/amsfonts/cm/cmmi12.pfb><C:/Miktex 2.9/fonts/type1/public/amsfonts/cm/cmmi7
.pfb><C:/Miktex 2.9/fonts/type1/public/amsfonts/cm/cmmi8.pfb><C:/Miktex 2.9/fon
ts/type1/public/amsfonts/cm/cmr10.pfb><C:/Miktex 2.9/fonts/type1/public/amsfont
s/cm/cmr12.pfb><C:/Miktex 2.9/fonts/type1/public/amsfonts/cm/cmr7.pfb><C:/Mikte
x 2.9/fonts/type1/public/amsfonts/cm/cmr8.pfb><C:/Miktex 2.9/fonts/type1/public
/amsfonts/cm/cmsy10.pfb><C:/Miktex 2.9/fonts/type1/public/amsfonts/cm/cmsy6.pfb
><C:/Miktex 2.9/fonts/type1/public/amsfonts/cm/cmsy7.pfb><C:/Miktex 2.9/fonts/t
ype1/public/amsfonts/symbols/msam10.pfb>
Output written on chapt3.pdf (47 pages, 366685 bytes).
PDF statistics:
 503 PDF objects out of 1000 (max. 8388607)
 0 named destinations out of 1000 (max. 500000)
 1 words of extra memory for PDF output out of 10000 (max. 10000000)

